{"/Users/mac/w/coding-for-kids/py-lang/lib/PC.esm.js": {"path":"/Users/mac/w/coding-for-kids/py-lang/lib/PC.esm.js","statementMap":{"0":{"start":{"line":1,"column":22},"end":{"line":1,"column":81}},"1":{"start":{"line":1,"column":63},"end":{"line":1,"column":81}},"2":{"start":{"line":1,"column":96},"end":{"line":1,"column":145}},"3":{"start":{"line":1,"column":146},"end":{"line":1,"column":407}},"4":{"start":{"line":1,"column":159},"end":{"line":1,"column":394}},"5":{"start":{"line":1,"column":413},"end":{"line":1,"column":726}},"6":{"start":{"line":1,"column":729},"end":{"line":1,"column":888}},"7":{"start":{"line":1,"column":891},"end":{"line":1,"column":1153}},"8":{"start":{"line":1,"column":1168},"end":{"line":1,"column":1210}},"9":{"start":{"line":1,"column":1225},"end":{"line":1,"column":1244}},"10":{"start":{"line":1,"column":1259},"end":{"line":1,"column":1279}},"11":{"start":{"line":1,"column":1294},"end":{"line":1,"column":1315}},"12":{"start":{"line":1,"column":1324},"end":{"line":1,"column":1442}},"13":{"start":{"line":1,"column":1335},"end":{"line":1,"column":1431}},"14":{"start":{"line":1,"column":1345},"end":{"line":1,"column":1349}},"15":{"start":{"line":1,"column":1352},"end":{"line":1,"column":1353}},"16":{"start":{"line":1,"column":1356},"end":{"line":1,"column":1370}},"17":{"start":{"line":1,"column":1393},"end":{"line":1,"column":1397}},"18":{"start":{"line":1,"column":1398},"end":{"line":1,"column":1430}},"19":{"start":{"line":1,"column":1431},"end":{"line":1,"column":1439}},"20":{"start":{"line":1,"column":1445},"end":{"line":1,"column":1515}},"21":{"start":{"line":1,"column":1459},"end":{"line":1,"column":1514}},"22":{"start":{"line":1,"column":1516},"end":{"line":1,"column":1655}},"23":{"start":{"line":1,"column":1529},"end":{"line":1,"column":1642}},"24":{"start":{"line":1,"column":1661},"end":{"line":1,"column":3133}},"25":{"start":{"line":1,"column":1689},"end":{"line":1,"column":1714}},"26":{"start":{"line":1,"column":1715},"end":{"line":1,"column":3129}},"27":{"start":{"line":1,"column":1760},"end":{"line":1,"column":1762}},"28":{"start":{"line":1,"column":1763},"end":{"line":1,"column":1851}},"29":{"start":{"line":1,"column":1857},"end":{"line":1,"column":1880}},"30":{"start":{"line":1,"column":1881},"end":{"line":1,"column":1908}},"31":{"start":{"line":1,"column":1945},"end":{"line":1,"column":2022}},"32":{"start":{"line":1,"column":2062},"end":{"line":1,"column":2143}},"33":{"start":{"line":1,"column":2185},"end":{"line":1,"column":2265}},"34":{"start":{"line":1,"column":2298},"end":{"line":1,"column":2402}},"35":{"start":{"line":1,"column":2433},"end":{"line":1,"column":2486}},"36":{"start":{"line":1,"column":2466},"end":{"line":1,"column":2483}},"37":{"start":{"line":1,"column":2525},"end":{"line":1,"column":2527}},"38":{"start":{"line":1,"column":2528},"end":{"line":1,"column":2615}},"39":{"start":{"line":1,"column":2568},"end":{"line":1,"column":2610}},"40":{"start":{"line":1,"column":2591},"end":{"line":1,"column":2607}},"41":{"start":{"line":1,"column":2656},"end":{"line":1,"column":2660}},"42":{"start":{"line":1,"column":2663},"end":{"line":1,"column":2665}},"43":{"start":{"line":1,"column":2666},"end":{"line":1,"column":2871}},"44":{"start":{"line":1,"column":2706},"end":{"line":1,"column":2866}},"45":{"start":{"line":1,"column":2735},"end":{"line":1,"column":2762}},"46":{"start":{"line":1,"column":2765},"end":{"line":1,"column":2853}},"47":{"start":{"line":1,"column":2854},"end":{"line":1,"column":2863}},"48":{"start":{"line":1,"column":2903},"end":{"line":1,"column":2934}},"49":{"start":{"line":1,"column":2984},"end":{"line":1,"column":2986}},"50":{"start":{"line":1,"column":2987},"end":{"line":1,"column":3118}},"51":{"start":{"line":1,"column":3012},"end":{"line":1,"column":3021}},"52":{"start":{"line":1,"column":3021},"end":{"line":1,"column":3027}},"53":{"start":{"line":1,"column":3046},"end":{"line":1,"column":3055}},"54":{"start":{"line":1,"column":3055},"end":{"line":1,"column":3061}},"55":{"start":{"line":1,"column":3079},"end":{"line":1,"column":3088}},"56":{"start":{"line":1,"column":3088},"end":{"line":1,"column":3094}},"57":{"start":{"line":1,"column":3109},"end":{"line":1,"column":3117}},"58":{"start":{"line":1,"column":3118},"end":{"line":1,"column":3126}},"59":{"start":{"line":1,"column":3148},"end":{"line":1,"column":3221}},"60":{"start":{"line":1,"column":3160},"end":{"line":1,"column":3168}},"61":{"start":{"line":1,"column":3216},"end":{"line":1,"column":3221}},"62":{"start":{"line":1,"column":3227},"end":{"line":1,"column":3263}},"63":{"start":{"line":1,"column":3264},"end":{"line":1,"column":3326}},"64":{"start":{"line":1,"column":3335},"end":{"line":1,"column":3426}},"65":{"start":{"line":1,"column":3429},"end":{"line":1,"column":3456}},"66":{"start":{"line":1,"column":3477},"end":{"line":1,"column":3485}},"67":{"start":{"line":1,"column":3488},"end":{"line":1,"column":3503}},"68":{"start":{"line":1,"column":3506},"end":{"line":1,"column":3523}},"69":{"start":{"line":1,"column":3526},"end":{"line":1,"column":3528}},"70":{"start":{"line":1,"column":3529},"end":{"line":1,"column":4106}},"71":{"start":{"line":1,"column":3546},"end":{"line":1,"column":3556}},"72":{"start":{"line":1,"column":3556},"end":{"line":1,"column":3620}},"73":{"start":{"line":1,"column":3566},"end":{"line":1,"column":3570}},"74":{"start":{"line":1,"column":3596},"end":{"line":1,"column":3620}},"75":{"start":{"line":1,"column":3620},"end":{"line":1,"column":3752}},"76":{"start":{"line":1,"column":3632},"end":{"line":1,"column":3648}},"77":{"start":{"line":1,"column":3649},"end":{"line":1,"column":3711}},"78":{"start":{"line":1,"column":3717},"end":{"line":1,"column":3752}},"79":{"start":{"line":1,"column":3758},"end":{"line":1,"column":3954}},"80":{"start":{"line":1,"column":3768},"end":{"line":1,"column":3770}},"81":{"start":{"line":1,"column":3773},"end":{"line":1,"column":3775}},"82":{"start":{"line":1,"column":3778},"end":{"line":1,"column":3780}},"83":{"start":{"line":1,"column":3790},"end":{"line":1,"column":3816}},"84":{"start":{"line":1,"column":3817},"end":{"line":1,"column":3923}},"85":{"start":{"line":1,"column":3837},"end":{"line":1,"column":3918}},"86":{"start":{"line":1,"column":3856},"end":{"line":1,"column":3918}},"87":{"start":{"line":1,"column":3872},"end":{"line":1,"column":3898}},"88":{"start":{"line":1,"column":3892},"end":{"line":1,"column":3898}},"89":{"start":{"line":1,"column":3898},"end":{"line":1,"column":3907}},"90":{"start":{"line":1,"column":3913},"end":{"line":1,"column":3918}},"91":{"start":{"line":1,"column":3923},"end":{"line":1,"column":3953}},"92":{"start":{"line":1,"column":3954},"end":{"line":1,"column":4105}},"93":{"start":{"line":1,"column":4000},"end":{"line":1,"column":4025}},"94":{"start":{"line":1,"column":4030},"end":{"line":1,"column":4046}},"95":{"start":{"line":1,"column":4046},"end":{"line":1,"column":4104}},"96":{"start":{"line":1,"column":4121},"end":{"line":1,"column":5372}},"97":{"start":{"line":1,"column":4142},"end":{"line":1,"column":4150}},"98":{"start":{"line":1,"column":4153},"end":{"line":1,"column":4179}},"99":{"start":{"line":1,"column":4180},"end":{"line":1,"column":4185}},"100":{"start":{"line":1,"column":4191},"end":{"line":1,"column":4193}},"101":{"start":{"line":1,"column":4194},"end":{"line":1,"column":4275}},"102":{"start":{"line":1,"column":4281},"end":{"line":1,"column":4312}},"103":{"start":{"line":1,"column":4315},"end":{"line":1,"column":4317}},"104":{"start":{"line":1,"column":4318},"end":{"line":1,"column":5343}},"105":{"start":{"line":1,"column":4332},"end":{"line":1,"column":4358}},"106":{"start":{"line":1,"column":4359},"end":{"line":1,"column":5342}},"107":{"start":{"line":1,"column":4373},"end":{"line":1,"column":4385}},"108":{"start":{"line":1,"column":4379},"end":{"line":1,"column":4385}},"109":{"start":{"line":1,"column":4385},"end":{"line":1,"column":4468}},"110":{"start":{"line":1,"column":4452},"end":{"line":1,"column":4462}},"111":{"start":{"line":1,"column":4462},"end":{"line":1,"column":4467}},"112":{"start":{"line":1,"column":4468},"end":{"line":1,"column":4521}},"113":{"start":{"line":1,"column":4527},"end":{"line":1,"column":5342}},"114":{"start":{"line":1,"column":4543},"end":{"line":1,"column":4569}},"115":{"start":{"line":1,"column":4570},"end":{"line":1,"column":5196}},"116":{"start":{"line":1,"column":4644},"end":{"line":1,"column":4716}},"117":{"start":{"line":1,"column":4721},"end":{"line":1,"column":5196}},"118":{"start":{"line":1,"column":4733},"end":{"line":1,"column":4790}},"119":{"start":{"line":1,"column":4795},"end":{"line":1,"column":5196}},"120":{"start":{"line":1,"column":4803},"end":{"line":1,"column":4869}},"121":{"start":{"line":1,"column":4874},"end":{"line":1,"column":5196}},"122":{"start":{"line":1,"column":4886},"end":{"line":1,"column":5175}},"123":{"start":{"line":1,"column":4907},"end":{"line":1,"column":4968}},"124":{"start":{"line":1,"column":4979},"end":{"line":1,"column":4989}},"125":{"start":{"line":1,"column":4992},"end":{"line":1,"column":5021}},"126":{"start":{"line":1,"column":5022},"end":{"line":1,"column":5040}},"127":{"start":{"line":1,"column":5046},"end":{"line":1,"column":5060}},"128":{"start":{"line":1,"column":5061},"end":{"line":1,"column":5174}},"129":{"start":{"line":1,"column":5179},"end":{"line":1,"column":5196}},"130":{"start":{"line":1,"column":5202},"end":{"line":1,"column":5247}},"131":{"start":{"line":1,"column":5215},"end":{"line":1,"column":5241}},"132":{"start":{"line":1,"column":5241},"end":{"line":1,"column":5246}},"133":{"start":{"line":1,"column":5247},"end":{"line":1,"column":5293}},"134":{"start":{"line":1,"column":5260},"end":{"line":1,"column":5287}},"135":{"start":{"line":1,"column":5287},"end":{"line":1,"column":5292}},"136":{"start":{"line":1,"column":5293},"end":{"line":1,"column":5341}},"137":{"start":{"line":1,"column":5343},"end":{"line":1,"column":5365}},"138":{"start":{"line":1,"column":5387},"end":{"line":1,"column":5542}},"139":{"start":{"line":1,"column":5405},"end":{"line":1,"column":5414}},"140":{"start":{"line":1,"column":5422},"end":{"line":1,"column":5431}},"141":{"start":{"line":1,"column":5440},"end":{"line":1,"column":5450}},"142":{"start":{"line":1,"column":5459},"end":{"line":1,"column":5469}},"143":{"start":{"line":1,"column":5478},"end":{"line":1,"column":5488}},"144":{"start":{"line":1,"column":5497},"end":{"line":1,"column":5506}},"145":{"start":{"line":1,"column":5515},"end":{"line":1,"column":5525}},"146":{"start":{"line":1,"column":5533},"end":{"line":1,"column":5541}},"147":{"start":{"line":1,"column":5557},"end":{"line":1,"column":5596}},"148":{"start":{"line":1,"column":5611},"end":{"line":1,"column":5689}},"149":{"start":{"line":1,"column":5621},"end":{"line":1,"column":5629}},"150":{"start":{"line":1,"column":5685},"end":{"line":1,"column":5689}},"151":{"start":{"line":1,"column":5710},"end":{"line":1,"column":5718}},"152":{"start":{"line":1,"column":5719},"end":{"line":1,"column":5724}},"153":{"start":{"line":1,"column":5730},"end":{"line":1,"column":5756}},"154":{"start":{"line":1,"column":5757},"end":{"line":1,"column":5857}},"155":{"start":{"line":1,"column":5878},"end":{"line":1,"column":5886}},"156":{"start":{"line":1,"column":5887},"end":{"line":1,"column":5996}},"157":{"start":{"line":1,"column":6011},"end":{"line":1,"column":6115}},"158":{"start":{"line":1,"column":6021},"end":{"line":1,"column":6029}},"159":{"start":{"line":1,"column":6032},"end":{"line":1,"column":6036}},"160":{"start":{"line":1,"column":6039},"end":{"line":1,"column":6040}},"161":{"start":{"line":1,"column":6050},"end":{"line":1,"column":6076}},"162":{"start":{"line":1,"column":6077},"end":{"line":1,"column":6098}},"163":{"start":{"line":1,"column":6092},"end":{"line":1,"column":6098}},"164":{"start":{"line":1,"column":6098},"end":{"line":1,"column":6114}},"165":{"start":{"line":1,"column":6115},"end":{"line":1,"column":6160}},"166":{"start":{"line":1,"column":6181},"end":{"line":1,"column":6189}},"167":{"start":{"line":1,"column":6192},"end":{"line":1,"column":6218}},"168":{"start":{"line":1,"column":6219},"end":{"line":1,"column":6227}},"169":{"start":{"line":1,"column":6233},"end":{"line":1,"column":6259}},"170":{"start":{"line":1,"column":6260},"end":{"line":1,"column":6327}},"171":{"start":{"line":1,"column":6294},"end":{"line":1,"column":6323}},"172":{"start":{"line":1,"column":6348},"end":{"line":1,"column":6356}},"173":{"start":{"line":1,"column":6357},"end":{"line":1,"column":6413}},"174":{"start":{"line":1,"column":6434},"end":{"line":1,"column":6442}},"175":{"start":{"line":1,"column":6445},"end":{"line":1,"column":6467}},"176":{"start":{"line":1,"column":6468},"end":{"line":1,"column":6512}},"177":{"start":{"line":1,"column":6527},"end":{"line":1,"column":6559}},"178":{"start":{"line":1,"column":6574},"end":{"line":1,"column":6600}},"179":{"start":{"line":1,"column":6621},"end":{"line":1,"column":6629}},"180":{"start":{"line":1,"column":6632},"end":{"line":1,"column":6654}},"181":{"start":{"line":1,"column":6655},"end":{"line":1,"column":6673}},"182":{"start":{"line":1,"column":6673},"end":{"line":1,"column":6771}},"183":{"start":{"line":1,"column":6683},"end":{"line":1,"column":6685}},"184":{"start":{"line":1,"column":6688},"end":{"line":1,"column":6692}},"185":{"start":{"line":1,"column":6695},"end":{"line":1,"column":6696}},"186":{"start":{"line":1,"column":6699},"end":{"line":1,"column":6713}},"187":{"start":{"line":1,"column":6736},"end":{"line":1,"column":6740}},"188":{"start":{"line":1,"column":6741},"end":{"line":1,"column":6770}},"189":{"start":{"line":1,"column":6771},"end":{"line":1,"column":6980}},"190":{"start":{"line":1,"column":6798},"end":{"line":1,"column":6808}},"191":{"start":{"line":1,"column":6811},"end":{"line":1,"column":6819}},"192":{"start":{"line":1,"column":6822},"end":{"line":1,"column":6851}},"193":{"start":{"line":1,"column":6852},"end":{"line":1,"column":6961}},"194":{"start":{"line":1,"column":6880},"end":{"line":1,"column":6909}},"195":{"start":{"line":1,"column":6910},"end":{"line":1,"column":6960}},"196":{"start":{"line":1,"column":6961},"end":{"line":1,"column":6967}},"197":{"start":{"line":1,"column":6997},"end":{"line":1,"column":7015}},"198":{"start":{"line":1,"column":7016},"end":{"line":1,"column":7121}},"199":{"start":{"line":1,"column":7029},"end":{"line":1,"column":7108}},"200":{"start":{"line":1,"column":7127},"end":{"line":1,"column":7133}},"201":{"start":{"line":1,"column":7136},"end":{"line":1,"column":7650}},"202":{"start":{"line":1,"column":7161},"end":{"line":1,"column":7647}},"203":{"start":{"line":1,"column":7187},"end":{"line":1,"column":7245}},"204":{"start":{"line":1,"column":7197},"end":{"line":1,"column":7199}},"205":{"start":{"line":1,"column":7202},"end":{"line":1,"column":7203}},"206":{"start":{"line":1,"column":7227},"end":{"line":1,"column":7245}},"207":{"start":{"line":1,"column":7245},"end":{"line":1,"column":7287}},"208":{"start":{"line":1,"column":7307},"end":{"line":1,"column":7365}},"209":{"start":{"line":1,"column":7317},"end":{"line":1,"column":7319}},"210":{"start":{"line":1,"column":7322},"end":{"line":1,"column":7323}},"211":{"start":{"line":1,"column":7347},"end":{"line":1,"column":7365}},"212":{"start":{"line":1,"column":7365},"end":{"line":1,"column":7405}},"213":{"start":{"line":1,"column":7425},"end":{"line":1,"column":7483}},"214":{"start":{"line":1,"column":7435},"end":{"line":1,"column":7437}},"215":{"start":{"line":1,"column":7440},"end":{"line":1,"column":7441}},"216":{"start":{"line":1,"column":7465},"end":{"line":1,"column":7483}},"217":{"start":{"line":1,"column":7483},"end":{"line":1,"column":7523}},"218":{"start":{"line":1,"column":7544},"end":{"line":1,"column":7602}},"219":{"start":{"line":1,"column":7554},"end":{"line":1,"column":7556}},"220":{"start":{"line":1,"column":7559},"end":{"line":1,"column":7560}},"221":{"start":{"line":1,"column":7584},"end":{"line":1,"column":7602}},"222":{"start":{"line":1,"column":7602},"end":{"line":1,"column":7644}},"223":{"start":{"line":1,"column":7665},"end":{"line":1,"column":7702}},"224":{"start":{"line":1,"column":7711},"end":{"line":1,"column":7854}},"225":{"start":{"line":1,"column":7736},"end":{"line":1,"column":7851}},"226":{"start":{"line":1,"column":7760},"end":{"line":1,"column":7848}},"227":{"start":{"line":1,"column":7857},"end":{"line":1,"column":8194}},"228":{"start":{"line":1,"column":7869},"end":{"line":1,"column":8185}},"229":{"start":{"line":1,"column":7879},"end":{"line":1,"column":7881}},"230":{"start":{"line":1,"column":7884},"end":{"line":1,"column":7885}},"231":{"start":{"line":1,"column":7905},"end":{"line":1,"column":7909}},"232":{"start":{"line":1,"column":7912},"end":{"line":1,"column":7916}},"233":{"start":{"line":1,"column":7919},"end":{"line":1,"column":7923}},"234":{"start":{"line":1,"column":7924},"end":{"line":1,"column":8181}},"235":{"start":{"line":1,"column":7969},"end":{"line":1,"column":8013}},"236":{"start":{"line":1,"column":8018},"end":{"line":1,"column":8181}},"237":{"start":{"line":1,"column":8039},"end":{"line":1,"column":8071}},"238":{"start":{"line":1,"column":8076},"end":{"line":1,"column":8181}},"239":{"start":{"line":1,"column":8094},"end":{"line":1,"column":8156}},"240":{"start":{"line":1,"column":8125},"end":{"line":1,"column":8145}},"241":{"start":{"line":1,"column":8146},"end":{"line":1,"column":8155}},"242":{"start":{"line":1,"column":8156},"end":{"line":1,"column":8165}},"243":{"start":{"line":1,"column":8171},"end":{"line":1,"column":8181}},"244":{"start":{"line":1,"column":8181},"end":{"line":1,"column":8184}},"245":{"start":{"line":1,"column":8185},"end":{"line":1,"column":8193}},"246":{"start":{"line":1,"column":8197},"end":{"line":1,"column":8597}},"247":{"start":{"line":1,"column":8209},"end":{"line":1,"column":8588}},"248":{"start":{"line":1,"column":8219},"end":{"line":1,"column":8222}},"249":{"start":{"line":1,"column":8225},"end":{"line":1,"column":8227}},"250":{"start":{"line":1,"column":8230},"end":{"line":1,"column":8231}},"251":{"start":{"line":1,"column":8251},"end":{"line":1,"column":8255}},"252":{"start":{"line":1,"column":8256},"end":{"line":1,"column":8584}},"253":{"start":{"line":1,"column":8283},"end":{"line":1,"column":8300}},"254":{"start":{"line":1,"column":8301},"end":{"line":1,"column":8339}},"255":{"start":{"line":1,"column":8312},"end":{"line":1,"column":8330}},"256":{"start":{"line":1,"column":8330},"end":{"line":1,"column":8338}},"257":{"start":{"line":1,"column":8345},"end":{"line":1,"column":8349}},"258":{"start":{"line":1,"column":8350},"end":{"line":1,"column":8435}},"259":{"start":{"line":1,"column":8358},"end":{"line":1,"column":8397}},"260":{"start":{"line":1,"column":8368},"end":{"line":1,"column":8388}},"261":{"start":{"line":1,"column":8388},"end":{"line":1,"column":8396}},"262":{"start":{"line":1,"column":8397},"end":{"line":1,"column":8416}},"263":{"start":{"line":1,"column":8422},"end":{"line":1,"column":8435}},"264":{"start":{"line":1,"column":8441},"end":{"line":1,"column":8584}},"265":{"start":{"line":1,"column":8462},"end":{"line":1,"column":8472}},"266":{"start":{"line":1,"column":8477},"end":{"line":1,"column":8584}},"267":{"start":{"line":1,"column":8494},"end":{"line":1,"column":8513}},"268":{"start":{"line":1,"column":8524},"end":{"line":1,"column":8542}},"269":{"start":{"line":1,"column":8543},"end":{"line":1,"column":8583}},"270":{"start":{"line":1,"column":8584},"end":{"line":1,"column":8587}},"271":{"start":{"line":1,"column":8588},"end":{"line":1,"column":8596}},"272":{"start":{"line":1,"column":8600},"end":{"line":1,"column":9231}},"273":{"start":{"line":1,"column":8612},"end":{"line":1,"column":9089}},"274":{"start":{"line":1,"column":8622},"end":{"line":1,"column":8624}},"275":{"start":{"line":1,"column":8627},"end":{"line":1,"column":8628}},"276":{"start":{"line":1,"column":8631},"end":{"line":1,"column":8633}},"277":{"start":{"line":1,"column":8636},"end":{"line":1,"column":8638}},"278":{"start":{"line":1,"column":8641},"end":{"line":1,"column":8643}},"279":{"start":{"line":1,"column":8663},"end":{"line":1,"column":8667}},"280":{"start":{"line":1,"column":8668},"end":{"line":1,"column":9075}},"281":{"start":{"line":1,"column":8693},"end":{"line":1,"column":8973}},"282":{"start":{"line":1,"column":8724},"end":{"line":1,"column":8734}},"283":{"start":{"line":1,"column":8734},"end":{"line":1,"column":8740}},"284":{"start":{"line":1,"column":8755},"end":{"line":1,"column":8795}},"285":{"start":{"line":1,"column":8795},"end":{"line":1,"column":8801}},"286":{"start":{"line":1,"column":8815},"end":{"line":1,"column":8825}},"287":{"start":{"line":1,"column":8825},"end":{"line":1,"column":8831}},"288":{"start":{"line":1,"column":8845},"end":{"line":1,"column":8885}},"289":{"start":{"line":1,"column":8885},"end":{"line":1,"column":8891}},"290":{"start":{"line":1,"column":8904},"end":{"line":1,"column":8914}},"291":{"start":{"line":1,"column":8914},"end":{"line":1,"column":8920}},"292":{"start":{"line":1,"column":8933},"end":{"line":1,"column":8972}},"293":{"start":{"line":1,"column":8973},"end":{"line":1,"column":8979}},"294":{"start":{"line":1,"column":9022},"end":{"line":1,"column":9074}},"295":{"start":{"line":1,"column":9061},"end":{"line":1,"column":9065}},"296":{"start":{"line":1,"column":9065},"end":{"line":1,"column":9073}},"297":{"start":{"line":1,"column":9075},"end":{"line":1,"column":9088}},"298":{"start":{"line":1,"column":9089},"end":{"line":1,"column":9136}},"299":{"start":{"line":1,"column":9110},"end":{"line":1,"column":9114}},"300":{"start":{"line":1,"column":9115},"end":{"line":1,"column":9135}},"301":{"start":{"line":1,"column":9136},"end":{"line":1,"column":9179}},"302":{"start":{"line":1,"column":9151},"end":{"line":1,"column":9158}},"303":{"start":{"line":1,"column":9158},"end":{"line":1,"column":9178}},"304":{"start":{"line":1,"column":9179},"end":{"line":1,"column":9222}},"305":{"start":{"line":1,"column":9194},"end":{"line":1,"column":9201}},"306":{"start":{"line":1,"column":9201},"end":{"line":1,"column":9221}},"307":{"start":{"line":1,"column":9222},"end":{"line":1,"column":9230}},"308":{"start":{"line":1,"column":9234},"end":{"line":1,"column":9497}},"309":{"start":{"line":1,"column":9256},"end":{"line":1,"column":9404}},"310":{"start":{"line":1,"column":9405},"end":{"line":1,"column":9496}},"311":{"start":{"line":1,"column":9500},"end":{"line":1,"column":9568}},"312":{"start":{"line":1,"column":9516},"end":{"line":1,"column":9567}},"313":{"start":{"line":1,"column":9530},"end":{"line":1,"column":9534}},"314":{"start":{"line":1,"column":9535},"end":{"line":1,"column":9549}},"315":{"start":{"line":1,"column":9543},"end":{"line":1,"column":9549}},"316":{"start":{"line":1,"column":9549},"end":{"line":1,"column":9566}},"317":{"start":{"line":1,"column":9571},"end":{"line":1,"column":9620}},"318":{"start":{"line":1,"column":9591},"end":{"line":1,"column":9609}},"319":{"start":{"line":1,"column":9610},"end":{"line":1,"column":9619}},"320":{"start":{"line":1,"column":9623},"end":{"line":1,"column":9740}},"321":{"start":{"line":1,"column":9645},"end":{"line":1,"column":9649}},"322":{"start":{"line":1,"column":9650},"end":{"line":1,"column":9739}},"323":{"start":{"line":1,"column":9743},"end":{"line":1,"column":11188}},"324":{"start":{"line":1,"column":9767},"end":{"line":1,"column":9825}},"325":{"start":{"line":1,"column":9826},"end":{"line":1,"column":11185}},"326":{"start":{"line":1,"column":9866},"end":{"line":1,"column":10105}},"327":{"start":{"line":1,"column":9876},"end":{"line":1,"column":9877}},"328":{"start":{"line":1,"column":9888},"end":{"line":1,"column":10105}},"329":{"start":{"line":1,"column":10136},"end":{"line":1,"column":10211}},"330":{"start":{"line":1,"column":10241},"end":{"line":1,"column":10347}},"331":{"start":{"line":1,"column":10331},"end":{"line":1,"column":10347}},"332":{"start":{"line":1,"column":10347},"end":{"line":1,"column":10653}},"333":{"start":{"line":1,"column":10389},"end":{"line":1,"column":10418}},"334":{"start":{"line":1,"column":10424},"end":{"line":1,"column":10463}},"335":{"start":{"line":1,"column":10464},"end":{"line":1,"column":10652}},"336":{"start":{"line":1,"column":10653},"end":{"line":1,"column":10787}},"337":{"start":{"line":1,"column":10832},"end":{"line":1,"column":11023}},"338":{"start":{"line":1,"column":11024},"end":{"line":1,"column":11049}},"339":{"start":{"line":1,"column":11088},"end":{"line":1,"column":11182}},"340":{"start":{"line":1,"column":11191},"end":{"line":1,"column":11391}},"341":{"start":{"line":1,"column":11205},"end":{"line":1,"column":11390}},"342":{"start":{"line":1,"column":11283},"end":{"line":1,"column":11296}},"343":{"start":{"line":1,"column":11313},"end":{"line":1,"column":11382}},"344":{"start":{"line":1,"column":11328},"end":{"line":1,"column":11382}},"345":{"start":{"line":1,"column":11408},"end":{"line":1,"column":11528}},"346":{"start":{"line":1,"column":11442},"end":{"line":1,"column":11528}},"347":{"start":{"line":1,"column":11541},"end":{"line":1,"column":11559}},"348":{"start":{"line":1,"column":11560},"end":{"line":1,"column":11636}},"349":{"start":{"line":1,"column":11655},"end":{"line":1,"column":11780}},"350":{"start":{"line":1,"column":11682},"end":{"line":1,"column":11780}},"351":{"start":{"line":1,"column":11694},"end":{"line":1,"column":11695}},"352":{"start":{"line":1,"column":11698},"end":{"line":1,"column":11706}},"353":{"start":{"line":1,"column":11715},"end":{"line":1,"column":11780}},"354":{"start":{"line":1,"column":11780},"end":{"line":1,"column":11829}},"355":{"start":{"line":1,"column":11830},"end":{"line":1,"column":13327}},"356":{"start":{"line":1,"column":11843},"end":{"line":1,"column":13314}},"357":{"start":{"line":1,"column":13335},"end":{"line":1,"column":13545}},"358":{"start":{"line":1,"column":13359},"end":{"line":1,"column":13367}},"359":{"start":{"line":1,"column":13368},"end":{"line":1,"column":13542}},"360":{"start":{"line":1,"column":13405},"end":{"line":1,"column":13426}},"361":{"start":{"line":1,"column":13456},"end":{"line":1,"column":13512}},"362":{"start":{"line":1,"column":13485},"end":{"line":1,"column":13512}},"363":{"start":{"line":1,"column":13512},"end":{"line":1,"column":13539}},"364":{"start":{"line":1,"column":13548},"end":{"line":1,"column":14216}},"365":{"start":{"line":1,"column":13572},"end":{"line":1,"column":13626}},"366":{"start":{"line":1,"column":13627},"end":{"line":1,"column":14213}},"367":{"start":{"line":1,"column":13663},"end":{"line":1,"column":13710}},"368":{"start":{"line":1,"column":13741},"end":{"line":1,"column":13754}},"369":{"start":{"line":1,"column":13785},"end":{"line":1,"column":13798}},"370":{"start":{"line":1,"column":13830},"end":{"line":1,"column":13863}},"371":{"start":{"line":1,"column":13892},"end":{"line":1,"column":13935}},"372":{"start":{"line":1,"column":13969},"end":{"line":1,"column":14009}},"373":{"start":{"line":1,"column":14040},"end":{"line":1,"column":14120}},"374":{"start":{"line":1,"column":14079},"end":{"line":1,"column":14106}},"375":{"start":{"line":1,"column":14107},"end":{"line":1,"column":14119}},"376":{"start":{"line":1,"column":14151},"end":{"line":1,"column":14210}},"377":{"start":{"line":1,"column":14161},"end":{"line":1,"column":14162}},"378":{"start":{"line":1,"column":14171},"end":{"line":1,"column":14210}},"379":{"start":{"line":1,"column":14219},"end":{"line":1,"column":14554}},"380":{"start":{"line":1,"column":14243},"end":{"line":1,"column":14260}},"381":{"start":{"line":1,"column":14261},"end":{"line":1,"column":14551}},"382":{"start":{"line":1,"column":14296},"end":{"line":1,"column":14312}},"383":{"start":{"line":1,"column":14352},"end":{"line":1,"column":14368}},"384":{"start":{"line":1,"column":14369},"end":{"line":1,"column":14419}},"385":{"start":{"line":1,"column":14457},"end":{"line":1,"column":14473}},"386":{"start":{"line":1,"column":14474},"end":{"line":1,"column":14496}},"387":{"start":{"line":1,"column":14531},"end":{"line":1,"column":14548}},"388":{"start":{"line":1,"column":14557},"end":{"line":1,"column":15404}},"389":{"start":{"line":1,"column":14581},"end":{"line":1,"column":14654}},"390":{"start":{"line":1,"column":14655},"end":{"line":1,"column":15401}},"391":{"start":{"line":1,"column":14691},"end":{"line":1,"column":14736}},"392":{"start":{"line":1,"column":14775},"end":{"line":1,"column":14795}},"393":{"start":{"line":1,"column":14796},"end":{"line":1,"column":14829}},"394":{"start":{"line":1,"column":14873},"end":{"line":1,"column":14897}},"395":{"start":{"line":1,"column":14898},"end":{"line":1,"column":14956}},"396":{"start":{"line":1,"column":14986},"end":{"line":1,"column":15044}},"397":{"start":{"line":1,"column":14996},"end":{"line":1,"column":14998}},"398":{"start":{"line":1,"column":15001},"end":{"line":1,"column":15002}},"399":{"start":{"line":1,"column":15026},"end":{"line":1,"column":15044}},"400":{"start":{"line":1,"column":15044},"end":{"line":1,"column":15118}},"401":{"start":{"line":1,"column":15161},"end":{"line":1,"column":15179}},"402":{"start":{"line":1,"column":15180},"end":{"line":1,"column":15260}},"403":{"start":{"line":1,"column":15299},"end":{"line":1,"column":15315}},"404":{"start":{"line":1,"column":15318},"end":{"line":1,"column":15336}},"405":{"start":{"line":1,"column":15337},"end":{"line":1,"column":15398}},"406":{"start":{"line":1,"column":15408},"end":{"line":1,"column":19256}},"407":{"start":{"line":1,"column":15433},"end":{"line":1,"column":15458}},"408":{"start":{"line":1,"column":15459},"end":{"line":1,"column":19252}},"409":{"start":{"line":1,"column":15510},"end":{"line":1,"column":15514}},"410":{"start":{"line":1,"column":15517},"end":{"line":1,"column":15539}},"411":{"start":{"line":1,"column":15542},"end":{"line":1,"column":15566}},"412":{"start":{"line":1,"column":15567},"end":{"line":1,"column":15770}},"413":{"start":{"line":1,"column":15572},"end":{"line":1,"column":15640}},"414":{"start":{"line":1,"column":15645},"end":{"line":1,"column":15660}},"415":{"start":{"line":1,"column":15666},"end":{"line":1,"column":15688}},"416":{"start":{"line":1,"column":15689},"end":{"line":1,"column":15769}},"417":{"start":{"line":1,"column":15770},"end":{"line":1,"column":15778}},"418":{"start":{"line":1,"column":15818},"end":{"line":1,"column":15822}},"419":{"start":{"line":1,"column":15825},"end":{"line":1,"column":15847}},"420":{"start":{"line":1,"column":15850},"end":{"line":1,"column":15874}},"421":{"start":{"line":1,"column":15875},"end":{"line":1,"column":16044}},"422":{"start":{"line":1,"column":15880},"end":{"line":1,"column":15916}},"423":{"start":{"line":1,"column":15921},"end":{"line":1,"column":15936}},"424":{"start":{"line":1,"column":15942},"end":{"line":1,"column":15964}},"425":{"start":{"line":1,"column":15965},"end":{"line":1,"column":16043}},"426":{"start":{"line":1,"column":16044},"end":{"line":1,"column":16052}},"427":{"start":{"line":1,"column":16096},"end":{"line":1,"column":16100}},"428":{"start":{"line":1,"column":16103},"end":{"line":1,"column":16125}},"429":{"start":{"line":1,"column":16128},"end":{"line":1,"column":16152}},"430":{"start":{"line":1,"column":16153},"end":{"line":1,"column":16420}},"431":{"start":{"line":1,"column":16158},"end":{"line":1,"column":16194}},"432":{"start":{"line":1,"column":16199},"end":{"line":1,"column":16241}},"433":{"start":{"line":1,"column":16241},"end":{"line":1,"column":16392}},"434":{"start":{"line":1,"column":16251},"end":{"line":1,"column":16252}},"435":{"start":{"line":1,"column":16255},"end":{"line":1,"column":16259}},"436":{"start":{"line":1,"column":16263},"end":{"line":1,"column":16302}},"437":{"start":{"line":1,"column":16308},"end":{"line":1,"column":16330}},"438":{"start":{"line":1,"column":16331},"end":{"line":1,"column":16345}},"439":{"start":{"line":1,"column":16339},"end":{"line":1,"column":16345}},"440":{"start":{"line":1,"column":16345},"end":{"line":1,"column":16391}},"441":{"start":{"line":1,"column":16392},"end":{"line":1,"column":16419}},"442":{"start":{"line":1,"column":16420},"end":{"line":1,"column":16428}},"443":{"start":{"line":1,"column":16469},"end":{"line":1,"column":16496}},"444":{"start":{"line":1,"column":16502},"end":{"line":1,"column":16526}},"445":{"start":{"line":1,"column":16529},"end":{"line":1,"column":16553}},"446":{"start":{"line":1,"column":16554},"end":{"line":1,"column":16653}},"447":{"start":{"line":1,"column":16696},"end":{"line":1,"column":16716}},"448":{"start":{"line":1,"column":16717},"end":{"line":1,"column":16813}},"449":{"start":{"line":1,"column":16730},"end":{"line":1,"column":16813}},"450":{"start":{"line":1,"column":16813},"end":{"line":1,"column":16938}},"451":{"start":{"line":1,"column":16823},"end":{"line":1,"column":16824}},"452":{"start":{"line":1,"column":16834},"end":{"line":1,"column":16856}},"453":{"start":{"line":1,"column":16857},"end":{"line":1,"column":16937}},"454":{"start":{"line":1,"column":16914},"end":{"line":1,"column":16937}},"455":{"start":{"line":1,"column":16979},"end":{"line":1,"column":16999}},"456":{"start":{"line":1,"column":17000},"end":{"line":1,"column":17098}},"457":{"start":{"line":1,"column":17139},"end":{"line":1,"column":17159}},"458":{"start":{"line":1,"column":17160},"end":{"line":1,"column":17263}},"459":{"start":{"line":1,"column":17309},"end":{"line":1,"column":17331}},"460":{"start":{"line":1,"column":17334},"end":{"line":1,"column":17339}},"461":{"start":{"line":1,"column":17340},"end":{"line":1,"column":17375}},"462":{"start":{"line":1,"column":17417},"end":{"line":1,"column":17475}},"463":{"start":{"line":1,"column":17427},"end":{"line":1,"column":17429}},"464":{"start":{"line":1,"column":17432},"end":{"line":1,"column":17433}},"465":{"start":{"line":1,"column":17457},"end":{"line":1,"column":17475}},"466":{"start":{"line":1,"column":17475},"end":{"line":1,"column":17569}},"467":{"start":{"line":1,"column":17485},"end":{"line":1,"column":17507}},"468":{"start":{"line":1,"column":17510},"end":{"line":1,"column":17512}},"469":{"start":{"line":1,"column":17515},"end":{"line":1,"column":17516}},"470":{"start":{"line":1,"column":17519},"end":{"line":1,"column":17520}},"471":{"start":{"line":1,"column":17543},"end":{"line":1,"column":17547}},"472":{"start":{"line":1,"column":17548},"end":{"line":1,"column":17568}},"473":{"start":{"line":1,"column":17557},"end":{"line":1,"column":17562}},"474":{"start":{"line":1,"column":17562},"end":{"line":1,"column":17567}},"475":{"start":{"line":1,"column":17569},"end":{"line":1,"column":17604}},"476":{"start":{"line":1,"column":17642},"end":{"line":1,"column":17700}},"477":{"start":{"line":1,"column":17652},"end":{"line":1,"column":17654}},"478":{"start":{"line":1,"column":17657},"end":{"line":1,"column":17658}},"479":{"start":{"line":1,"column":17682},"end":{"line":1,"column":17700}},"480":{"start":{"line":1,"column":17706},"end":{"line":1,"column":17728}},"481":{"start":{"line":1,"column":17731},"end":{"line":1,"column":17747}},"482":{"start":{"line":1,"column":17748},"end":{"line":1,"column":17788}},"483":{"start":{"line":1,"column":17754},"end":{"line":1,"column":17788}},"484":{"start":{"line":1,"column":17788},"end":{"line":1,"column":17863}},"485":{"start":{"line":1,"column":17798},"end":{"line":1,"column":17800}},"486":{"start":{"line":1,"column":17803},"end":{"line":1,"column":17804}},"487":{"start":{"line":1,"column":17827},"end":{"line":1,"column":17843}},"488":{"start":{"line":1,"column":17844},"end":{"line":1,"column":17862}},"489":{"start":{"line":1,"column":17851},"end":{"line":1,"column":17856}},"490":{"start":{"line":1,"column":17856},"end":{"line":1,"column":17861}},"491":{"start":{"line":1,"column":17863},"end":{"line":1,"column":17898}},"492":{"start":{"line":1,"column":17938},"end":{"line":1,"column":17996}},"493":{"start":{"line":1,"column":17948},"end":{"line":1,"column":17950}},"494":{"start":{"line":1,"column":17953},"end":{"line":1,"column":17954}},"495":{"start":{"line":1,"column":17978},"end":{"line":1,"column":17996}},"496":{"start":{"line":1,"column":17996},"end":{"line":1,"column":18039}},"497":{"start":{"line":1,"column":18039},"end":{"line":1,"column":18047}},"498":{"start":{"line":1,"column":18086},"end":{"line":1,"column":18144}},"499":{"start":{"line":1,"column":18096},"end":{"line":1,"column":18098}},"500":{"start":{"line":1,"column":18101},"end":{"line":1,"column":18102}},"501":{"start":{"line":1,"column":18126},"end":{"line":1,"column":18144}},"502":{"start":{"line":1,"column":18144},"end":{"line":1,"column":18197}},"503":{"start":{"line":1,"column":18154},"end":{"line":1,"column":18155}},"504":{"start":{"line":1,"column":18193},"end":{"line":1,"column":18197}},"505":{"start":{"line":1,"column":18197},"end":{"line":1,"column":18207}},"506":{"start":{"line":1,"column":18257},"end":{"line":1,"column":18261}},"507":{"start":{"line":1,"column":18262},"end":{"line":1,"column":18356}},"508":{"start":{"line":1,"column":18280},"end":{"line":1,"column":18347}},"509":{"start":{"line":1,"column":18319},"end":{"line":1,"column":18339}},"510":{"start":{"line":1,"column":18347},"end":{"line":1,"column":18355}},"511":{"start":{"line":1,"column":18356},"end":{"line":1,"column":18364}},"512":{"start":{"line":1,"column":18410},"end":{"line":1,"column":18432}},"513":{"start":{"line":1,"column":18435},"end":{"line":1,"column":18450}},"514":{"start":{"line":1,"column":18451},"end":{"line":1,"column":18483}},"515":{"start":{"line":1,"column":18523},"end":{"line":1,"column":18545}},"516":{"start":{"line":1,"column":18548},"end":{"line":1,"column":18563}},"517":{"start":{"line":1,"column":18564},"end":{"line":1,"column":18596}},"518":{"start":{"line":1,"column":18637},"end":{"line":1,"column":18659}},"519":{"start":{"line":1,"column":18662},"end":{"line":1,"column":18681}},"520":{"start":{"line":1,"column":18682},"end":{"line":1,"column":18714}},"521":{"start":{"line":1,"column":18751},"end":{"line":1,"column":18786}},"522":{"start":{"line":1,"column":18827},"end":{"line":1,"column":18847}},"523":{"start":{"line":1,"column":18848},"end":{"line":1,"column":18884}},"524":{"start":{"line":1,"column":18925},"end":{"line":1,"column":18945}},"525":{"start":{"line":1,"column":18946},"end":{"line":1,"column":18977}},"526":{"start":{"line":1,"column":19019},"end":{"line":1,"column":19077}},"527":{"start":{"line":1,"column":19029},"end":{"line":1,"column":19031}},"528":{"start":{"line":1,"column":19034},"end":{"line":1,"column":19035}},"529":{"start":{"line":1,"column":19059},"end":{"line":1,"column":19077}},"530":{"start":{"line":1,"column":19077},"end":{"line":1,"column":19181}},"531":{"start":{"line":1,"column":19087},"end":{"line":1,"column":19089}},"532":{"start":{"line":1,"column":19092},"end":{"line":1,"column":19114}},"533":{"start":{"line":1,"column":19117},"end":{"line":1,"column":19118}},"534":{"start":{"line":1,"column":19121},"end":{"line":1,"column":19122}},"535":{"start":{"line":1,"column":19145},"end":{"line":1,"column":19149}},"536":{"start":{"line":1,"column":19150},"end":{"line":1,"column":19180}},"537":{"start":{"line":1,"column":19169},"end":{"line":1,"column":19174}},"538":{"start":{"line":1,"column":19174},"end":{"line":1,"column":19179}},"539":{"start":{"line":1,"column":19181},"end":{"line":1,"column":19213}},"540":{"start":{"line":1,"column":19260},"end":{"line":1,"column":19261}},"541":{"start":{"line":1,"column":19265},"end":{"line":1,"column":19557}},"542":{"start":{"line":1,"column":19277},"end":{"line":1,"column":19556}},"543":{"start":{"line":1,"column":19296},"end":{"line":1,"column":19339}},"544":{"start":{"line":1,"column":19344},"end":{"line":1,"column":19556}},"545":{"start":{"line":1,"column":19363},"end":{"line":1,"column":19405}},"546":{"start":{"line":1,"column":19417},"end":{"line":1,"column":19555}},"547":{"start":{"line":1,"column":19496},"end":{"line":1,"column":19520}},"548":{"start":{"line":1,"column":19525},"end":{"line":1,"column":19555}},"549":{"start":{"line":1,"column":19561},"end":{"line":1,"column":19636}},"550":{"start":{"line":1,"column":19575},"end":{"line":1,"column":19635}},"551":{"start":{"line":1,"column":19640},"end":{"line":1,"column":19684}},"552":{"start":{"line":1,"column":19652},"end":{"line":1,"column":19683}},"553":{"start":{"line":1,"column":19688},"end":{"line":1,"column":19728}},"554":{"start":{"line":1,"column":19700},"end":{"line":1,"column":19727}},"555":{"start":{"line":1,"column":19732},"end":{"line":1,"column":19790}},"556":{"start":{"line":1,"column":19746},"end":{"line":1,"column":19789}},"557":{"start":{"line":1,"column":19794},"end":{"line":1,"column":19917}},"558":{"start":{"line":1,"column":19805},"end":{"line":1,"column":19916}},"559":{"start":{"line":1,"column":19921},"end":{"line":1,"column":19986}},"560":{"start":{"line":1,"column":19933},"end":{"line":1,"column":19985}},"561":{"start":{"line":1,"column":19990},"end":{"line":1,"column":20051}},"562":{"start":{"line":1,"column":20001},"end":{"line":1,"column":20050}},"563":{"start":{"line":1,"column":20055},"end":{"line":1,"column":20150}},"564":{"start":{"line":1,"column":20067},"end":{"line":1,"column":20149}},"565":{"start":{"line":1,"column":20154},"end":{"line":1,"column":20246}},"566":{"start":{"line":1,"column":20166},"end":{"line":1,"column":20245}},"567":{"start":{"line":1,"column":20250},"end":{"line":1,"column":20307}},"568":{"start":{"line":1,"column":20261},"end":{"line":1,"column":20306}},"569":{"start":{"line":1,"column":20311},"end":{"line":1,"column":20368}},"570":{"start":{"line":1,"column":20322},"end":{"line":1,"column":20367}},"571":{"start":{"line":1,"column":20372},"end":{"line":1,"column":20424}},"572":{"start":{"line":1,"column":20384},"end":{"line":1,"column":20423}},"573":{"start":{"line":1,"column":20428},"end":{"line":1,"column":20482}},"574":{"start":{"line":1,"column":20439},"end":{"line":1,"column":20481}},"575":{"start":{"line":1,"column":20486},"end":{"line":1,"column":20557}},"576":{"start":{"line":1,"column":20498},"end":{"line":1,"column":20556}},"577":{"start":{"line":1,"column":20561},"end":{"line":1,"column":20648}},"578":{"start":{"line":1,"column":20572},"end":{"line":1,"column":20647}},"579":{"start":{"line":1,"column":20652},"end":{"line":1,"column":20736}},"580":{"start":{"line":1,"column":20663},"end":{"line":1,"column":20735}},"581":{"start":{"line":1,"column":20740},"end":{"line":1,"column":20796}},"582":{"start":{"line":1,"column":20751},"end":{"line":1,"column":20795}},"583":{"start":{"line":1,"column":20800},"end":{"line":1,"column":21002}},"584":{"start":{"line":1,"column":20833},"end":{"line":1,"column":20989}},"585":{"start":{"line":1,"column":20849},"end":{"line":1,"column":20883}},"586":{"start":{"line":1,"column":20884},"end":{"line":1,"column":20905}},"587":{"start":{"line":1,"column":20911},"end":{"line":1,"column":20924}},"588":{"start":{"line":1,"column":20925},"end":{"line":1,"column":20988}},"589":{"start":{"line":1,"column":20989},"end":{"line":1,"column":21000}},"590":{"start":{"line":1,"column":21006},"end":{"line":1,"column":21139}},"591":{"start":{"line":1,"column":21018},"end":{"line":1,"column":21138}},"592":{"start":{"line":1,"column":21053},"end":{"line":1,"column":21135}},"593":{"start":{"line":1,"column":21143},"end":{"line":1,"column":21223}},"594":{"start":{"line":1,"column":21182},"end":{"line":1,"column":21221}},"595":{"start":{"line":1,"column":21227},"end":{"line":1,"column":22553}},"596":{"start":{"line":1,"column":21270},"end":{"line":1,"column":21562}},"597":{"start":{"line":1,"column":21280},"end":{"line":1,"column":21365}},"598":{"start":{"line":1,"column":21322},"end":{"line":1,"column":21350}},"599":{"start":{"line":1,"column":21344},"end":{"line":1,"column":21350}},"600":{"start":{"line":1,"column":21350},"end":{"line":1,"column":21364}},"601":{"start":{"line":1,"column":21365},"end":{"line":1,"column":21445}},"602":{"start":{"line":1,"column":21373},"end":{"line":1,"column":21401}},"603":{"start":{"line":1,"column":21395},"end":{"line":1,"column":21401}},"604":{"start":{"line":1,"column":21401},"end":{"line":1,"column":21444}},"605":{"start":{"line":1,"column":21445},"end":{"line":1,"column":21561}},"606":{"start":{"line":1,"column":21562},"end":{"line":1,"column":21905}},"607":{"start":{"line":1,"column":21578},"end":{"line":1,"column":21582}},"608":{"start":{"line":1,"column":21583},"end":{"line":1,"column":21788}},"609":{"start":{"line":1,"column":21622},"end":{"line":1,"column":21709}},"610":{"start":{"line":1,"column":21716},"end":{"line":1,"column":21744}},"611":{"start":{"line":1,"column":21738},"end":{"line":1,"column":21744}},"612":{"start":{"line":1,"column":21744},"end":{"line":1,"column":21787}},"613":{"start":{"line":1,"column":21788},"end":{"line":1,"column":21904}},"614":{"start":{"line":1,"column":21905},"end":{"line":1,"column":22179}},"615":{"start":{"line":1,"column":21915},"end":{"line":1,"column":21982}},"616":{"start":{"line":1,"column":21925},"end":{"line":1,"column":21929}},"617":{"start":{"line":1,"column":21939},"end":{"line":1,"column":21967}},"618":{"start":{"line":1,"column":21961},"end":{"line":1,"column":21967}},"619":{"start":{"line":1,"column":21967},"end":{"line":1,"column":21981}},"620":{"start":{"line":1,"column":21982},"end":{"line":1,"column":22062}},"621":{"start":{"line":1,"column":21990},"end":{"line":1,"column":22018}},"622":{"start":{"line":1,"column":22012},"end":{"line":1,"column":22018}},"623":{"start":{"line":1,"column":22018},"end":{"line":1,"column":22061}},"624":{"start":{"line":1,"column":22062},"end":{"line":1,"column":22178}},"625":{"start":{"line":1,"column":22179},"end":{"line":1,"column":22398}},"626":{"start":{"line":1,"column":22189},"end":{"line":1,"column":22281}},"627":{"start":{"line":1,"column":22209},"end":{"line":1,"column":22237}},"628":{"start":{"line":1,"column":22231},"end":{"line":1,"column":22237}},"629":{"start":{"line":1,"column":22237},"end":{"line":1,"column":22280}},"630":{"start":{"line":1,"column":22281},"end":{"line":1,"column":22397}},"631":{"start":{"line":1,"column":22398},"end":{"line":1,"column":22540}},"632":{"start":{"line":1,"column":22416},"end":{"line":1,"column":22423}},"633":{"start":{"line":1,"column":22429},"end":{"line":1,"column":22442}},"634":{"start":{"line":1,"column":22443},"end":{"line":1,"column":22539}},"635":{"start":{"line":1,"column":22540},"end":{"line":1,"column":22551}},"636":{"start":{"line":1,"column":22557},"end":{"line":1,"column":22590}},"637":{"start":{"line":1,"column":22569},"end":{"line":1,"column":22589}},"638":{"start":{"line":1,"column":22594},"end":{"line":1,"column":22627}},"639":{"start":{"line":1,"column":22606},"end":{"line":1,"column":22626}},"640":{"start":{"line":1,"column":22631},"end":{"line":1,"column":22664}},"641":{"start":{"line":1,"column":22643},"end":{"line":1,"column":22663}},"642":{"start":{"line":1,"column":22668},"end":{"line":1,"column":22701}},"643":{"start":{"line":1,"column":22680},"end":{"line":1,"column":22700}},"644":{"start":{"line":1,"column":22705},"end":{"line":1,"column":22971}},"645":{"start":{"line":1,"column":22754},"end":{"line":1,"column":22865}},"646":{"start":{"line":1,"column":22764},"end":{"line":1,"column":22818}},"647":{"start":{"line":1,"column":22774},"end":{"line":1,"column":22776}},"648":{"start":{"line":1,"column":22780},"end":{"line":1,"column":22808}},"649":{"start":{"line":1,"column":22802},"end":{"line":1,"column":22808}},"650":{"start":{"line":1,"column":22808},"end":{"line":1,"column":22817}},"651":{"start":{"line":1,"column":22818},"end":{"line":1,"column":22864}},"652":{"start":{"line":1,"column":22865},"end":{"line":1,"column":22958}},"653":{"start":{"line":1,"column":22875},"end":{"line":1,"column":22931}},"654":{"start":{"line":1,"column":22893},"end":{"line":1,"column":22921}},"655":{"start":{"line":1,"column":22915},"end":{"line":1,"column":22921}},"656":{"start":{"line":1,"column":22921},"end":{"line":1,"column":22930}},"657":{"start":{"line":1,"column":22931},"end":{"line":1,"column":22957}},"658":{"start":{"line":1,"column":22958},"end":{"line":1,"column":22969}},"659":{"start":{"line":1,"column":22975},"end":{"line":1,"column":23126}},"660":{"start":{"line":1,"column":22987},"end":{"line":1,"column":23125}},"661":{"start":{"line":1,"column":23022},"end":{"line":1,"column":23122}},"662":{"start":{"line":1,"column":23053},"end":{"line":1,"column":23073}},"663":{"start":{"line":1,"column":23077},"end":{"line":1,"column":23122}},"664":{"start":{"line":1,"column":23130},"end":{"line":1,"column":23281}},"665":{"start":{"line":1,"column":23142},"end":{"line":1,"column":23280}},"666":{"start":{"line":1,"column":23177},"end":{"line":1,"column":23277}},"667":{"start":{"line":1,"column":23208},"end":{"line":1,"column":23228}},"668":{"start":{"line":1,"column":23232},"end":{"line":1,"column":23277}},"669":{"start":{"line":1,"column":23285},"end":{"line":1,"column":23428}},"670":{"start":{"line":1,"column":23334},"end":{"line":1,"column":23393}},"671":{"start":{"line":1,"column":23350},"end":{"line":1,"column":23363}},"672":{"start":{"line":1,"column":23364},"end":{"line":1,"column":23392}},"673":{"start":{"line":1,"column":23393},"end":{"line":1,"column":23426}},"674":{"start":{"line":1,"column":23432},"end":{"line":1,"column":23524}},"675":{"start":{"line":1,"column":23444},"end":{"line":1,"column":23523}},"676":{"start":{"line":1,"column":23479},"end":{"line":1,"column":23520}},"677":{"start":{"line":1,"column":23528},"end":{"line":1,"column":23620}},"678":{"start":{"line":1,"column":23540},"end":{"line":1,"column":23619}},"679":{"start":{"line":1,"column":23575},"end":{"line":1,"column":23616}},"680":{"start":{"line":1,"column":23624},"end":{"line":1,"column":23821}},"681":{"start":{"line":1,"column":23675},"end":{"line":1,"column":23760}},"682":{"start":{"line":1,"column":23691},"end":{"line":1,"column":23730}},"683":{"start":{"line":1,"column":23731},"end":{"line":1,"column":23759}},"684":{"start":{"line":1,"column":23760},"end":{"line":1,"column":23819}},"685":{"start":{"line":1,"column":23825},"end":{"line":1,"column":23935}},"686":{"start":{"line":1,"column":23837},"end":{"line":1,"column":23934}},"687":{"start":{"line":1,"column":23872},"end":{"line":1,"column":23931}},"688":{"start":{"line":1,"column":23939},"end":{"line":1,"column":24049}},"689":{"start":{"line":1,"column":23951},"end":{"line":1,"column":24048}},"690":{"start":{"line":1,"column":23986},"end":{"line":1,"column":24045}},"691":{"start":{"line":1,"column":24053},"end":{"line":1,"column":24117}},"692":{"start":{"line":1,"column":24104},"end":{"line":1,"column":24115}},"693":{"start":{"line":1,"column":24121},"end":{"line":1,"column":24754}},"694":{"start":{"line":1,"column":24162},"end":{"line":1,"column":24401}},"695":{"start":{"line":1,"column":24178},"end":{"line":1,"column":24231}},"696":{"start":{"line":1,"column":24232},"end":{"line":1,"column":24362}},"697":{"start":{"line":1,"column":24281},"end":{"line":1,"column":24309}},"698":{"start":{"line":1,"column":24303},"end":{"line":1,"column":24309}},"699":{"start":{"line":1,"column":24309},"end":{"line":1,"column":24361}},"700":{"start":{"line":1,"column":24362},"end":{"line":1,"column":24400}},"701":{"start":{"line":1,"column":24401},"end":{"line":1,"column":24645}},"702":{"start":{"line":1,"column":24417},"end":{"line":1,"column":24473}},"703":{"start":{"line":1,"column":24473},"end":{"line":1,"column":24606}},"704":{"start":{"line":1,"column":24525},"end":{"line":1,"column":24553}},"705":{"start":{"line":1,"column":24547},"end":{"line":1,"column":24553}},"706":{"start":{"line":1,"column":24553},"end":{"line":1,"column":24605}},"707":{"start":{"line":1,"column":24606},"end":{"line":1,"column":24644}},"708":{"start":{"line":1,"column":24645},"end":{"line":1,"column":24752}},"709":{"start":{"line":1,"column":24758},"end":{"line":1,"column":24853}},"710":{"start":{"line":1,"column":24770},"end":{"line":1,"column":24852}},"711":{"start":{"line":1,"column":24805},"end":{"line":1,"column":24849}},"712":{"start":{"line":1,"column":24857},"end":{"line":1,"column":24972}},"713":{"start":{"line":1,"column":24869},"end":{"line":1,"column":24971}},"714":{"start":{"line":1,"column":24904},"end":{"line":1,"column":24968}},"715":{"start":{"line":1,"column":24976},"end":{"line":1,"column":25194}},"716":{"start":{"line":1,"column":25034},"end":{"line":1,"column":25038}},"717":{"start":{"line":1,"column":25039},"end":{"line":1,"column":25184}},"718":{"start":{"line":1,"column":25055},"end":{"line":1,"column":25068}},"719":{"start":{"line":1,"column":25071},"end":{"line":1,"column":25084}},"720":{"start":{"line":1,"column":25085},"end":{"line":1,"column":25122}},"721":{"start":{"line":1,"column":25128},"end":{"line":1,"column":25184}},"722":{"start":{"line":1,"column":25138},"end":{"line":1,"column":25183}},"723":{"start":{"line":1,"column":25184},"end":{"line":1,"column":25192}},"724":{"start":{"line":1,"column":25198},"end":{"line":1,"column":25310}},"725":{"start":{"line":1,"column":25210},"end":{"line":1,"column":25309}},"726":{"start":{"line":1,"column":25245},"end":{"line":1,"column":25306}},"727":{"start":{"line":1,"column":25314},"end":{"line":1,"column":25426}},"728":{"start":{"line":1,"column":25326},"end":{"line":1,"column":25425}},"729":{"start":{"line":1,"column":25361},"end":{"line":1,"column":25422}},"730":{"start":{"line":1,"column":25430},"end":{"line":1,"column":25522}},"731":{"start":{"line":1,"column":25468},"end":{"line":1,"column":25520}},"732":{"start":{"line":1,"column":25526},"end":{"line":1,"column":25681}},"733":{"start":{"line":1,"column":25563},"end":{"line":1,"column":25679}},"734":{"start":{"line":1,"column":25598},"end":{"line":1,"column":25637}},"735":{"start":{"line":1,"column":25685},"end":{"line":1,"column":25843}},"736":{"start":{"line":1,"column":25719},"end":{"line":1,"column":25841}},"737":{"start":{"line":1,"column":25754},"end":{"line":1,"column":25796}},"738":{"start":{"line":1,"column":25847},"end":{"line":1,"column":26215}},"739":{"start":{"line":1,"column":25894},"end":{"line":1,"column":26202}},"740":{"start":{"line":1,"column":25925},"end":{"line":1,"column":25972}},"741":{"start":{"line":1,"column":25983},"end":{"line":1,"column":26023}},"742":{"start":{"line":1,"column":26024},"end":{"line":1,"column":26201}},"743":{"start":{"line":1,"column":26126},"end":{"line":1,"column":26146}},"744":{"start":{"line":1,"column":26202},"end":{"line":1,"column":26213}},"745":{"start":{"line":1,"column":26219},"end":{"line":1,"column":26326}},"746":{"start":{"line":1,"column":26254},"end":{"line":1,"column":26313}},"747":{"start":{"line":1,"column":26270},"end":{"line":1,"column":26283}},"748":{"start":{"line":1,"column":26284},"end":{"line":1,"column":26312}},"749":{"start":{"line":1,"column":26313},"end":{"line":1,"column":26324}},"750":{"start":{"line":1,"column":26330},"end":{"line":1,"column":26446}},"751":{"start":{"line":1,"column":26342},"end":{"line":1,"column":26445}},"752":{"start":{"line":1,"column":26377},"end":{"line":1,"column":26442}},"753":{"start":{"line":1,"column":26450},"end":{"line":1,"column":26675}},"754":{"start":{"line":1,"column":26480},"end":{"line":1,"column":26634}},"755":{"start":{"line":1,"column":26496},"end":{"line":1,"column":26498}},"756":{"start":{"line":1,"column":26499},"end":{"line":1,"column":26625}},"757":{"start":{"line":1,"column":26550},"end":{"line":1,"column":26560}},"758":{"start":{"line":1,"column":26561},"end":{"line":1,"column":26615}},"759":{"start":{"line":1,"column":26574},"end":{"line":1,"column":26587}},"760":{"start":{"line":1,"column":26588},"end":{"line":1,"column":26609}},"761":{"start":{"line":1,"column":26609},"end":{"line":1,"column":26614}},"762":{"start":{"line":1,"column":26615},"end":{"line":1,"column":26624}},"763":{"start":{"line":1,"column":26625},"end":{"line":1,"column":26633}},"764":{"start":{"line":1,"column":26634},"end":{"line":1,"column":26673}},"765":{"start":{"line":1,"column":26679},"end":{"line":1,"column":26895}},"766":{"start":{"line":1,"column":26691},"end":{"line":1,"column":26894}},"767":{"start":{"line":1,"column":26726},"end":{"line":1,"column":26891}},"768":{"start":{"line":1,"column":26773},"end":{"line":1,"column":26793}},"769":{"start":{"line":1,"column":26826},"end":{"line":1,"column":26852}},"770":{"start":{"line":1,"column":26868},"end":{"line":1,"column":26888}},"771":{"start":{"line":1,"column":26899},"end":{"line":1,"column":27039}},"772":{"start":{"line":1,"column":26934},"end":{"line":1,"column":26972}},"773":{"start":{"line":1,"column":26951},"end":{"line":1,"column":26972}},"774":{"start":{"line":1,"column":26972},"end":{"line":1,"column":27026}},"775":{"start":{"line":1,"column":26988},"end":{"line":1,"column":27001}},"776":{"start":{"line":1,"column":27002},"end":{"line":1,"column":27025}},"777":{"start":{"line":1,"column":27026},"end":{"line":1,"column":27037}},"778":{"start":{"line":1,"column":27043},"end":{"line":1,"column":27194}},"779":{"start":{"line":1,"column":27055},"end":{"line":1,"column":27193}},"780":{"start":{"line":1,"column":27096},"end":{"line":1,"column":27098}},"781":{"start":{"line":1,"column":27099},"end":{"line":1,"column":27190}},"782":{"start":{"line":1,"column":27198},"end":{"line":1,"column":27594}},"783":{"start":{"line":1,"column":27230},"end":{"line":1,"column":27366}},"784":{"start":{"line":1,"column":27240},"end":{"line":1,"column":27357}},"785":{"start":{"line":1,"column":27290},"end":{"line":1,"column":27356}},"786":{"start":{"line":1,"column":27306},"end":{"line":1,"column":27316}},"787":{"start":{"line":1,"column":27321},"end":{"line":1,"column":27346}},"788":{"start":{"line":1,"column":27340},"end":{"line":1,"column":27346}},"789":{"start":{"line":1,"column":27346},"end":{"line":1,"column":27355}},"790":{"start":{"line":1,"column":27357},"end":{"line":1,"column":27365}},"791":{"start":{"line":1,"column":27366},"end":{"line":1,"column":27581}},"792":{"start":{"line":1,"column":27375},"end":{"line":1,"column":27460}},"793":{"start":{"line":1,"column":27425},"end":{"line":1,"column":27450}},"794":{"start":{"line":1,"column":27444},"end":{"line":1,"column":27450}},"795":{"start":{"line":1,"column":27450},"end":{"line":1,"column":27459}},"796":{"start":{"line":1,"column":27465},"end":{"line":1,"column":27581}},"797":{"start":{"line":1,"column":27481},"end":{"line":1,"column":27572}},"798":{"start":{"line":1,"column":27537},"end":{"line":1,"column":27562}},"799":{"start":{"line":1,"column":27556},"end":{"line":1,"column":27562}},"800":{"start":{"line":1,"column":27562},"end":{"line":1,"column":27571}},"801":{"start":{"line":1,"column":27572},"end":{"line":1,"column":27580}},"802":{"start":{"line":1,"column":27581},"end":{"line":1,"column":27592}},"803":{"start":{"line":1,"column":27598},"end":{"line":1,"column":27805}},"804":{"start":{"line":1,"column":27610},"end":{"line":1,"column":27804}},"805":{"start":{"line":1,"column":27645},"end":{"line":1,"column":27801}},"806":{"start":{"line":1,"column":27692},"end":{"line":1,"column":27712}},"807":{"start":{"line":1,"column":27778},"end":{"line":1,"column":27798}},"808":{"start":{"line":1,"column":27809},"end":{"line":1,"column":27928}},"809":{"start":{"line":1,"column":27821},"end":{"line":1,"column":27927}},"810":{"start":{"line":1,"column":27856},"end":{"line":1,"column":27924}},"811":{"start":{"line":1,"column":27901},"end":{"line":1,"column":27921}},"812":{"start":{"line":1,"column":27932},"end":{"line":1,"column":28051}},"813":{"start":{"line":1,"column":27944},"end":{"line":1,"column":28050}},"814":{"start":{"line":1,"column":27979},"end":{"line":1,"column":28047}},"815":{"start":{"line":1,"column":28024},"end":{"line":1,"column":28044}},"816":{"start":{"line":1,"column":28055},"end":{"line":1,"column":28221}},"817":{"start":{"line":1,"column":28097},"end":{"line":1,"column":28191}},"818":{"start":{"line":1,"column":28113},"end":{"line":1,"column":28117}},"819":{"start":{"line":1,"column":28118},"end":{"line":1,"column":28190}},"820":{"start":{"line":1,"column":28191},"end":{"line":1,"column":28219}},"821":{"start":{"line":1,"column":28225},"end":{"line":1,"column":28338}},"822":{"start":{"line":1,"column":28237},"end":{"line":1,"column":28337}},"823":{"start":{"line":1,"column":28272},"end":{"line":1,"column":28334}},"824":{"start":{"line":1,"column":28342},"end":{"line":1,"column":28375}},"825":{"start":{"line":1,"column":28354},"end":{"line":1,"column":28374}},"826":{"start":{"line":1,"column":28379},"end":{"line":1,"column":28543}},"827":{"start":{"line":1,"column":28423},"end":{"line":1,"column":28530}},"828":{"start":{"line":1,"column":28439},"end":{"line":1,"column":28482}},"829":{"start":{"line":1,"column":28483},"end":{"line":1,"column":28529}},"830":{"start":{"line":1,"column":28530},"end":{"line":1,"column":28541}},"831":{"start":{"line":1,"column":28547},"end":{"line":1,"column":28638}},"832":{"start":{"line":1,"column":28559},"end":{"line":1,"column":28637}},"833":{"start":{"line":1,"column":28594},"end":{"line":1,"column":28634}},"834":{"start":{"line":1,"column":28642},"end":{"line":1,"column":28859}},"835":{"start":{"line":1,"column":28691},"end":{"line":1,"column":28779}},"836":{"start":{"line":1,"column":28700},"end":{"line":1,"column":28779}},"837":{"start":{"line":1,"column":28779},"end":{"line":1,"column":28846}},"838":{"start":{"line":1,"column":28795},"end":{"line":1,"column":28799}},"839":{"start":{"line":1,"column":28800},"end":{"line":1,"column":28845}},"840":{"start":{"line":1,"column":28846},"end":{"line":1,"column":28857}},"841":{"start":{"line":1,"column":28863},"end":{"line":1,"column":28976}},"842":{"start":{"line":1,"column":28875},"end":{"line":1,"column":28975}},"843":{"start":{"line":1,"column":28910},"end":{"line":1,"column":28972}},"844":{"start":{"line":1,"column":28980},"end":{"line":1,"column":29070}},"845":{"start":{"line":1,"column":28992},"end":{"line":1,"column":29069}},"846":{"start":{"line":1,"column":29027},"end":{"line":1,"column":29066}},"847":{"start":{"line":1,"column":29074},"end":{"line":1,"column":29242}},"848":{"start":{"line":1,"column":29122},"end":{"line":1,"column":29229}},"849":{"start":{"line":1,"column":29132},"end":{"line":1,"column":29220}},"850":{"start":{"line":1,"column":29142},"end":{"line":1,"column":29144}},"851":{"start":{"line":1,"column":29154},"end":{"line":1,"column":29167}},"852":{"start":{"line":1,"column":29168},"end":{"line":1,"column":29180}},"853":{"start":{"line":1,"column":29174},"end":{"line":1,"column":29180}},"854":{"start":{"line":1,"column":29180},"end":{"line":1,"column":29219}},"855":{"start":{"line":1,"column":29214},"end":{"line":1,"column":29219}},"856":{"start":{"line":1,"column":29220},"end":{"line":1,"column":29228}},"857":{"start":{"line":1,"column":29229},"end":{"line":1,"column":29240}},"858":{"start":{"line":1,"column":29246},"end":{"line":1,"column":29365}},"859":{"start":{"line":1,"column":29258},"end":{"line":1,"column":29364}},"860":{"start":{"line":1,"column":29293},"end":{"line":1,"column":29361}},"861":{"start":{"line":1,"column":29338},"end":{"line":1,"column":29358}},"862":{"start":{"line":1,"column":29369},"end":{"line":1,"column":29563}},"863":{"start":{"line":1,"column":29416},"end":{"line":1,"column":29530}},"864":{"start":{"line":1,"column":29432},"end":{"line":1,"column":29475}},"865":{"start":{"line":1,"column":29476},"end":{"line":1,"column":29529}},"866":{"start":{"line":1,"column":29530},"end":{"line":1,"column":29561}},"867":{"start":{"line":1,"column":29567},"end":{"line":1,"column":29662}},"868":{"start":{"line":1,"column":29579},"end":{"line":1,"column":29661}},"869":{"start":{"line":1,"column":29614},"end":{"line":1,"column":29658}},"870":{"start":{"line":1,"column":29666},"end":{"line":1,"column":29699}},"871":{"start":{"line":1,"column":29678},"end":{"line":1,"column":29698}},"872":{"start":{"line":1,"column":29703},"end":{"line":1,"column":29792}},"873":{"start":{"line":1,"column":29745},"end":{"line":1,"column":29790}},"874":{"start":{"line":1,"column":29796},"end":{"line":1,"column":29829}},"875":{"start":{"line":1,"column":29808},"end":{"line":1,"column":29828}},"876":{"start":{"line":1,"column":29833},"end":{"line":1,"column":29927}},"877":{"start":{"line":1,"column":29845},"end":{"line":1,"column":29926}},"878":{"start":{"line":1,"column":29880},"end":{"line":1,"column":29923}},"879":{"start":{"line":1,"column":29931},"end":{"line":1,"column":30012}},"880":{"start":{"line":1,"column":29967},"end":{"line":1,"column":30010}},"881":{"start":{"line":1,"column":30016},"end":{"line":1,"column":30268}},"882":{"start":{"line":1,"column":30052},"end":{"line":1,"column":30167}},"883":{"start":{"line":1,"column":30068},"end":{"line":1,"column":30096}},"884":{"start":{"line":1,"column":30097},"end":{"line":1,"column":30166}},"885":{"start":{"line":1,"column":30167},"end":{"line":1,"column":30255}},"886":{"start":{"line":1,"column":30177},"end":{"line":1,"column":30204}},"887":{"start":{"line":1,"column":30204},"end":{"line":1,"column":30254}},"888":{"start":{"line":1,"column":30255},"end":{"line":1,"column":30266}},"889":{"start":{"line":1,"column":30272},"end":{"line":1,"column":30384}},"890":{"start":{"line":1,"column":30284},"end":{"line":1,"column":30383}},"891":{"start":{"line":1,"column":30319},"end":{"line":1,"column":30380}},"892":{"start":{"line":1,"column":30388},"end":{"line":1,"column":30427}},"893":{"start":{"line":1,"column":30400},"end":{"line":1,"column":30426}},"894":{"start":{"line":1,"column":30431},"end":{"line":1,"column":30758}},"895":{"start":{"line":1,"column":30469},"end":{"line":1,"column":30756}},"896":{"start":{"line":1,"column":30504},"end":{"line":1,"column":30564}},"897":{"start":{"line":1,"column":30762},"end":{"line":1,"column":30890}},"898":{"start":{"line":1,"column":30793},"end":{"line":1,"column":30888}},"899":{"start":{"line":1,"column":30828},"end":{"line":1,"column":30866}},"900":{"start":{"line":1,"column":30894},"end":{"line":1,"column":31126}},"901":{"start":{"line":1,"column":30933},"end":{"line":1,"column":31124}},"902":{"start":{"line":1,"column":31016},"end":{"line":1,"column":31064}},"903":{"start":{"line":1,"column":31130},"end":{"line":1,"column":31355}},"904":{"start":{"line":1,"column":31176},"end":{"line":1,"column":31353}},"905":{"start":{"line":1,"column":31359},"end":{"line":1,"column":31464}},"906":{"start":{"line":1,"column":31371},"end":{"line":1,"column":31463}},"907":{"start":{"line":1,"column":31406},"end":{"line":1,"column":31460}},"908":{"start":{"line":1,"column":31468},"end":{"line":1,"column":31573}},"909":{"start":{"line":1,"column":31480},"end":{"line":1,"column":31572}},"910":{"start":{"line":1,"column":31515},"end":{"line":1,"column":31569}},"911":{"start":{"line":1,"column":31577},"end":{"line":1,"column":31778}},"912":{"start":{"line":1,"column":31621},"end":{"line":1,"column":31776}},"913":{"start":{"line":1,"column":31684},"end":{"line":1,"column":31723}},"914":{"start":{"line":1,"column":31782},"end":{"line":1,"column":31880}},"915":{"start":{"line":1,"column":31819},"end":{"line":1,"column":31878}},"916":{"start":{"line":1,"column":31884},"end":{"line":1,"column":31987}},"917":{"start":{"line":1,"column":31926},"end":{"line":1,"column":31985}},"918":{"start":{"line":1,"column":31991},"end":{"line":1,"column":32104}},"919":{"start":{"line":1,"column":32030},"end":{"line":1,"column":32047}},"920":{"start":{"line":1,"column":32048},"end":{"line":1,"column":32102}},"921":{"start":{"line":1,"column":32108},"end":{"line":1,"column":32250}},"922":{"start":{"line":1,"column":32138},"end":{"line":1,"column":32237}},"923":{"start":{"line":1,"column":32154},"end":{"line":1,"column":32158}},"924":{"start":{"line":1,"column":32159},"end":{"line":1,"column":32236}},"925":{"start":{"line":1,"column":32237},"end":{"line":1,"column":32248}},"926":{"start":{"line":1,"column":32254},"end":{"line":1,"column":32368}},"927":{"start":{"line":1,"column":32266},"end":{"line":1,"column":32367}},"928":{"start":{"line":1,"column":32301},"end":{"line":1,"column":32364}},"929":{"start":{"line":1,"column":32372},"end":{"line":1,"column":32497}},"930":{"start":{"line":1,"column":32410},"end":{"line":1,"column":32495}},"931":{"start":{"line":1,"column":32501},"end":{"line":1,"column":32678}},"932":{"start":{"line":1,"column":32533},"end":{"line":1,"column":32560}},"933":{"start":{"line":1,"column":32542},"end":{"line":1,"column":32560}},"934":{"start":{"line":1,"column":32560},"end":{"line":1,"column":32665}},"935":{"start":{"line":1,"column":32570},"end":{"line":1,"column":32656}},"936":{"start":{"line":1,"column":32580},"end":{"line":1,"column":32584}},"937":{"start":{"line":1,"column":32594},"end":{"line":1,"column":32604}},"938":{"start":{"line":1,"column":32605},"end":{"line":1,"column":32655}},"939":{"start":{"line":1,"column":32650},"end":{"line":1,"column":32655}},"940":{"start":{"line":1,"column":32656},"end":{"line":1,"column":32664}},"941":{"start":{"line":1,"column":32665},"end":{"line":1,"column":32676}},"942":{"start":{"line":1,"column":32682},"end":{"line":1,"column":32787}},"943":{"start":{"line":1,"column":32694},"end":{"line":1,"column":32786}},"944":{"start":{"line":1,"column":32729},"end":{"line":1,"column":32783}},"945":{"start":{"line":1,"column":32791},"end":{"line":1,"column":32910}},"946":{"start":{"line":1,"column":32803},"end":{"line":1,"column":32909}},"947":{"start":{"line":1,"column":32838},"end":{"line":1,"column":32906}},"948":{"start":{"line":1,"column":32883},"end":{"line":1,"column":32903}},"949":{"start":{"line":1,"column":32914},"end":{"line":1,"column":33174}},"950":{"start":{"line":1,"column":32945},"end":{"line":1,"column":33136}},"951":{"start":{"line":1,"column":32961},"end":{"line":1,"column":33006}},"952":{"start":{"line":1,"column":33009},"end":{"line":1,"column":33019}},"953":{"start":{"line":1,"column":33020},"end":{"line":1,"column":33050}},"954":{"start":{"line":1,"column":33056},"end":{"line":1,"column":33066}},"955":{"start":{"line":1,"column":33067},"end":{"line":1,"column":33127}},"956":{"start":{"line":1,"column":33107},"end":{"line":1,"column":33117}},"957":{"start":{"line":1,"column":33118},"end":{"line":1,"column":33126}},"958":{"start":{"line":1,"column":33127},"end":{"line":1,"column":33135}},"959":{"start":{"line":1,"column":33136},"end":{"line":1,"column":33172}},"960":{"start":{"line":1,"column":33178},"end":{"line":1,"column":33266}},"961":{"start":{"line":1,"column":33190},"end":{"line":1,"column":33265}},"962":{"start":{"line":1,"column":33225},"end":{"line":1,"column":33262}},"963":{"start":{"line":1,"column":33270},"end":{"line":1,"column":33366}},"964":{"start":{"line":1,"column":33288},"end":{"line":1,"column":33305}},"965":{"start":{"line":1,"column":33306},"end":{"line":1,"column":33365}},"966":{"start":{"line":1,"column":33370},"end":{"line":1,"column":33814}},"967":{"start":{"line":1,"column":33411},"end":{"line":1,"column":33812}},"968":{"start":{"line":1,"column":33818},"end":{"line":1,"column":33939}},"969":{"start":{"line":1,"column":33830},"end":{"line":1,"column":33938}},"970":{"start":{"line":1,"column":33865},"end":{"line":1,"column":33935}},"971":{"start":{"line":1,"column":33943},"end":{"line":1,"column":34083}},"972":{"start":{"line":1,"column":33955},"end":{"line":1,"column":34082}},"973":{"start":{"line":1,"column":33990},"end":{"line":1,"column":34079}},"974":{"start":{"line":1,"column":34087},"end":{"line":1,"column":34184}},"975":{"start":{"line":1,"column":34099},"end":{"line":1,"column":34183}},"976":{"start":{"line":1,"column":34134},"end":{"line":1,"column":34180}},"977":{"start":{"line":1,"column":34188},"end":{"line":1,"column":34330}},"978":{"start":{"line":1,"column":34200},"end":{"line":1,"column":34329}},"979":{"start":{"line":1,"column":34235},"end":{"line":1,"column":34326}},"980":{"start":{"line":1,"column":34334},"end":{"line":1,"column":34412}},"981":{"start":{"line":1,"column":34346},"end":{"line":1,"column":34411}},"982":{"start":{"line":1,"column":34381},"end":{"line":1,"column":34408}},"983":{"start":{"line":1,"column":34416},"end":{"line":1,"column":34618}},"984":{"start":{"line":1,"column":34454},"end":{"line":1,"column":34481}},"985":{"start":{"line":1,"column":34463},"end":{"line":1,"column":34481}},"986":{"start":{"line":1,"column":34481},"end":{"line":1,"column":34605}},"987":{"start":{"line":1,"column":34497},"end":{"line":1,"column":34501}},"988":{"start":{"line":1,"column":34502},"end":{"line":1,"column":34596}},"989":{"start":{"line":1,"column":34558},"end":{"line":1,"column":34568}},"990":{"start":{"line":1,"column":34569},"end":{"line":1,"column":34581}},"991":{"start":{"line":1,"column":34575},"end":{"line":1,"column":34581}},"992":{"start":{"line":1,"column":34581},"end":{"line":1,"column":34595}},"993":{"start":{"line":1,"column":34596},"end":{"line":1,"column":34604}},"994":{"start":{"line":1,"column":34605},"end":{"line":1,"column":34616}},"995":{"start":{"line":1,"column":34622},"end":{"line":1,"column":34727}},"996":{"start":{"line":1,"column":34634},"end":{"line":1,"column":34726}},"997":{"start":{"line":1,"column":34669},"end":{"line":1,"column":34723}},"998":{"start":{"line":1,"column":34731},"end":{"line":1,"column":34923}},"999":{"start":{"line":1,"column":34743},"end":{"line":1,"column":34922}},"1000":{"start":{"line":1,"column":34778},"end":{"line":1,"column":34919}},"1001":{"start":{"line":1,"column":34831},"end":{"line":1,"column":34857}},"1002":{"start":{"line":1,"column":34872},"end":{"line":1,"column":34892}},"1003":{"start":{"line":1,"column":34927},"end":{"line":1,"column":35101}},"1004":{"start":{"line":1,"column":34964},"end":{"line":1,"column":35071}},"1005":{"start":{"line":1,"column":34980},"end":{"line":1,"column":35023}},"1006":{"start":{"line":1,"column":35024},"end":{"line":1,"column":35070}},"1007":{"start":{"line":1,"column":35071},"end":{"line":1,"column":35099}},"1008":{"start":{"line":1,"column":35105},"end":{"line":1,"column":35229}},"1009":{"start":{"line":1,"column":35117},"end":{"line":1,"column":35228}},"1010":{"start":{"line":1,"column":35152},"end":{"line":1,"column":35225}},"1011":{"start":{"line":1,"column":35233},"end":{"line":1,"column":35266}},"1012":{"start":{"line":1,"column":35245},"end":{"line":1,"column":35265}},"1013":{"start":{"line":1,"column":35270},"end":{"line":1,"column":35615}},"1014":{"start":{"line":1,"column":35323},"end":{"line":1,"column":35613}},"1015":{"start":{"line":1,"column":35619},"end":{"line":1,"column":35741}},"1016":{"start":{"line":1,"column":35631},"end":{"line":1,"column":35740}},"1017":{"start":{"line":1,"column":35666},"end":{"line":1,"column":35737}},"1018":{"start":{"line":1,"column":35745},"end":{"line":1,"column":35889}},"1019":{"start":{"line":1,"column":35757},"end":{"line":1,"column":35888}},"1020":{"start":{"line":1,"column":35792},"end":{"line":1,"column":35885}},"1021":{"start":{"line":1,"column":35893},"end":{"line":1,"column":36276}},"1022":{"start":{"line":1,"column":35928},"end":{"line":1,"column":35986}},"1023":{"start":{"line":1,"column":35950},"end":{"line":1,"column":35986}},"1024":{"start":{"line":1,"column":35986},"end":{"line":1,"column":36067}},"1025":{"start":{"line":1,"column":35996},"end":{"line":1,"column":36017}},"1026":{"start":{"line":1,"column":36023},"end":{"line":1,"column":36036}},"1027":{"start":{"line":1,"column":36037},"end":{"line":1,"column":36066}},"1028":{"start":{"line":1,"column":36067},"end":{"line":1,"column":36166}},"1029":{"start":{"line":1,"column":36077},"end":{"line":1,"column":36098}},"1030":{"start":{"line":1,"column":36104},"end":{"line":1,"column":36114}},"1031":{"start":{"line":1,"column":36115},"end":{"line":1,"column":36122}},"1032":{"start":{"line":1,"column":36122},"end":{"line":1,"column":36165}},"1033":{"start":{"line":1,"column":36166},"end":{"line":1,"column":36263}},"1034":{"start":{"line":1,"column":36176},"end":{"line":1,"column":36198}},"1035":{"start":{"line":1,"column":36198},"end":{"line":1,"column":36218}},"1036":{"start":{"line":1,"column":36218},"end":{"line":1,"column":36262}},"1037":{"start":{"line":1,"column":36263},"end":{"line":1,"column":36274}},"1038":{"start":{"line":1,"column":36280},"end":{"line":1,"column":36395}},"1039":{"start":{"line":1,"column":36292},"end":{"line":1,"column":36394}},"1040":{"start":{"line":1,"column":36327},"end":{"line":1,"column":36391}},"1041":{"start":{"line":1,"column":36399},"end":{"line":1,"column":36516}},"1042":{"start":{"line":1,"column":36411},"end":{"line":1,"column":36515}},"1043":{"start":{"line":1,"column":36446},"end":{"line":1,"column":36512}},"1044":{"start":{"line":1,"column":36520},"end":{"line":1,"column":36639}},"1045":{"start":{"line":1,"column":36532},"end":{"line":1,"column":36638}},"1046":{"start":{"line":1,"column":36567},"end":{"line":1,"column":36635}},"1047":{"start":{"line":1,"column":36643},"end":{"line":1,"column":36881}},"1048":{"start":{"line":1,"column":36691},"end":{"line":1,"column":36805}},"1049":{"start":{"line":1,"column":36701},"end":{"line":1,"column":36796}},"1050":{"start":{"line":1,"column":36760},"end":{"line":1,"column":36773}},"1051":{"start":{"line":1,"column":36774},"end":{"line":1,"column":36786}},"1052":{"start":{"line":1,"column":36780},"end":{"line":1,"column":36786}},"1053":{"start":{"line":1,"column":36786},"end":{"line":1,"column":36795}},"1054":{"start":{"line":1,"column":36796},"end":{"line":1,"column":36804}},"1055":{"start":{"line":1,"column":36811},"end":{"line":1,"column":36879}},"1056":{"start":{"line":1,"column":36885},"end":{"line":1,"column":36995}},"1057":{"start":{"line":1,"column":36897},"end":{"line":1,"column":36994}},"1058":{"start":{"line":1,"column":36932},"end":{"line":1,"column":36991}},"1059":{"start":{"line":1,"column":36999},"end":{"line":1,"column":37091}},"1060":{"start":{"line":1,"column":37011},"end":{"line":1,"column":37090}},"1061":{"start":{"line":1,"column":37046},"end":{"line":1,"column":37087}},"1062":{"start":{"line":1,"column":37095},"end":{"line":1,"column":37256}},"1063":{"start":{"line":1,"column":37142},"end":{"line":1,"column":37243}},"1064":{"start":{"line":1,"column":37152},"end":{"line":1,"column":37234}},"1065":{"start":{"line":1,"column":37162},"end":{"line":1,"column":37164}},"1066":{"start":{"line":1,"column":37174},"end":{"line":1,"column":37187}},"1067":{"start":{"line":1,"column":37188},"end":{"line":1,"column":37233}},"1068":{"start":{"line":1,"column":37228},"end":{"line":1,"column":37233}},"1069":{"start":{"line":1,"column":37234},"end":{"line":1,"column":37242}},"1070":{"start":{"line":1,"column":37243},"end":{"line":1,"column":37254}},"1071":{"start":{"line":1,"column":37260},"end":{"line":1,"column":37379}},"1072":{"start":{"line":1,"column":37272},"end":{"line":1,"column":37378}},"1073":{"start":{"line":1,"column":37307},"end":{"line":1,"column":37375}},"1074":{"start":{"line":1,"column":37352},"end":{"line":1,"column":37372}},"1075":{"start":{"line":1,"column":37383},"end":{"line":1,"column":37521}},"1076":{"start":{"line":1,"column":37423},"end":{"line":1,"column":37508}},"1077":{"start":{"line":1,"column":37441},"end":{"line":1,"column":37499}},"1078":{"start":{"line":1,"column":37451},"end":{"line":1,"column":37453}},"1079":{"start":{"line":1,"column":37463},"end":{"line":1,"column":37476}},"1080":{"start":{"line":1,"column":37477},"end":{"line":1,"column":37489}},"1081":{"start":{"line":1,"column":37483},"end":{"line":1,"column":37489}},"1082":{"start":{"line":1,"column":37489},"end":{"line":1,"column":37498}},"1083":{"start":{"line":1,"column":37499},"end":{"line":1,"column":37507}},"1084":{"start":{"line":1,"column":37508},"end":{"line":1,"column":37519}},"1085":{"start":{"line":1,"column":37525},"end":{"line":1,"column":38078}},"1086":{"start":{"line":1,"column":37564},"end":{"line":1,"column":38059}},"1087":{"start":{"line":1,"column":37602},"end":{"line":1,"column":37635}},"1088":{"start":{"line":1,"column":37647},"end":{"li
[...]
00":1,"601":228,"602":228,"603":228,"604":114,"605":114,"606":114,"607":228,"608":144,"609":13,"610":1,"611":1,"612":109,"613":109,"614":109,"615":107,"616":107,"617":107,"618":0,"619":107,"620":107,"621":107,"622":0,"623":65,"624":65,"625":65,"626":12,"627":12,"628":12,"629":271,"630":271,"631":271,"632":272,"633":272,"634":272,"635":18,"636":0,"637":257,"638":257,"639":1,"640":0,"641":255,"642":255,"643":255,"644":254,"645":254,"646":12,"647":12,"648":12,"649":12,"650":12,"651":11,"652":11,"653":11,"654":244,"655":244,"656":244,"657":244,"658":244,"659":244,"660":240,"661":240,"662":240,"663":0,"664":240,"665":240,"666":1,"667":239,"668":239,"669":0,"670":239,"671":239,"672":0,"673":1,"674":1,"675":1,"676":239,"677":231,"678":9,"679":240,"680":240,"681":230,"682":230,"683":230,"684":229,"685":229,"686":3,"687":3,"688":3,"689":2,"690":2,"691":2,"692":2,"693":2,"694":228,"695":228,"696":228,"697":226,"698":226,"699":226,"700":13,"701":3,"702":3,"703":3,"704":13,"705":13,"706":13,"707":10,"708":10,"709":10,"710":0,"711":10,"712":10,"713":11,"714":11,"715":11,"716":11,"717":11,"718":11,"719":14,"720":14,"721":14,"722":1,"723":1,"724":1,"725":15,"726":15,"727":15,"728":15,"729":15,"730":15,"731":15,"732":21,"733":21,"734":21,"735":14,"736":8,"737":7,"738":7,"739":7,"740":7,"741":7,"742":7,"743":7,"744":7,"745":7,"746":6,"747":6,"748":6,"749":0,"750":0,"751":6,"752":6,"753":6,"754":6,"755":6,"756":6,"757":6,"758":6,"759":0,"760":0,"761":0,"762":0,"763":0,"764":0,"765":0,"766":0,"767":0,"768":0,"769":6,"770":0,"771":6,"772":6,"773":2,"774":2,"775":0,"776":0,"777":0,"778":0,"779":2,"780":2,"781":2,"782":4,"783":0,"784":0,"785":0,"786":0,"787":0,"788":0,"789":0,"790":271,"791":110,"792":271,"793":46,"794":46,"795":46,"796":35,"797":46,"798":46,"799":54,"800":54,"801":260,"802":457,"803":46,"804":85,"805":0,"806":0,"807":46,"808":46,"809":0,"810":46,"811":426,"812":46,"813":46,"814":8288,"815":0,"816":46,"817":77,"818":46,"819":25,"820":46,"821":46,"822":46,"823":190,"824":46,"825":53,"826":46,"827":2,"828":46,"829":6,"830":46,"831":0,"832":46,"833":5397,"834":46,"835":2488,"836":0,"837":0,"838":46,"839":4,"840":0,"841":0,"842":2576,"843":46,"844":46,"845":46,"846":5198,"847":113,"848":3,"849":13,"850":46,"851":3128,"852":18,"853":46,"854":46,"855":35,"856":88,"857":46,"858":46,"859":19,"860":46,"861":46,"862":132,"863":46,"864":46,"865":167,"866":46,"867":46,"868":9,"869":43,"870":46,"871":46,"872":0,"873":0,"874":46,"875":46,"876":7,"877":9,"878":9,"879":46,"880":46,"881":0,"882":46,"883":46,"884":0,"885":0,"886":46,"887":46,"888":0,"889":0,"890":46,"891":46,"892":8,"893":16,"894":46,"895":46,"896":1,"897":46,"898":46,"899":55,"900":55,"901":46,"902":46,"903":0,"904":46,"905":46,"906":2,"907":46,"908":46,"909":15,"910":15,"911":46,"912":46,"913":11,"914":46,"915":46,"916":1,"917":46,"918":46,"919":1,"920":2,"921":46,"922":46,"923":17,"924":46,"925":46,"926":3,"927":46,"928":46,"929":26,"930":0,"931":46,"932":46,"933":0,"934":46,"935":46,"936":0,"937":0,"938":0,"939":0,"940":46,"941":46,"942":16,"943":46,"944":46,"945":4,"946":6,"947":46,"948":46,"949":0,"950":46,"951":46,"952":0,"953":0,"954":46,"955":46,"956":0,"957":0,"958":46,"959":46,"960":12,"961":13,"962":3,"963":46,"964":46,"965":0,"966":46,"967":46,"968":8,"969":8,"970":2,"971":46,"972":46,"973":1,"974":1,"975":0,"976":46,"977":46,"978":2,"979":4,"980":0,"981":46,"982":46,"983":11,"984":46,"985":46,"986":0,"987":46,"988":46,"989":1,"990":46,"991":46,"992":1,"993":46,"994":46,"995":0,"996":46,"997":46,"998":2,"999":3,"1000":46,"1001":46,"1002":0,"1003":0,"1004":46,"1005":46,"1006":3,"1007":46,"1008":46,"1009":1,"1010":0,"1011":46,"1012":46,"1013":1,"1014":1,"1015":46,"1016":46,"1017":15,"1018":0,"1019":13,"1020":0,"1021":16,"1022":0,"1023":2,"1024":0,"1025":3,"1026":46,"1027":46,"1028":1,"1029":1,"1030":46,"1031":46,"1032":4,"1033":3,"1034":4,"1035":5,"1036":4,"1037":5,"1038":46,"1039":46,"1040":1,"1041":1,"1042":1,"1043":46,"1044":46,"1045":1,"1046":46,"1047":46,"1048":0,"1049":0,"1050":0,"1051":46,"1052":46,"1053":2,"1054":2,"1055":1,"1056":0,"1057":1,"1058":46,"1059":46,"1060":1,"1061":1,"1062":46,"1063":46,"1064":2,"1065":46,"1066":46,"1067":0,"1068":46,"1069":46,"1070":3,"1071":10,"1072":46,"1073":46,"1074":10,"1075":10,"1076":46,"1077":46,"1078":7,"1079":46,"1080":46,"1081":7,"1082":46,"1083":46,"1084":1,"1085":1,"1086":46,"1087":46,"1088":0,"1089":46,"1090":46,"1091":5,"1092":11,"1093":46,"1094":46,"1095":0,"1096":46,"1097":46,"1098":0,"1099":0,"1100":0,"1101":46,"1102":46,"1103":6,"1104":4,"1105":0,"1106":46,"1107":46,"1108":0,"1109":671,"1110":207,"1111":46,"1112":46,"1113":0,"1114":35,"1115":46,"1116":46,"1117":0,"1118":46,"1119":0,"1120":46,"1121":0,"1122":0},"b":{"0":[0,116812],"1":[116812,114115],"2":[0,2232],"3":[46,46],"4":[7686,4274,6447,2720,3958],"5":[3733,1441],"6":[2760,2714],"7":[3373,3299],"8":[4309,4023],"9":[286,4023],"10":[46,46],"11":[29,29],"12":[29,23],"13":[0,0],"14":[0,0],"15":[0,0],"16":[0,0],"17":[1,0],"18":[1,0],"19":[46,35,35,34],"20":[0,0,0,0],"21":[1798,449,71],"22":[127,304],"23":[2,112],"24":[114,22],"25":[2,0],"26":[0,2],"27":[278,0],"28":[278,0,0],"29":[164,114],"30":[112,2],"31":[114,114,112],"32":[112,0],"33":[112,112,112],"34":[0,112],"35":[112,110,110,19,0],"36":[0,112],"37":[55,3,3],"38":[57,590],"39":[50,7],"40":[3,4],"41":[7,3],"42":[4,586],"43":[2,2],"44":[4,0,0],"45":[4,2,2],"46":[2,0],"47":[1,1],"48":[2,2],"49":[1,0],"50":[1,0],"51":[0,0],"52":[0,0],"53":[0,0],"54":[0,0],"55":[0,0,0],"56":[0,0],"57":[0,0],"58":[1,585],"59":[1,584],"60":[585,14],"61":[0,0,0,2,0,0,0,1],"62":[117,117],"63":[1,1],"64":[1,0,0],"65":[1,4],"66":[286,750],"67":[1036,1036],"68":[0,750],"69":[286,123],"70":[285,0,0],"71":[1,372],"72":[24346,23828,240],"73":[204,314],"74":[6,198],"75":[204,204],"76":[0,6],"77":[6,6],"78":[46,46],"79":[25922,0],"80":[0,0],"81":[0,0],"82":[0,0],"83":[68,1933],"84":[0,46],"85":[123,1461],"86":[1584,1538],"87":[123,110,110],"88":[285,1176],"89":[285,265,225],"90":[46,1130],"91":[2,44],"92":[46,45],"93":[110,1403],"94":[2,108],"95":[78,30],"96":[0,78],"97":[30,17],"98":[227,1176],"99":[46,1130],"100":[1086,44],"101":[1130,1086,73],"102":[522,78,156,383],"103":[11,11,31,30,70,70],"104":[10,1],"105":[29,1],"106":[69,1],"107":[53,330],"108":[383,357,338],"109":[1,45],"110":[2,44],"111":[1,45],"112":[80,61],"113":[136,78],"114":[2438,3450],"115":[460,2990],"116":[92,2898],"117":[2990,2944],"118":[46,2852],"119":[46,2806],"120":[46,2760],"121":[92,2668],"122":[92,2576],"123":[1058,1518],"124":[0,46],"125":[1795,4],"126":[46,0,0,0],"127":[0,0],"128":[0,3588],"129":[3588,0],"130":[0,3588],"131":[0,7614],"132":[7614,7614],"133":[0,0,0],"134":[0,0],"135":[7614,7614],"136":[46,46],"137":[0,1414],"138":[2926,2926],"139":[22058,8951],"140":[21126,1141],"141":[46598,3037],"142":[4590,10519],"143":[4590,10519],"144":[2842,0],"145":[46,46],"146":[3649,251],"147":[3649,3539],"148":[143,108],"149":[251,0],"150":[6134,15109],"151":[4590,10519],"152":[20926,3566],"153":[3566,2200],"154":[1014,250],"155":[1014,979],"156":[250,89],"157":[339,335,331],"158":[7,243],"159":[15082,7572,1262],"160":[8115,1321,213],"161":[238,238],"162":[1037,388],"163":[1258,1037],"164":[53,0],"165":[0,0],"166":[0,0],"167":[77,125],"168":[836,108],"169":[271,266],"170":[60,131],"171":[2,74],"172":[0,74],"173":[74,0],"174":[74,4,4,4],"175":[363,357],"176":[15,12],"177":[6,3],"178":[0,159],"179":[0,0],"180":[159,0],"181":[0,0],"182":[0,0],"183":[0,0],"184":[0,0],"185":[0,0],"186":[0,0],"187":[0,0],"188":[0,0],"189":[0,0],"190":[0,0],"191":[0,0],"192":[0,0],"193":[0,0],"194":[0,0],"195":[0,0],"196":[0,0],"197":[0,0],"198":[0,0],"199":[0,0],"200":[0,0],"201":[0,0],"202":[0,0],"203":[0,0],"204":[0,0],"205":[0,0],"206":[0,0],"207":[0,0],"208":[0,0],"209":[0,0],"210":[0,0],"211":[0,0],"212":[0,0],"213":[0,0,0],"214":[0,0,0],"215":[0,0],"216":[0,0],"217":[0,0],"218":[0,0],"219":[0,0],"220":[0,0],"221":[0,0],"222":[0,0],"223":[0,0,0],"224":[0,0],"225":[0,0],"226":[0,0],"227":[0,0],"228":[0,0],"229":[0,0],"230":[0,0],"231":[0,0],"232":[0,0],"233":[0,152],"234":[152,78],"235":[0,0],"236":[84,4],"237":[88,84],"238":[34,2],"239":[0,11],"240":[0,0],"241":[0,2],"242":[36,34],"243":[0,47],"244":[45,2],"245":[45,45],"246":[47,47,45,45],"247":[47,45],"248":[0,2],"249":[0,0],"250":[0,0],"251":[0,2],"252":[0,0],"253":[0,2],"254":[0,0],"255":[2,0],"256":[2,0],"257":[0,2],"258":[0,2],"259":[2,0,0],"260":[0,47],"261":[47,0],"262":[0,2],"263":[0,2],"264":[2,0,0],"265":[2,0],"266":[16,1],"267":[1,56],"268":[15,41],"269":[0,70],"270":[67,3],"271":[70,0],"272":[0,105],"273":[102,3],"274":[105,102],"275":[1,109],"276":[1,178],"277":[1,177],"278":[179,2,1],"279":[0,0],"280":[0,0,0],"281":[0,0],"282":[0,0],"283":[0,0],"284":[0,0],"285":[0,0],"286":[0,10],"287":[10,0],"288":[7,14],"289":[0,14],"290":[14,0],"291":[0,14],"292":[0,14],"293":[14,0,0],"294":[14,0,0],"295":[0,14],"296":[0,14],"297":[14,0],"298":[0,14],"299":[0,0],"300":[0,14],"301":[0,7],"302":[7,6,0],"303":[0,13],"304":[12,1],"305":[59,0],"306":[0,0],"307":[0,0],"308":[0,0],"309":[59,59],"310":[1,16],"311":[0,1],"312":[16,0],"313":[274,234,210],"314":[0,373],"315":[0,373],"316":[0,373],"317":[0,373],"318":[70,303],"319":[373,35,3,3],"320":[373,35,12,12,12],"321":[373,35,0],"322":[373,35,20],"323":[20,20],"324":[373,222],"325":[100,202],"326":[4,198],"327":[0,4],"328":[302,104],"329":[202,4],"330":[0,323],"331":[116,207],"332":[323,0,0],"333":[0,323],"334":[9,314],"335":[107,207],"336":[323,29,0,0],"337":[323,29,9,9,9],"338":[103,211],"339":[0,211],"340":[3,208],"341":[3,2],"342":[1,207],"343":[1,0],"344":[211,6,4],"345":[211,6],"346":[208,7],"347":[5,4],"348":[0,7],"349":[0,4],"350":[9,6,5],"351":[4,1],"352":[0,8],"353":[0,0],"354":[0,0],"355":[1,35],"356":[1,1],"357":[1,36],"358":[37,36],"359":[36,0],"360":[0,1],"361":[1,0],"362":[0,0],"363":[1,0],"364":[37,1,1],"365":[213,337],"366":[45,292],"367":[1,44],"368":[0,44],"369":[2,42],"370":[47,287],"371":[102,185],"372":[6,179],"373":[1,178],"374":[1,177],"375":[9,168],"376":[0,168],"377":[7,161],"378":[0,161],"379":[0,161],"380":[0,161],"381":[6,179],"382":[5,1],"383":[5,5],"384":[9,176],"385":[8,1],"386":[5,3],"387":[8,6],"388":[1,0],"389":[1,178],"390":[1,1],"391":[179,3,3,3],"392":[1,538],"393":[1,1],"394":[539,34,34,33,33,1],"395":[9,168],"396":[9,8],"397":[177,10],"398":[0,168],"399":[168,1,1,0],"400":[7,161],"401":[7,6],"402":[168,8],"403":[0,161],"404":[161,1,1],"405":[0,161],"406":[161,1,1,0],"407":[0,161],"408":[161,1,1,0],"409":[7,1],"410":[0,3],"411":[0,11],"412":[11,0],"413":[10,1],"414":[10,1],"415":[11,10,10],"416":[16,423],"417":[16,16],"418":[264,159],"419":[439,280],"420":[6,306],"421":[312,6],"422":[0,306],"423":[306,0],"424":[0,306],"425":[306,0],"426":[2,304],"427":[306,2],"428":[0,304],"429":[304,0],"430":[24,280],"431":[304,24],"432":[0,280],"433":[280,0,0],"434":[0,280],"435":[280,0],"436":[0,280],"437":[280,0,0],"438":[0,280],"439":[280,0],"440":[0,751],"441":[592,159],"442":[751,296,0],"443":[0,751],"444":[592,159],"445":[751,296,0],"446":[0,751],"447":[592,159],"448":[751,296,0],"449":[0,751],"450":[0,751],"451":[592,159],"452":[751,296,0],"453":[751,296,0],"454":[9,753],"455":[2,751],"456":[592,159],"457":[762,307,10],"458":[753,298,2],"459":[0,776],"460":[2,774],"461":[0,774],"462":[0,774],"463":[0,774],"464":[614,160],"465":[776,309,0],"466":[776,309,2],"467":[774,307,0],"468":[774,307,0],"469":[774,307,0],"470":[0,469],"471":[469,0],"472":[0,469],"473":[469,0],"474":[0,469],"475":[469,0],"476":[309,160],"477":[0,469],"478":[309,160],"479":[469,309,0],"480":[0,778],"481":[618,160],"482":[778,0],"483":[3,822],"484":[0,822],"485":[32,790],"486":[12,778],"487":[618,160],"488":[825,356,3],"489":[822,353],"490":[822,353,32],"491":[790,321,12,12],"492":[0,438],"493":[0,0],"494":[0,0],"495":[0,0],"496":[279,159],"497":[438,279],"498":[1,437],"499":[1,1],"500":[1,1],"501":[1,1],"502":[278,159],"503":[438,279],"504":[1,439],"505":[280,159],"506":[440,1],"507":[2,252],"508":[2,2],"509":[2,0],"510":[0,252],"511":[102,150],"512":[254,104],"513":[252,102],"514":[0,362],"515":[212,150],"516":[362,0],"517":[0,437],"518":[278,159],"519":[0,159],"520":[437,278,0,0,0],"521":[3,268],"522":[4,4],"523":[278,7,7],"524":[14,5],"525":[0,19],"526":[0,0],"527":[0,0],"528":[0,0],"529":[0,19],"530":[0,0],"531":[0,0],"532":[0,0],"533":[13,6],"534":[13,25],"535":[13,2],"536":[13,0],"537":[0,6],"538":[0,0],"539":[0,0],"540":[1,5],"541":[0,19],"542":[0,19],"543":[0,19],"544":[0,0],"545":[0,19],"546":[0,0],"547":[19,13,0],"548":[19,13,0],"549":[0,0],"550":[0,0],"551":[0,0],"552":[0,0],"553":[0,0],"554":[0,0],"555":[0,0,0],"556":[0,0,0],"557":[15,31],"558":[12,19],"559":[46,29],"560":[31,14],"561":[29,20],"562":[29,0],"563":[0,29],"564":[29,0],"565":[0,21],"566":[2,19],"567":[21,2,2],"568":[21,2,2],"569":[2,0],"570":[2,2],"571":[1,18],"572":[1,0],"573":[1,1],"574":[0,18],"575":[0,0],"576":[0,0],"577":[0,18],"578":[19,1],"579":[18,0,0],"580":[0,1],"581":[0,1],"582":[1,0],"583":[1,0],"584":[1,18],"585":[19,1],"586":[0,228],"587":[0,0],"588":[0,228],"589":[0,0],"590":[0,0],"591":[60,168],"592":[1,59],"593":[59,59],"594":[2,166],"595":[168,23],"596":[0,2],"597":[2,0],"598":[228,0],"599":[228,90,0],"600":[228,0],"601":[228,228,0,0],"602":[228,0,0],"603":[228,64,63,60],"604":[0,168],"605":[23,145],"606":[0,145],"607":[145,0,0],"608":[0,228],"609":[228,0],"610":[228,19,0],"611":[228,19,2,2,2],"612":[0,0],"613":[0,0],"614":[25,4],"615":[25,21],"616":[2,129],"617":[0,129],"618":[2,129],"619":[131,2],"620":[2,0],"621":[2,1],"622":[3,0],"623":[3,0],"624":[3,3,0],"625":[0,6],"626":[6,0],"627":[6,3,0],"628":[0,129],"629":[0,129],"630":[0,129],"631":[0,0],"632":[0,0,0],"633":[129,0,0,0],"634":[0,0],"635":[0,0],"636":[0,0],"637":[0,0],"638":[0,0],"639":[0,0],"640":[0,0],"641":[0,0],"642":[0,0],"643":[0,0],"644":[0,0],"645":[0,0],"646":[1,128],"647":[1,0],"648":[1,127],"649":[129,1,0],"650":[129,2],"651":[4,110],"652":[114,4,4,4],"653":[7,0],"654":[8,8],"655":[3,12],"656":[3,9],"657":[9,0],"658":[15,6,3,3],"659":[12,3,3,3,3],"660":[6,3],"661":[0,3],"662":[2,1],"663":[2,2],"664":[1,0],"665":[1,1],"666":[3,2,2],"667":[3,2],"668":[1,1],"669":[114,114],"670":[0,114],"671":[0,0],"672":[228,121,121],"673":[114,7],"674":[62,166],"675":[22,144],"676":[13,131],"677":[2,129],"678":[2,127],"679":[13,114],"680":[4,110],"681":[1,109],"682":[0,109],"683":[1,108],"684":[1,107],"685":[0,107],"686":[0,107],"687":[13,131],"688":[0,109],"689":[0,0],"690":[109,0,0],"691":[109,0],"692":[0,107],"693":[107,0],"694":[0,107],"695":[107,0],"696":[60,5],"697":[1,4],"698":[64,1],"699":[64,64,60],"700":[1,11],"701":[12,1,1],"702":[2,269],"703":[14,255],"704":[271,3],"705":[15,257],"706":[15,0],"707":[1,256],"708":[1,0],"709":[272,18,18,18],"710":[18,18,18,18],"711":[257,2,1,1,1],"712":[1,1,1,1],"713":[1,254],"714":[10,244],"715":[10,1],"716":[255,12,12,12,11],"717":[254,11,11,11],"718":[0,12],"719":[1,11],"720":[1,1],"721":[12,1,1,1,1],"722":[12,1,1,1],"723":[2,9],"724":[11,2,2],"725":[1,243],"726":[3,240],"727":[244,1],"728":[4,240],"729":[4,0],"730":[4,3],"731":[4,240],"732":[244,4],"733":[0,4],"734":[4,4],"735":[4,0],"736":[4,4],"737":[0,240],"738":[0,0],"739":[1,239],"740":[0,239],"741":[0,0],"742":[0,239],"743":[240,1,0,0],"744":[0,0,0],"745":[240,1,1,1],"746":[239,1,0,0,0],"747":[0,0,0],"748":[239,1,0,0,0],"749":[0,1],"750":[1,0],"751":[1,1,0,0,0,0],"752":[9,230],"753":[239,231,9],"754":[231,1],"755":[1,8],"756":[9,0],"757":[9,9,9],"758":[9,1],"759":[240,9,9],"760":[1,229],"761":[1,228],"762":[1,1],"763":[1,0],"764":[1,0],"765":[230,2,2,2],"766":[229,1,1,1],"767":[1,2],"768":[3,1,1],"769":[0,2],"770":[0,0],"771":[1,1],"772":[0,2],"773":[2,1],"774":[0,0],"775":[0,0],"776":[0,0],"777":[0,0],"778":[2,1,1],"779":[2,226],"780":[2,0],"781":[228,2,2,2],"782":[3,223],"783":[3,10],"784":[226,3],"785":[226,3,3,3],"786":[3,3,3],"787":[0,3],"788":[0,0],"789":[3,0],"790":[3,3],"791":[10,3],"792":[10,0],"793":[13,10,10],"794":[10,10],"795":[0,10],"796":[10,0],"797":[0,10],"798":[10,10],"799":[0,11],"800":[11,0],"801":[11,11],"802":[11,0],"803":[11,0],"804":[6,8],"805":[14,13,12,12,6],"806":[1,0],"807":[0,0],"808":[0,15],"809":[15,0],"810":[0,15],"811":[15,15,0],"812":[15,0],"813":[15,6],"814":[21,21],"815":[10,5],"816":[15,0],"817":[0,6],"818":[7,14],"819":[6,8],"820":[1,7],"821":[0,7],"822":[0,7],"823":[1,6],"824":[0,6],"825":[6,0],"826":[7,14],"827":[21,7,7],"828":[0,14],"829":[0,14],"830":[0,14],"831":[0,14],"832":[0,14],"833":[6,8],"834":[1,7],"835":[0,7],"836":[7,0,0,0],"837":[0,7],"838":[7,0,0],"839":[1,6],"840":[1,1],"841":[0,6],"842":[0,0],"843":[7,1],"844":[6,0],"845":[0,6],"846":[0,6],"847":[0,6],"848":[0,6],"849":[6,0],"850":[6,0,0],"851":[6,0,0,0,0],"852":[6,0,0],"853":[0,0],"854":[0,0],"855":[0,0],"856":[0,0],"857":[0,0],"858":[0,0,0],"859":[4,2],"860":[2,0],"861":[0,0],"862":[0,0],"863":[6,6,6],"864":[2,2,2,2],"865":[0,0,0,0],"866":[0,0,0,0,0,0],"867":[2,0],"868":[0,0],"869":[0,0],"870":[0,0,0],"871":[16,255],"872":[11,244],"873":[4,240],"874":[1,239],"875":[9,230],"876":[2,228],"877":[2,226],"878":[3,223],"879":[97,13],"880":[97,161],"881":[113,48],"882":[48,223],"883":[113,110],"884":[46,46,0],"885":[0,46],"886":[35,11],"887":[35,0],"888":[35,1],"889":[35,34,34],"890":[46,46],"891":[54,0],"892":[54,19],"893":[260,207],"894":[260,165],"895":[38,127],"896":[165,151],"897":[46,46],"898":[46,0],"899":[0,0],"900":[0,0],"901":[0,0],"902":[0,0],"903":[0,0],"904":[0,0],"905":[0,0],"906":[0,0,0,0],"907":[46,46],"908":[46,46],"909":[77,77],"910":[25,25],"911":[46,46],"912":[190,190],"913":[53,53],"914":[2,2],"915":[6,6],"916":[0,0],"917":[5397,5397],"918":[2488,2488],"919":[0,0],"920":[0,0],"921":[0,0],"922":[0,0],"923":[4,4],"924":[0,0],"925":[0,0],"926":[0,0],"927":[0,0],"928":[113,63],"929":[11,2],"930":[11,0],"931":[11,8,8,11,2,2],"932":[8,3],"933":[11,3],"934":[0,0],"935":[0,0,0,0],"936":[0,0],"937":[0,0],"938":[2,0],"939":[2,0,2,0],"940":[0,2],"941":[2,2],"942":[46,46,46],"943":[46,46,46],"944":[46,46,46],"945":[31,101],"946":[99,2],"947":[2,1],"948":[46,46,46],"949":[65,102],"950":[3,62],"951":[96,6],"952":[95,1],"953":[6,0],"954":[46,46,46],"955":[9,8],"956":[46,46,46],"957":[46,46,46],"958":[46,46,46],"959":[46,46,46],"960":[46,46,46],"961":[46,46,46],"962":[8,4],"963":[46,46,46],"964":[46,46,46],"965":[53,2],"966":[52,1],"967":[3,25,0,6,7,2,6,0,0,0,0],"968":[52,46],"969":[46,46,46],"970":[46,46,46],"971":[46,46,46],"972":[46,46,46],"973":[46,46,46],"974":[1,0],"975":[46,46,46],"976":[46,46,46],"977":[46,46,46],"978":[0,3],"979":[3,3,3,0],"980":[0,3],"981":[3,0,0],"982":[0,0],"983":[46,46,46],"984":[26,0],"985":[25,1],"986":[0,25],"987":[24,1],"988":[11,24],"989":[0,11],"990":[3,22],"991":[3,0],"992":[2,1],"993":[3,2],"994":[0,2],"995":[0,2],"996":[0,2],"997":[1,0],"998":[46,46,46],"999":[46,46,46],"1000":[0,0,0],"1001":[46,46,46],"1002":[1,15],"1003":[46,46,46],"1004":[46,46,46],"1005":[46,46,46],"1006":[0,0],"1007":[46,46,46],"1008":[0,0],"1009":[46,46,46],"1010":[46,46,46],"1011":[46,46,46],"1012":[46,46,46],"1013":[46,46,46],"1014":[46,46,46],"1015":[11,0],"1016":[46,46,46],"1017":[46,46,46],"1018":[46,46,46],"1019":[46,46,46],"1020":[46,46,46],"1021":[46,46,46],"1022":[46,46,46],"1023":[3,0],"1024":[46,46,46],"1025":[46,46,46],"1026":[46,46,46],"1027":[13,2],"1028":[0,13],"1029":[0,13],"1030":[13,9],"1031":[9,1],"1032":[13,7],"1033":[1,1],"1034":[0,1],"1035":[1,0],"1036":[1,0],"1037":[1,1],"1038":[1,0],"1039":[1,0],"1040":[46,46,46],"1041":[46,46,46],"1042":[3,0],"1043":[3,0],"1044":[5,1],"1045":[5,1],"1046":[46,46,46],"1047":[46,46,46],"1048":[46,46,46],"1049":[46,46,46],"1050":[46,46,46],"1051":[46,46,46],"1052":[46,46,46],"1053":[46,46,46],"1054":[46,46,46],"1055":[46,46,46],"1056":[46,46,46],"1057":[46,46,46],"1058":[46,46,46],"1059":[46,46,46],"1060":[46,46,46],"1061":[46,46,46],"1062":[46,46,46],"1063":[46,46,46],"1064":[656,15],"1065":[656,0],"1066":[656,264],"1067":[207,113],"1068":[46,35]},"_coverageSchema":"1a1c01bbd47fc00a2c39e90264f33305004495a9","hash":"4882f779720ebd7ce07dfd311195500e45cc4ae2"}
}
