TN:
SF:lib/PC.esm.js
FN:1,t
FN:1,n
FN:1,(anonymous_2)
FN:1,c
FN:1,a
FN:1,p
FN:1,i
FN:1,(anonymous_7)
FN:1,(anonymous_8)
FN:1,(anonymous_9)
FN:1,(anonymous_10)
FN:1,e
FN:1,(anonymous_12)
FN:1,(anonymous_13)
FN:1,(anonymous_14)
FN:1,(anonymous_15)
FN:1,(anonymous_16)
FN:1,(anonymous_17)
FN:1,(anonymous_18)
FN:1,(anonymous_19)
FN:1,(anonymous_20)
FN:1,(anonymous_21)
FN:1,(anonymous_22)
FN:1,(anonymous_23)
FN:1,(anonymous_24)
FN:1,(anonymous_25)
FN:1,(anonymous_26)
FN:1,y
FN:1,v
FN:1,A
FN:1,(anonymous_30)
FN:1,w
FN:1,g
FN:1,b
FN:1,O
FN:1,_
FN:1,k
FN:1,C
FN:1,(anonymous_38)
FN:1,L
FN:1,S
FN:1,R
FN:1,W
FN:1,M
FN:1,(anonymous_44)
FN:1,T
FN:1,(anonymous_46)
FN:1,(anonymous_47)
FN:1,e
FN:1,(anonymous_49)
FN:1,(anonymous_50)
FN:1,(anonymous_51)
FN:1,(anonymous_52)
FN:1,K
FN:1,(anonymous_54)
FN:1,e
FN:1,(anonymous_56)
FN:1,(anonymous_57)
FN:1,(anonymous_58)
FN:1,(anonymous_59)
FN:1,(anonymous_60)
FN:1,(anonymous_61)
FN:1,(anonymous_62)
FN:1,(anonymous_63)
FN:1,(anonymous_64)
FN:1,r
FN:1,(anonymous_66)
FN:1,(anonymous_67)
FN:1,(anonymous_68)
FN:1,(anonymous_69)
FN:1,(anonymous_70)
FN:1,(anonymous_71)
FN:1,(anonymous_72)
FN:1,(anonymous_73)
FN:1,Y
FN:1,n
FN:1,H
FN:1,(anonymous_77)
FN:1,(anonymous_78)
FN:1,e
FN:1,(anonymous_80)
FN:1,(anonymous_81)
FN:1,(anonymous_82)
FN:1,e
FN:1,(anonymous_84)
FN:1,(anonymous_85)
FN:1,(anonymous_86)
FN:1,(anonymous_87)
FN:1,(anonymous_88)
FN:1,(anonymous_89)
FN:1,(anonymous_90)
FN:1,(anonymous_91)
FN:1,(anonymous_92)
FN:1,e
FN:1,(anonymous_94)
FN:1,(anonymous_95)
FN:1,(anonymous_96)
FN:1,(anonymous_97)
FN:1,(anonymous_98)
FN:1,e
FN:1,(anonymous_100)
FN:1,(anonymous_101)
FN:1,(anonymous_102)
FN:1,(anonymous_103)
FN:1,(anonymous_104)
FN:1,(anonymous_105)
FN:1,(anonymous_106)
FN:1,r
FN:1,(anonymous_108)
FN:1,(anonymous_109)
FN:1,(anonymous_110)
FN:1,(anonymous_111)
FN:1,(anonymous_112)
FN:1,(anonymous_113)
FN:1,(anonymous_114)
FN:1,(anonymous_115)
FN:1,(anonymous_116)
FN:1,(anonymous_117)
FN:1,(anonymous_118)
FN:1,(anonymous_119)
FN:1,(anonymous_120)
FN:1,(anonymous_121)
FN:1,(anonymous_122)
FN:1,(anonymous_123)
FN:1,(anonymous_124)
FN:1,(anonymous_125)
FN:1,(anonymous_126)
FN:1,(anonymous_127)
FN:1,(anonymous_128)
FN:1,(anonymous_129)
FN:1,(anonymous_130)
FN:1,(anonymous_131)
FN:1,(anonymous_132)
FN:1,(anonymous_133)
FN:1,(anonymous_134)
FN:1,(anonymous_135)
FN:1,(anonymous_136)
FN:1,(anonymous_137)
FN:1,(anonymous_138)
FN:1,(anonymous_139)
FN:1,(anonymous_140)
FN:1,(anonymous_141)
FN:1,(anonymous_142)
FN:1,(anonymous_143)
FN:1,(anonymous_144)
FN:1,(anonymous_145)
FN:1,(anonymous_146)
FN:1,(anonymous_147)
FN:1,(anonymous_148)
FN:1,(anonymous_149)
FN:1,(anonymous_150)
FN:1,(anonymous_151)
FN:1,(anonymous_152)
FN:1,(anonymous_153)
FN:1,(anonymous_154)
FN:1,(anonymous_155)
FN:1,(anonymous_156)
FN:1,(anonymous_157)
FN:1,(anonymous_158)
FN:1,(anonymous_159)
FN:1,(anonymous_160)
FN:1,(anonymous_161)
FN:1,(anonymous_162)
FN:1,(anonymous_163)
FN:1,(anonymous_164)
FN:1,(anonymous_165)
FN:1,(anonymous_166)
FN:1,(anonymous_167)
FN:1,(anonymous_168)
FN:1,(anonymous_169)
FN:1,(anonymous_170)
FN:1,(anonymous_171)
FN:1,(anonymous_172)
FN:1,(anonymous_173)
FN:1,(anonymous_174)
FN:1,(anonymous_175)
FN:1,(anonymous_176)
FN:1,(anonymous_177)
FN:1,(anonymous_178)
FN:1,(anonymous_179)
FN:1,(anonymous_180)
FN:1,(anonymous_181)
FN:1,(anonymous_182)
FN:1,(anonymous_183)
FN:1,(anonymous_184)
FN:1,(anonymous_185)
FN:1,(anonymous_186)
FN:1,(anonymous_187)
FN:1,(anonymous_188)
FN:1,(anonymous_189)
FN:1,(anonymous_190)
FN:1,(anonymous_191)
FN:1,(anonymous_192)
FN:1,(anonymous_193)
FN:1,(anonymous_194)
FN:1,(anonymous_195)
FN:1,(anonymous_196)
FN:1,(anonymous_197)
FN:1,(anonymous_198)
FN:1,(anonymous_199)
FN:1,(anonymous_200)
FN:1,(anonymous_201)
FN:1,(anonymous_202)
FN:1,(anonymous_203)
FN:1,(anonymous_204)
FN:1,(anonymous_205)
FN:1,(anonymous_206)
FN:1,(anonymous_207)
FN:1,(anonymous_208)
FN:1,(anonymous_209)
FN:1,(anonymous_210)
FN:1,(anonymous_211)
FN:1,(anonymous_212)
FN:1,(anonymous_213)
FN:1,(anonymous_214)
FN:1,(anonymous_215)
FN:1,(anonymous_216)
FN:1,(anonymous_217)
FN:1,(anonymous_218)
FN:1,(anonymous_219)
FN:1,(anonymous_220)
FN:1,(anonymous_221)
FN:1,(anonymous_222)
FN:1,(anonymous_223)
FN:1,(anonymous_224)
FN:1,(anonymous_225)
FN:1,(anonymous_226)
FN:1,(anonymous_227)
FN:1,(anonymous_228)
FN:1,(anonymous_229)
FN:1,(anonymous_230)
FN:1,(anonymous_231)
FN:1,(anonymous_232)
FN:1,(anonymous_233)
FN:1,(anonymous_234)
FN:1,(anonymous_235)
FN:1,(anonymous_236)
FN:1,(anonymous_237)
FN:1,(anonymous_238)
FN:1,(anonymous_239)
FN:1,(anonymous_240)
FN:1,(anonymous_241)
FN:1,(anonymous_242)
FN:1,(anonymous_243)
FN:1,(anonymous_244)
FN:1,(anonymous_245)
FN:1,(anonymous_246)
FN:1,(anonymous_247)
FN:1,(anonymous_248)
FN:1,(anonymous_249)
FN:1,(anonymous_250)
FN:1,(anonymous_251)
FN:1,(anonymous_252)
FN:1,(anonymous_253)
FN:1,(anonymous_254)
FN:1,(anonymous_255)
FN:1,(anonymous_256)
FN:1,(anonymous_257)
FN:1,(anonymous_258)
FN:1,(anonymous_259)
FN:1,(anonymous_260)
FN:1,(anonymous_261)
FN:1,(anonymous_262)
FN:1,(anonymous_263)
FN:1,(anonymous_264)
FN:1,(anonymous_265)
FN:1,(anonymous_266)
FN:1,(anonymous_267)
FN:1,(anonymous_268)
FN:1,(anonymous_269)
FN:1,(anonymous_270)
FN:1,(anonymous_271)
FN:1,(anonymous_272)
FN:1,(anonymous_273)
FN:1,(anonymous_274)
FN:1,(anonymous_275)
FN:1,(anonymous_276)
FN:1,(anonymous_277)
FN:1,(anonymous_278)
FN:1,(anonymous_279)
FN:1,(anonymous_280)
FN:1,(anonymous_281)
FN:1,(anonymous_282)
FN:1,(anonymous_283)
FN:1,(anonymous_284)
FN:1,(anonymous_285)
FN:1,(anonymous_286)
FN:1,(anonymous_287)
FN:1,(anonymous_288)
FN:1,(anonymous_289)
FN:1,(anonymous_290)
FN:1,(anonymous_291)
FN:1,(anonymous_292)
FN:1,(anonymous_293)
FN:1,(anonymous_294)
FN:1,(anonymous_295)
FN:1,(anonymous_296)
FN:1,(anonymous_297)
FN:1,(anonymous_298)
FN:1,(anonymous_299)
FN:1,(anonymous_300)
FN:1,(anonymous_301)
FN:1,(anonymous_302)
FN:1,(anonymous_303)
FN:1,(anonymous_304)
FN:1,(anonymous_305)
FN:1,(anonymous_306)
FN:1,(anonymous_307)
FN:1,(anonymous_308)
FN:1,(anonymous_309)
FN:1,(anonymous_310)
FN:1,(anonymous_311)
FN:1,(anonymous_312)
FN:1,(anonymous_313)
FN:1,(anonymous_314)
FN:1,(anonymous_315)
FN:1,(anonymous_316)
FN:1,(anonymous_317)
FN:1,(anonymous_318)
FN:1,(anonymous_319)
FN:1,(anonymous_320)
FN:1,(anonymous_321)
FN:1,(anonymous_322)
FN:1,(anonymous_323)
FN:1,(anonymous_324)
FN:1,(anonymous_325)
FN:1,(anonymous_326)
FN:1,(anonymous_327)
FN:1,(anonymous_328)
FN:1,(anonymous_329)
FN:1,(anonymous_330)
FN:1,(anonymous_331)
FN:1,(anonymous_332)
FN:1,(anonymous_333)
FN:1,(anonymous_334)
FN:1,(anonymous_335)
FN:1,(anonymous_336)
FN:1,(anonymous_337)
FN:1,(anonymous_338)
FN:1,(anonymous_339)
FN:1,(anonymous_340)
FN:1,(anonymous_341)
FN:1,(anonymous_342)
FN:1,(anonymous_343)
FN:1,(anonymous_344)
FN:1,(anonymous_345)
FN:1,(anonymous_346)
FN:1,(anonymous_347)
FN:1,(anonymous_348)
FN:1,(anonymous_349)
FN:1,(anonymous_350)
FN:1,(anonymous_351)
FN:1,(anonymous_352)
FN:1,(anonymous_353)
FN:1,(anonymous_354)
FN:1,(anonymous_355)
FN:1,(anonymous_356)
FN:1,(anonymous_357)
FN:1,(anonymous_358)
FN:1,(anonymous_359)
FN:1,(anonymous_360)
FN:1,(anonymous_361)
FN:1,(anonymous_362)
FN:1,(anonymous_363)
FN:1,(anonymous_364)
FN:1,(anonymous_365)
FN:1,(anonymous_366)
FN:1,(anonymous_367)
FN:1,(anonymous_368)
FN:1,(anonymous_369)
FN:1,(anonymous_370)
FN:1,(anonymous_371)
FN:1,(anonymous_372)
FN:1,(anonymous_373)
FN:1,(anonymous_374)
FN:1,(anonymous_375)
FN:1,(anonymous_376)
FN:1,(anonymous_377)
FN:1,(anonymous_378)
FN:1,(anonymous_379)
FN:1,(anonymous_380)
FN:1,(anonymous_381)
FN:1,(anonymous_382)
FN:1,(anonymous_383)
FN:1,(anonymous_384)
FN:1,(anonymous_385)
FN:1,(anonymous_386)
FN:1,(anonymous_387)
FN:1,(anonymous_388)
FN:1,(anonymous_389)
FN:1,(anonymous_390)
FN:1,(anonymous_391)
FN:1,(anonymous_392)
FN:1,(anonymous_393)
FN:1,(anonymous_394)
FN:1,(anonymous_395)
FN:1,(anonymous_396)
FN:1,(anonymous_397)
FN:1,(anonymous_398)
FN:1,(anonymous_399)
FN:1,(anonymous_400)
FN:1,(anonymous_401)
FN:1,(anonymous_402)
FN:1,(anonymous_403)
FN:1,(anonymous_404)
FN:1,(anonymous_405)
FN:1,(anonymous_406)
FN:1,(anonymous_407)
FN:1,(anonymous_408)
FN:1,(anonymous_409)
FN:1,(anonymous_410)
FN:1,(anonymous_411)
FN:1,(anonymous_412)
FN:1,(anonymous_413)
FN:1,(anonymous_414)
FN:1,(anonymous_415)
FN:1,(anonymous_416)
FN:1,(anonymous_417)
FN:1,(anonymous_418)
FN:1,(anonymous_419)
FN:1,(anonymous_420)
FN:1,(anonymous_421)
FN:1,(anonymous_422)
FN:1,(anonymous_423)
FN:1,(anonymous_424)
FN:1,(anonymous_425)
FN:1,(anonymous_426)
FN:1,(anonymous_427)
FN:1,(anonymous_428)
FN:1,(anonymous_429)
FN:1,(anonymous_430)
FN:1,(anonymous_431)
FN:1,(anonymous_432)
FN:1,(anonymous_433)
FN:1,(anonymous_434)
FN:1,(anonymous_435)
FN:1,(anonymous_436)
FN:1,(anonymous_437)
FN:1,(anonymous_438)
FN:1,(anonymous_439)
FN:1,(anonymous_440)
FN:1,(anonymous_441)
FN:1,(anonymous_442)
FN:1,(anonymous_443)
FN:1,(anonymous_444)
FN:1,(anonymous_445)
FN:1,(anonymous_446)
FN:1,(anonymous_447)
FN:1,(anonymous_448)
FN:1,(anonymous_449)
FN:1,(anonymous_450)
FN:1,(anonymous_451)
FN:1,(anonymous_452)
FN:1,(anonymous_453)
FN:1,(anonymous_454)
FN:1,(anonymous_455)
FN:1,(anonymous_456)
FN:1,(anonymous_457)
FN:1,(anonymous_458)
FN:1,(anonymous_459)
FN:1,(anonymous_460)
FN:1,(anonymous_461)
FN:1,(anonymous_462)
FN:1,(anonymous_463)
FN:1,(anonymous_464)
FN:1,(anonymous_465)
FN:1,(anonymous_466)
FN:1,(anonymous_467)
FN:1,(anonymous_468)
FN:1,(anonymous_469)
FN:1,(anonymous_470)
FN:1,(anonymous_471)
FN:1,(anonymous_472)
FN:1,(anonymous_473)
FN:1,(anonymous_474)
FN:1,(anonymous_475)
FN:1,(anonymous_476)
FN:1,(anonymous_477)
FN:1,(anonymous_478)
FN:1,(anonymous_479)
FN:1,(anonymous_480)
FN:1,(anonymous_481)
FN:1,(anonymous_482)
FN:1,(anonymous_483)
FN:1,(anonymous_484)
FN:1,(anonymous_485)
FN:1,(anonymous_486)
FN:1,(anonymous_487)
FN:1,(anonymous_488)
FN:1,(anonymous_489)
FN:1,(anonymous_490)
FN:1,(anonymous_491)
FN:1,(anonymous_492)
FN:1,(anonymous_493)
FN:1,(anonymous_494)
FN:1,(anonymous_495)
FN:1,(anonymous_496)
FN:1,(anonymous_497)
FN:1,(anonymous_498)
FN:1,(anonymous_499)
FN:1,(anonymous_500)
FN:1,(anonymous_501)
FN:1,(anonymous_502)
FN:1,(anonymous_503)
FN:1,(anonymous_504)
FN:1,(anonymous_505)
FN:1,(anonymous_506)
FN:1,(anonymous_507)
FN:1,(anonymous_508)
FN:1,(anonymous_509)
FN:1,(anonymous_510)
FN:1,(anonymous_511)
FN:1,(anonymous_512)
FN:1,(anonymous_513)
FN:1,(anonymous_514)
FN:1,(anonymous_515)
FN:1,(anonymous_516)
FN:1,(anonymous_517)
FN:1,(anonymous_518)
FN:1,(anonymous_519)
FN:1,(anonymous_520)
FN:1,(anonymous_521)
FN:1,(anonymous_522)
FN:1,(anonymous_523)
FN:1,(anonymous_524)
FN:1,(anonymous_525)
FN:1,(anonymous_526)
FN:1,(anonymous_527)
FN:1,(anonymous_528)
FN:1,(anonymous_529)
FN:1,(anonymous_530)
FN:1,(anonymous_531)
FN:1,(anonymous_532)
FN:1,(anonymous_533)
FN:1,(anonymous_534)
FN:1,(anonymous_535)
FN:1,(anonymous_536)
FN:1,(anonymous_537)
FN:1,(anonymous_538)
FN:1,(anonymous_539)
FN:1,(anonymous_540)
FN:1,(anonymous_541)
FN:1,(anonymous_542)
FN:1,(anonymous_543)
FN:1,(anonymous_544)
FN:1,(anonymous_545)
FN:1,(anonymous_546)
FN:1,(anonymous_547)
FN:1,(anonymous_548)
FN:1,(anonymous_549)
FN:1,(anonymous_550)
FN:1,(anonymous_551)
FN:1,(anonymous_552)
FN:1,(anonymous_553)
FN:1,(anonymous_554)
FN:1,(anonymous_555)
FN:1,(anonymous_556)
FN:1,(anonymous_557)
FN:1,(anonymous_558)
FN:1,(anonymous_559)
FN:1,(anonymous_560)
FN:1,(anonymous_561)
FN:1,(anonymous_562)
FN:1,(anonymous_563)
FN:1,(anonymous_564)
FN:1,(anonymous_565)
FN:1,(anonymous_566)
FN:1,(anonymous_567)
FN:1,(anonymous_568)
FN:1,(anonymous_569)
FN:1,(anonymous_570)
FN:1,(anonymous_571)
FN:1,(anonymous_572)
FN:1,(anonymous_573)
FN:1,(anonymous_574)
FN:1,(anonymous_575)
FN:1,(anonymous_576)
FN:1,(anonymous_577)
FN:1,(anonymous_578)
FN:1,(anonymous_579)
FN:1,(anonymous_580)
FN:1,(anonymous_581)
FN:1,(anonymous_582)
FN:1,(anonymous_583)
FN:1,(anonymous_584)
FN:1,(anonymous_585)
FN:1,(anonymous_586)
FN:1,(anonymous_587)
FN:1,(anonymous_588)
FN:1,(anonymous_589)
FN:1,(anonymous_590)
FN:1,(anonymous_591)
FN:1,(anonymous_592)
FN:1,(anonymous_593)
FN:1,(anonymous_594)
FN:1,(anonymous_595)
FN:1,(anonymous_596)
FN:1,(anonymous_597)
FN:1,(anonymous_598)
FN:1,(anonymous_599)
FN:1,(anonymous_600)
FN:1,(anonymous_601)
FN:1,(anonymous_602)
FN:1,(anonymous_603)
FN:1,(anonymous_604)
FN:1,(anonymous_605)
FN:1,(anonymous_606)
FN:1,(anonymous_607)
FN:1,(anonymous_608)
FN:1,(anonymous_609)
FN:1,(anonymous_610)
FN:1,(anonymous_611)
FN:1,(anonymous_612)
FN:1,(anonymous_613)
FN:1,(anonymous_614)
FN:1,(anonymous_615)
FN:1,(anonymous_616)
FN:1,(anonymous_617)
FN:1,(anonymous_618)
FN:1,(anonymous_619)
FN:1,(anonymous_620)
FN:1,(anonymous_621)
FN:1,(anonymous_622)
FN:1,(anonymous_623)
FN:1,(anonymous_624)
FN:1,(anonymous_625)
FN:1,(anonymous_626)
FN:1,(anonymous_627)
FN:1,(anonymous_628)
FN:1,(anonymous_629)
FN:1,(anonymous_630)
FN:1,(anonymous_631)
FN:1,(anonymous_632)
FN:1,(anonymous_633)
FN:1,(anonymous_634)
FN:1,(anonymous_635)
FN:1,(anonymous_636)
FN:1,(anonymous_637)
FN:1,(anonymous_638)
FN:1,(anonymous_639)
FN:1,(anonymous_640)
FN:1,(anonymous_641)
FN:1,(anonymous_642)
FN:1,(anonymous_643)
FN:1,(anonymous_644)
FN:1,(anonymous_645)
FN:1,(anonymous_646)
FN:1,(anonymous_647)
FN:1,(anonymous_648)
FN:1,(anonymous_649)
FN:1,(anonymous_650)
FN:1,(anonymous_651)
FN:1,(anonymous_652)
FN:1,(anonymous_653)
FN:1,(anonymous_654)
FN:1,(anonymous_655)
FN:1,(anonymous_656)
FN:1,(anonymous_657)
FN:1,(anonymous_658)
FN:1,(anonymous_659)
FN:1,(anonymous_660)
FN:1,(anonymous_661)
FN:1,(anonymous_662)
FN:1,(anonymous_663)
FN:1,(anonymous_664)
FN:1,(anonymous_665)
FN:1,(anonymous_666)
FN:1,(anonymous_667)
FN:1,(anonymous_668)
FN:1,(anonymous_669)
FN:1,(anonymous_670)
FN:1,(anonymous_671)
FN:1,(anonymous_672)
FN:1,(anonymous_673)
FN:1,(anonymous_674)
FN:1,(anonymous_675)
FN:1,(anonymous_676)
FN:1,(anonymous_677)
FN:1,(anonymous_678)
FN:1,(anonymous_679)
FN:1,(anonymous_680)
FN:1,(anonymous_681)
FN:1,(anonymous_682)
FN:1,(anonymous_683)
FN:1,(anonymous_684)
FN:1,(anonymous_685)
FN:1,(anonymous_686)
FN:1,(anonymous_687)
FN:1,(anonymous_688)
FN:1,(anonymous_689)
FN:1,(anonymous_690)
FN:1,(anonymous_691)
FN:1,(anonymous_692)
FN:1,(anonymous_693)
FN:1,(anonymous_694)
FN:1,(anonymous_695)
FN:1,(anonymous_696)
FN:1,(anonymous_697)
FN:1,(anonymous_698)
FN:1,(anonymous_699)
FN:1,(anonymous_700)
FN:1,(anonymous_701)
FN:1,(anonymous_702)
FN:1,(anonymous_703)
FN:1,(anonymous_704)
FN:1,(anonymous_705)
FN:1,(anonymous_706)
FN:1,(anonymous_707)
FN:1,(anonymous_708)
FN:1,(anonymous_709)
FN:1,(anonymous_710)
FN:1,(anonymous_711)
FN:1,(anonymous_712)
FN:1,(anonymous_713)
FN:1,(anonymous_714)
FN:1,(anonymous_715)
FN:1,(anonymous_716)
FN:1,(anonymous_717)
FN:1,(anonymous_718)
FN:1,(anonymous_719)
FN:1,(anonymous_720)
FN:1,(anonymous_721)
FN:1,(anonymous_722)
FN:1,(anonymous_723)
FN:1,(anonymous_724)
FN:1,(anonymous_725)
FN:1,(anonymous_726)
FN:1,(anonymous_727)
FN:1,(anonymous_728)
FN:1,(anonymous_729)
FN:1,(anonymous_730)
FN:1,(anonymous_731)
FN:1,(anonymous_732)
FN:1,(anonymous_733)
FN:1,(anonymous_734)
FN:1,(anonymous_735)
FN:1,(anonymous_736)
FN:1,(anonymous_737)
FN:1,(anonymous_738)
FN:1,(anonymous_739)
FN:1,(anonymous_740)
FN:1,(anonymous_741)
FN:1,(anonymous_742)
FN:1,(anonymous_743)
FN:1,(anonymous_744)
FN:1,(anonymous_745)
FN:1,(anonymous_746)
FN:1,(anonymous_747)
FN:1,(anonymous_748)
FN:1,(anonymous_749)
FN:1,(anonymous_750)
FN:1,(anonymous_751)
FN:1,(anonymous_752)
FN:1,(anonymous_753)
FN:1,(anonymous_754)
FN:1,(anonymous_755)
FN:1,(anonymous_756)
FN:1,(anonymous_757)
FN:1,(anonymous_758)
FN:1,(anonymous_759)
FN:1,(anonymous_760)
FN:1,(anonymous_761)
FN:1,(anonymous_762)
FN:1,(anonymous_763)
FN:1,(anonymous_764)
FN:1,(anonymous_765)
FN:1,(anonymous_766)
FN:1,(anonymous_767)
FN:1,(anonymous_768)
FN:1,(anonymous_769)
FN:1,(anonymous_770)
FN:1,(anonymous_771)
FN:1,(anonymous_772)
FN:1,(anonymous_773)
FN:1,(anonymous_774)
FN:1,(anonymous_775)
FN:1,(anonymous_776)
FN:1,(anonymous_777)
FN:1,(anonymous_778)
FN:1,(anonymous_779)
FN:1,(anonymous_780)
FN:1,(anonymous_781)
FN:1,(anonymous_782)
FN:1,(anonymous_783)
FN:1,(anonymous_784)
FN:1,(anonymous_785)
FN:1,(anonymous_786)
FN:1,(anonymous_787)
FN:1,(anonymous_788)
FN:1,(anonymous_789)
FN:1,(anonymous_790)
FN:1,(anonymous_791)
FN:1,(anonymous_792)
FN:1,(anonymous_793)
FN:1,n
FN:1,(anonymous_795)
FN:1,(anonymous_796)
FN:1,(anonymous_797)
FN:1,(anonymous_798)
FN:1,e
FN:1,(anonymous_800)
FN:1,(anonymous_801)
FN:1,(anonymous_802)
FN:1,(anonymous_803)
FN:1,(anonymous_804)
FN:1,(anonymous_805)
FN:1,(anonymous_806)
FN:1,(anonymous_807)
FN:1,e
FN:1,(anonymous_809)
FN:1,(anonymous_810)
FN:1,(anonymous_811)
FN:1,(anonymous_812)
FN:1,(anonymous_813)
FN:1,e
FN:1,(anonymous_815)
FN:1,(anonymous_816)
FN:1,t
FN:1,(anonymous_818)
FN:1,t
FN:1,(anonymous_820)
FN:1,t
FN:1,(anonymous_822)
FN:1,t
FN:1,(anonymous_824)
FN:1,t
FN:1,(anonymous_826)
FN:1,t
FN:1,(anonymous_828)
FN:1,t
FN:1,(anonymous_830)
FN:1,t
FN:1,(anonymous_832)
FN:1,t
FN:1,(anonymous_834)
FN:1,t
FN:1,(anonymous_836)
FN:1,(anonymous_837)
FN:1,(anonymous_838)
FN:1,n
FN:1,(anonymous_840)
FN:1,(anonymous_841)
FN:1,Ma
FN:1,(anonymous_843)
FN:1,e
FN:1,(anonymous_845)
FN:1,(anonymous_846)
FN:1,(anonymous_847)
FN:1,(anonymous_848)
FN:1,(anonymous_849)
FN:1,(anonymous_850)
FN:1,e
FN:1,(anonymous_852)
FN:1,(anonymous_853)
FN:1,t
FN:1,(anonymous_855)
FN:1,(anonymous_856)
FN:1,(anonymous_857)
FN:1,t
FN:1,(anonymous_859)
FN:1,(anonymous_860)
FN:1,t
FN:1,(anonymous_862)
FN:1,(anonymous_863)
FN:1,t
FN:1,(anonymous_865)
FN:1,(anonymous_866)
FN:1,t
FN:1,(anonymous_868)
FN:1,(anonymous_869)
FN:1,(anonymous_870)
FN:1,t
FN:1,(anonymous_872)
FN:1,(anonymous_873)
FN:1,(anonymous_874)
FN:1,t
FN:1,(anonymous_876)
FN:1,(anonymous_877)
FN:1,(anonymous_878)
FN:1,(anonymous_879)
FN:1,t
FN:1,(anonymous_881)
FN:1,(anonymous_882)
FN:1,t
FN:1,(anonymous_884)
FN:1,(anonymous_885)
FN:1,(anonymous_886)
FN:1,t
FN:1,(anonymous_888)
FN:1,(anonymous_889)
FN:1,(anonymous_890)
FN:1,t
FN:1,(anonymous_892)
FN:1,(anonymous_893)
FN:1,(anonymous_894)
FN:1,t
FN:1,(anonymous_896)
FN:1,(anonymous_897)
FN:1,t
FN:1,(anonymous_899)
FN:1,(anonymous_900)
FN:1,(anonymous_901)
FN:1,t
FN:1,(anonymous_903)
FN:1,(anonymous_904)
FN:1,t
FN:1,(anonymous_906)
FN:1,(anonymous_907)
FN:1,t
FN:1,(anonymous_909)
FN:1,(anonymous_910)
FN:1,(anonymous_911)
FN:1,t
FN:1,(anonymous_913)
FN:1,(anonymous_914)
FN:1,t
FN:1,(anonymous_916)
FN:1,(anonymous_917)
FN:1,t
FN:1,(anonymous_919)
FN:1,(anonymous_920)
FN:1,(anonymous_921)
FN:1,t
FN:1,(anonymous_923)
FN:1,(anonymous_924)
FN:1,t
FN:1,(anonymous_926)
FN:1,(anonymous_927)
FN:1,t
FN:1,(anonymous_929)
FN:1,(anonymous_930)
FN:1,(anonymous_931)
FN:1,t
FN:1,(anonymous_933)
FN:1,(anonymous_934)
FN:1,t
FN:1,(anonymous_936)
FN:1,(anonymous_937)
FN:1,(anonymous_938)
FN:1,(anonymous_939)
FN:1,(anonymous_940)
FN:1,n
FN:1,(anonymous_942)
FN:1,(anonymous_943)
FN:1,t
FN:1,(anonymous_945)
FN:1,(anonymous_946)
FN:1,(anonymous_947)
FN:1,t
FN:1,(anonymous_949)
FN:1,(anonymous_950)
FN:1,t
FN:1,(anonymous_952)
FN:1,(anonymous_953)
FN:1,(anonymous_954)
FN:1,t
FN:1,(anonymous_956)
FN:1,(anonymous_957)
FN:1,(anonymous_958)
FN:1,t
FN:1,(anonymous_960)
FN:1,(anonymous_961)
FN:1,(anonymous_962)
FN:1,(anonymous_963)
FN:1,t
FN:1,(anonymous_965)
FN:1,(anonymous_966)
FN:1,t
FN:1,(anonymous_968)
FN:1,(anonymous_969)
FN:1,(anonymous_970)
FN:1,(anonymous_971)
FN:1,t
FN:1,(anonymous_973)
FN:1,(anonymous_974)
FN:1,(anonymous_975)
FN:1,(anonymous_976)
FN:1,t
FN:1,(anonymous_978)
FN:1,(anonymous_979)
FN:1,(anonymous_980)
FN:1,(anonymous_981)
FN:1,t
FN:1,(anonymous_983)
FN:1,(anonymous_984)
FN:1,t
FN:1,(anonymous_986)
FN:1,(anonymous_987)
FN:1,t
FN:1,(anonymous_989)
FN:1,(anonymous_990)
FN:1,t
FN:1,(anonymous_992)
FN:1,(anonymous_993)
FN:1,t
FN:1,(anonymous_995)
FN:1,(anonymous_996)
FN:1,t
FN:1,(anonymous_998)
FN:1,(anonymous_999)
FN:1,(anonymous_1000)
FN:1,t
FN:1,(anonymous_1002)
FN:1,(anonymous_1003)
FN:1,(anonymous_1004)
FN:1,t
FN:1,(anonymous_1006)
FN:1,(anonymous_1007)
FN:1,t
FN:1,(anonymous_1009)
FN:1,(anonymous_1010)
FN:1,(anonymous_1011)
FN:1,t
FN:1,(anonymous_1013)
FN:1,(anonymous_1014)
FN:1,(anonymous_1015)
FN:1,n
FN:1,(anonymous_1017)
FN:1,(anonymous_1018)
FN:1,(anonymous_1019)
FN:1,(anonymous_1020)
FN:1,(anonymous_1021)
FN:1,(anonymous_1022)
FN:1,(anonymous_1023)
FN:1,(anonymous_1024)
FN:1,(anonymous_1025)
FN:1,(anonymous_1026)
FN:1,t
FN:1,(anonymous_1028)
FN:1,(anonymous_1029)
FN:1,(anonymous_1030)
FN:1,t
FN:1,(anonymous_1032)
FN:1,(anonymous_1033)
FN:1,(anonymous_1034)
FN:1,(anonymous_1035)
FN:1,(anonymous_1036)
FN:1,(anonymous_1037)
FN:1,(anonymous_1038)
FN:1,t
FN:1,(anonymous_1040)
FN:1,(anonymous_1041)
FN:1,(anonymous_1042)
FN:1,(anonymous_1043)
FN:1,t
FN:1,(anonymous_1045)
FN:1,(anonymous_1046)
FN:1,t
FN:1,(anonymous_1048)
FN:1,(anonymous_1049)
FN:1,(anonymous_1050)
FN:1,(anonymous_1051)
FN:1,t
FN:1,(anonymous_1053)
FN:1,(anonymous_1054)
FN:1,(anonymous_1055)
FN:1,(anonymous_1056)
FN:1,(anonymous_1057)
FN:1,(anonymous_1058)
FN:1,t
FN:1,(anonymous_1060)
FN:1,(anonymous_1061)
FN:1,(anonymous_1062)
FN:1,t
FN:1,(anonymous_1064)
FN:1,(anonymous_1065)
FN:1,t
FN:1,(anonymous_1067)
FN:1,(anonymous_1068)
FN:1,t
FN:1,(anonymous_1070)
FN:1,(anonymous_1071)
FN:1,(anonymous_1072)
FN:1,t
FN:1,(anonymous_1074)
FN:1,(anonymous_1075)
FN:1,(anonymous_1076)
FN:1,t
FN:1,(anonymous_1078)
FN:1,(anonymous_1079)
FN:1,t
FN:1,(anonymous_1081)
FN:1,(anonymous_1082)
FN:1,t
FN:1,(anonymous_1084)
FN:1,(anonymous_1085)
FN:1,(anonymous_1086)
FN:1,t
FN:1,(anonymous_1088)
FN:1,(anonymous_1089)
FN:1,t
FN:1,(anonymous_1091)
FN:1,(anonymous_1092)
FN:1,(anonymous_1093)
FN:1,t
FN:1,(anonymous_1095)
FN:1,(anonymous_1096)
FN:1,t
FN:1,(anonymous_1098)
FN:1,(anonymous_1099)
FN:1,(anonymous_1100)
FN:1,(anonymous_1101)
FN:1,t
FN:1,(anonymous_1103)
FN:1,(anonymous_1104)
FN:1,(anonymous_1105)
FN:1,(anonymous_1106)
FN:1,t
FN:1,(anonymous_1108)
FN:1,(anonymous_1109)
FN:1,(anonymous_1110)
FN:1,(anonymous_1111)
FN:1,e
FN:1,(anonymous_1113)
FN:1,(anonymous_1114)
FN:1,(anonymous_1115)
FN:1,e
FN:1,(anonymous_1117)
FN:1,(anonymous_1118)
FN:1,(anonymous_1119)
FN:1,(anonymous_1120)
FN:1,(anonymous_1121)
FN:1,(anonymous_1122)
FNF:1123
FNH:938
FNDA:116812,t
FNDA:2232,n
FNDA:46,(anonymous_2)
FNDA:7686,c
FNDA:3733,a
FNDA:2760,p
FNDA:3373,i
FNDA:46,(anonymous_7)
FNDA:4309,(anonymous_8)
FNDA:46,(anonymous_9)
FNDA:46,(anonymous_10)
FNDA:46,e
FNDA:29,(anonymous_12)
FNDA:0,(anonymous_13)
FNDA:0,(anonymous_14)
FNDA:1,(anonymous_15)
FNDA:46,(anonymous_16)
FNDA:46,(anonymous_17)
FNDA:184,(anonymous_18)
FNDA:0,(anonymous_19)
FNDA:0,(anonymous_20)
FNDA:0,(anonymous_21)
FNDA:0,(anonymous_22)
FNDA:0,(anonymous_23)
FNDA:0,(anonymous_24)
FNDA:150,(anonymous_25)
FNDA:0,(anonymous_26)
FNDA:431,y
FNDA:114,v
FNDA:55,A
FNDA:55,(anonymous_30)
FNDA:3,w
FNDA:0,g
FNDA:12,b
FNDA:2,O
FNDA:5,_
FNDA:286,k
FNDA:285,C
FNDA:285,(anonymous_38)
FNDA:373,L
FNDA:1,S
FNDA:2576,R
FNDA:3304,W
FNDA:518,M
FNDA:204,(anonymous_44)
FNDA:518,T
FNDA:46,(anonymous_46)
FNDA:46,(anonymous_47)
FNDA:0,e
FNDA:25922,(anonymous_49)
FNDA:0,(anonymous_50)
FNDA:0,(anonymous_51)
FNDA:0,(anonymous_52)
FNDA:2001,K
FNDA:46,(anonymous_54)
FNDA:0,e
FNDA:46,(anonymous_56)
FNDA:46,(anonymous_57)
FNDA:46,(anonymous_58)
FNDA:46,(anonymous_59)
FNDA:80,(anonymous_60)
FNDA:136,(anonymous_61)
FNDA:78,(anonymous_62)
FNDA:9,(anonymous_63)
FNDA:46,(anonymous_64)
FNDA:46,r
FNDA:46,(anonymous_66)
FNDA:92,(anonymous_67)
FNDA:46,(anonymous_68)
FNDA:1584,(anonymous_69)
FNDA:8,(anonymous_70)
FNDA:46,(anonymous_71)
FNDA:0,(anonymous_72)
FNDA:0,(anonymous_73)
FNDA:3588,Y
FNDA:3588,n
FNDA:7614,H
FNDA:46,(anonymous_77)
FNDA:46,(anonymous_78)
FNDA:46,e
FNDA:92,(anonymous_80)
FNDA:1414,(anonymous_81)
FNDA:46,(anonymous_82)
FNDA:46,e
FNDA:92,(anonymous_84)
FNDA:0,(anonymous_85)
FNDA:126157,(anonymous_86)
FNDA:95216,(anonymous_87)
FNDA:28083,(anonymous_88)
FNDA:2926,(anonymous_89)
FNDA:31009,(anonymous_90)
FNDA:22058,(anonymous_91)
FNDA:46,(anonymous_92)
FNDA:46,e
FNDA:46,(anonymous_94)
FNDA:21126,(anonymous_95)
FNDA:49635,(anonymous_96)
FNDA:46,(anonymous_97)
FNDA:46,(anonymous_98)
FNDA:46,e
FNDA:0,(anonymous_100)
FNDA:470,(anonymous_101)
FNDA:11,(anonymous_102)
FNDA:7614,(anonymous_103)
FNDA:15109,(anonymous_104)
FNDA:2842,(anonymous_105)
FNDA:46,(anonymous_106)
FNDA:46,r
FNDA:3900,(anonymous_108)
FNDA:21243,(anonymous_109)
FNDA:24492,(anonymous_110)
FNDA:3539,(anonymous_111)
FNDA:1264,(anonymous_112)
FNDA:15082,(anonymous_113)
FNDA:8115,(anonymous_114)
FNDA:238,(anonymous_115)
FNDA:1258,(anonymous_116)
FNDA:53,(anonymous_117)
FNDA:4,(anonymous_118)
FNDA:956,(anonymous_119)
FNDA:202,(anonymous_120)
FNDA:142,(anonymous_121)
FNDA:36398,(anonymous_122)
FNDA:12360,(anonymous_123)
FNDA:4969,(anonymous_124)
FNDA:598,(anonymous_125)
FNDA:836,(anonymous_126)
FNDA:271,(anonymous_127)
FNDA:120,(anonymous_128)
FNDA:374,(anonymous_129)
FNDA:76,(anonymous_130)
FNDA:363,(anonymous_131)
FNDA:159,(anonymous_132)
FNDA:23,(anonymous_133)
FNDA:1,(anonymous_134)
FNDA:14,(anonymous_135)
FNDA:13,(anonymous_136)
FNDA:32,(anonymous_137)
FNDA:15,(anonymous_138)
FNDA:6,(anonymous_139)
FNDA:12,(anonymous_140)
FNDA:17,(anonymous_141)
FNDA:9,(anonymous_142)
FNDA:0,(anonymous_143)
FNDA:29,(anonymous_144)
FNDA:6,(anonymous_145)
FNDA:0,(anonymous_146)
FNDA:11,(anonymous_147)
FNDA:159,(anonymous_148)
FNDA:159,(anonymous_149)
FNDA:159,(anonymous_150)
FNDA:0,(anonymous_151)
FNDA:0,(anonymous_152)
FNDA:0,(anonymous_153)
FNDA:0,(anonymous_154)
FNDA:0,(anonymous_155)
FNDA:0,(anonymous_156)
FNDA:0,(anonymous_157)
FNDA:0,(anonymous_158)
FNDA:0,(anonymous_159)
FNDA:0,(anonymous_160)
FNDA:0,(anonymous_161)
FNDA:0,(anonymous_162)
FNDA:0,(anonymous_163)
FNDA:0,(anonymous_164)
FNDA:0,(anonymous_165)
FNDA:0,(anonymous_166)
FNDA:0,(anonymous_167)
FNDA:0,(anonymous_168)
FNDA:0,(anonymous_169)
FNDA:0,(anonymous_170)
FNDA:0,(anonymous_171)
FNDA:0,(anonymous_172)
FNDA:0,(anonymous_173)
FNDA:0,(anonymous_174)
FNDA:0,(anonymous_175)
FNDA:0,(anonymous_176)
FNDA:0,(anonymous_177)
FNDA:0,(anonymous_178)
FNDA:0,(anonymous_179)
FNDA:0,(anonymous_180)
FNDA:0,(anonymous_181)
FNDA:0,(anonymous_182)
FNDA:0,(anonymous_183)
FNDA:0,(anonymous_184)
FNDA:0,(anonymous_185)
FNDA:0,(anonymous_186)
FNDA:0,(anonymous_187)
FNDA:0,(anonymous_188)
FNDA:0,(anonymous_189)
FNDA:0,(anonymous_190)
FNDA:152,(anonymous_191)
FNDA:152,(anonymous_192)
FNDA:0,(anonymous_193)
FNDA:88,(anonymous_194)
FNDA:88,(anonymous_195)
FNDA:88,(anonymous_196)
FNDA:36,(anonymous_197)
FNDA:36,(anonymous_198)
FNDA:36,(anonymous_199)
FNDA:47,(anonymous_200)
FNDA:34,(anonymous_201)
FNDA:0,(anonymous_202)
FNDA:47,(anonymous_203)
FNDA:47,(anonymous_204)
FNDA:47,(anonymous_205)
FNDA:2,(anonymous_206)
FNDA:2,(anonymous_207)
FNDA:2,(anonymous_208)
FNDA:2,(anonymous_209)
FNDA:0,(anonymous_210)
FNDA:2,(anonymous_211)
FNDA:2,(anonymous_212)
FNDA:2,(anonymous_213)
FNDA:2,(anonymous_214)
FNDA:2,(anonymous_215)
FNDA:2,(anonymous_216)
FNDA:2,(anonymous_217)
FNDA:2,(anonymous_218)
FNDA:2,(anonymous_219)
FNDA:2,(anonymous_220)
FNDA:47,(anonymous_221)
FNDA:47,(anonymous_222)
FNDA:47,(anonymous_223)
FNDA:2,(anonymous_224)
FNDA:2,(anonymous_225)
FNDA:2,(anonymous_226)
FNDA:2,(anonymous_227)
FNDA:2,(anonymous_228)
FNDA:17,(anonymous_229)
FNDA:17,(anonymous_230)
FNDA:17,(anonymous_231)
FNDA:58,(anonymous_232)
FNDA:70,(anonymous_233)
FNDA:70,(anonymous_234)
FNDA:70,(anonymous_235)
FNDA:70,(anonymous_236)
FNDA:105,(anonymous_237)
FNDA:105,(anonymous_238)
FNDA:105,(anonymous_239)
FNDA:105,(anonymous_240)
FNDA:110,(anonymous_241)
FNDA:179,(anonymous_242)
FNDA:179,(anonymous_243)
FNDA:179,(anonymous_244)
FNDA:178,(anonymous_245)
FNDA:0,(anonymous_246)
FNDA:0,(anonymous_247)
FNDA:10,(anonymous_248)
FNDA:10,(anonymous_249)
FNDA:21,(anonymous_250)
FNDA:14,(anonymous_251)
FNDA:14,(anonymous_252)
FNDA:14,(anonymous_253)
FNDA:14,(anonymous_254)
FNDA:14,(anonymous_255)
FNDA:14,(anonymous_256)
FNDA:14,(anonymous_257)
FNDA:14,(anonymous_258)
FNDA:14,(anonymous_259)
FNDA:0,(anonymous_260)
FNDA:14,(anonymous_261)
FNDA:7,(anonymous_262)
FNDA:7,(anonymous_263)
FNDA:7,(anonymous_264)
FNDA:13,(anonymous_265)
FNDA:59,(anonymous_266)
FNDA:59,(anonymous_267)
FNDA:59,(anonymous_268)
FNDA:0,(anonymous_269)
FNDA:0,(anonymous_270)
FNDA:0,(anonymous_271)
FNDA:17,(anonymous_272)
FNDA:17,(anonymous_273)
FNDA:17,(anonymous_274)
FNDA:274,(anonymous_275)
FNDA:373,(anonymous_276)
FNDA:373,(anonymous_277)
FNDA:373,(anonymous_278)
FNDA:373,(anonymous_279)
FNDA:373,(anonymous_280)
FNDA:373,(anonymous_281)
FNDA:373,(anonymous_282)
FNDA:373,(anonymous_283)
FNDA:373,(anonymous_284)
FNDA:373,(anonymous_285)
FNDA:373,(anonymous_286)
FNDA:302,(anonymous_287)
FNDA:302,(anonymous_288)
FNDA:302,(anonymous_289)
FNDA:202,(anonymous_290)
FNDA:202,(anonymous_291)
FNDA:8,(anonymous_292)
FNDA:4,(anonymous_293)
FNDA:323,(anonymous_294)
FNDA:323,(anonymous_295)
FNDA:323,(anonymous_296)
FNDA:323,(anonymous_297)
FNDA:323,(anonymous_298)
FNDA:323,(anonymous_299)
FNDA:323,(anonymous_300)
FNDA:323,(anonymous_301)
FNDA:323,(anonymous_302)
FNDA:314,(anonymous_303)
FNDA:211,(anonymous_304)
FNDA:211,(anonymous_305)
FNDA:211,(anonymous_306)
FNDA:211,(anonymous_307)
FNDA:208,(anonymous_308)
FNDA:208,(anonymous_309)
FNDA:9,(anonymous_310)
FNDA:9,(anonymous_311)
FNDA:9,(anonymous_312)
FNDA:4,(anonymous_313)
FNDA:4,(anonymous_314)
FNDA:8,(anonymous_315)
FNDA:8,(anonymous_316)
FNDA:8,(anonymous_317)
FNDA:8,(anonymous_318)
FNDA:36,(anonymous_319)
FNDA:37,(anonymous_320)
FNDA:36,(anonymous_321)
FNDA:1,(anonymous_322)
FNDA:37,(anonymous_323)
FNDA:37,(anonymous_324)
FNDA:550,(anonymous_325)
FNDA:185,(anonymous_326)
FNDA:185,(anonymous_327)
FNDA:185,(anonymous_328)
FNDA:179,(anonymous_329)
FNDA:179,(anonymous_330)
FNDA:179,(anonymous_331)
FNDA:539,(anonymous_332)
FNDA:539,(anonymous_333)
FNDA:539,(anonymous_334)
FNDA:177,(anonymous_335)
FNDA:177,(anonymous_336)
FNDA:177,(anonymous_337)
FNDA:168,(anonymous_338)
FNDA:168,(anonymous_339)
FNDA:168,(anonymous_340)
FNDA:168,(anonymous_341)
FNDA:9,(anonymous_342)
FNDA:168,(anonymous_343)
FNDA:168,(anonymous_344)
FNDA:161,(anonymous_345)
FNDA:161,(anonymous_346)
FNDA:161,(anonymous_347)
FNDA:161,(anonymous_348)
FNDA:161,(anonymous_349)
FNDA:161,(anonymous_350)
FNDA:161,(anonymous_351)
FNDA:161,(anonymous_352)
FNDA:161,(anonymous_353)
FNDA:8,(anonymous_354)
FNDA:8,(anonymous_355)
FNDA:8,(anonymous_356)
FNDA:11,(anonymous_357)
FNDA:11,(anonymous_358)
FNDA:11,(anonymous_359)
FNDA:11,(anonymous_360)
FNDA:11,(anonymous_361)
FNDA:11,(anonymous_362)
FNDA:439,(anonymous_363)
FNDA:439,(anonymous_364)
FNDA:439,(anonymous_365)
FNDA:312,(anonymous_366)
FNDA:312,(anonymous_367)
FNDA:306,(anonymous_368)
FNDA:306,(anonymous_369)
FNDA:306,(anonymous_370)
FNDA:304,(anonymous_371)
FNDA:304,(anonymous_372)
FNDA:280,(anonymous_373)
FNDA:280,(anonymous_374)
FNDA:280,(anonymous_375)
FNDA:280,(anonymous_376)
FNDA:751,(anonymous_377)
FNDA:751,(anonymous_378)
FNDA:751,(anonymous_379)
FNDA:751,(anonymous_380)
FNDA:751,(anonymous_381)
FNDA:751,(anonymous_382)
FNDA:751,(anonymous_383)
FNDA:751,(anonymous_384)
FNDA:751,(anonymous_385)
FNDA:751,(anonymous_386)
FNDA:751,(anonymous_387)
FNDA:751,(anonymous_388)
FNDA:751,(anonymous_389)
FNDA:751,(anonymous_390)
FNDA:762,(anonymous_391)
FNDA:762,(anonymous_392)
FNDA:762,(anonymous_393)
FNDA:753,(anonymous_394)
FNDA:753,(anonymous_395)
FNDA:776,(anonymous_396)
FNDA:776,(anonymous_397)
FNDA:776,(anonymous_398)
FNDA:776,(anonymous_399)
FNDA:776,(anonymous_400)
FNDA:774,(anonymous_401)
FNDA:774,(anonymous_402)
FNDA:774,(anonymous_403)
FNDA:774,(anonymous_404)
FNDA:774,(anonymous_405)
FNDA:774,(anonymous_406)
FNDA:774,(anonymous_407)
FNDA:469,(anonymous_408)
FNDA:469,(anonymous_409)
FNDA:469,(anonymous_410)
FNDA:469,(anonymous_411)
FNDA:469,(anonymous_412)
FNDA:469,(anonymous_413)
FNDA:469,(anonymous_414)
FNDA:778,(anonymous_415)
FNDA:778,(anonymous_416)
FNDA:778,(anonymous_417)
FNDA:825,(anonymous_418)
FNDA:825,(anonymous_419)
FNDA:825,(anonymous_420)
FNDA:822,(anonymous_421)
FNDA:822,(anonymous_422)
FNDA:822,(anonymous_423)
FNDA:822,(anonymous_424)
FNDA:790,(anonymous_425)
FNDA:790,(anonymous_426)
FNDA:438,(anonymous_427)
FNDA:438,(anonymous_428)
FNDA:438,(anonymous_429)
FNDA:279,(anonymous_430)
FNDA:0,(anonymous_431)
FNDA:438,(anonymous_432)
FNDA:438,(anonymous_433)
FNDA:438,(anonymous_434)
FNDA:438,(anonymous_435)
FNDA:438,(anonymous_436)
FNDA:280,(anonymous_437)
FNDA:1,(anonymous_438)
FNDA:437,(anonymous_439)
FNDA:440,(anonymous_440)
FNDA:440,(anonymous_441)
FNDA:440,(anonymous_442)
FNDA:439,(anonymous_443)
FNDA:254,(anonymous_444)
FNDA:254,(anonymous_445)
FNDA:254,(anonymous_446)
FNDA:106,(anonymous_447)
FNDA:2,(anonymous_448)
FNDA:252,(anonymous_449)
FNDA:252,(anonymous_450)
FNDA:252,(anonymous_451)
FNDA:362,(anonymous_452)
FNDA:362,(anonymous_453)
FNDA:362,(anonymous_454)
FNDA:362,(anonymous_455)
FNDA:437,(anonymous_456)
FNDA:437,(anonymous_457)
FNDA:437,(anonymous_458)
FNDA:271,(anonymous_459)
FNDA:278,(anonymous_460)
FNDA:278,(anonymous_461)
FNDA:19,(anonymous_462)
FNDA:19,(anonymous_463)
FNDA:0,(anonymous_464)
FNDA:19,(anonymous_465)
FNDA:19,(anonymous_466)
FNDA:19,(anonymous_467)
FNDA:19,(anonymous_468)
FNDA:19,(anonymous_469)
FNDA:19,(anonymous_470)
FNDA:44,(anonymous_471)
FNDA:6,(anonymous_472)
FNDA:6,(anonymous_473)
FNDA:6,(anonymous_474)
FNDA:6,(anonymous_475)
FNDA:19,(anonymous_476)
FNDA:19,(anonymous_477)
FNDA:19,(anonymous_478)
FNDA:44,(anonymous_479)
FNDA:19,(anonymous_480)
FNDA:19,(anonymous_481)
FNDA:44,(anonymous_482)
FNDA:0,(anonymous_483)
FNDA:0,(anonymous_484)
FNDA:0,(anonymous_485)
FNDA:0,(anonymous_486)
FNDA:0,(anonymous_487)
FNDA:0,(anonymous_488)
FNDA:0,(anonymous_489)
FNDA:46,(anonymous_490)
FNDA:46,(anonymous_491)
FNDA:46,(anonymous_492)
FNDA:31,(anonymous_493)
FNDA:31,(anonymous_494)
FNDA:49,(anonymous_495)
FNDA:29,(anonymous_496)
FNDA:29,(anonymous_497)
FNDA:21,(anonymous_498)
FNDA:21,(anonymous_499)
FNDA:21,(anonymous_500)
FNDA:21,(anonymous_501)
FNDA:21,(anonymous_502)
FNDA:2,(anonymous_503)
FNDA:2,(anonymous_504)
FNDA:19,(anonymous_505)
FNDA:19,(anonymous_506)
FNDA:19,(anonymous_507)
FNDA:18,(anonymous_508)
FNDA:18,(anonymous_509)
FNDA:18,(anonymous_510)
FNDA:1,(anonymous_511)
FNDA:1,(anonymous_512)
FNDA:1,(anonymous_513)
FNDA:1,(anonymous_514)
FNDA:1,(anonymous_515)
FNDA:19,(anonymous_516)
FNDA:19,(anonymous_517)
FNDA:228,(anonymous_518)
FNDA:120,(anonymous_519)
FNDA:71,(anonymous_520)
FNDA:60,(anonymous_521)
FNDA:168,(anonymous_522)
FNDA:228,(anonymous_523)
FNDA:228,(anonymous_524)
FNDA:0,(anonymous_525)
FNDA:228,(anonymous_526)
FNDA:228,(anonymous_527)
FNDA:228,(anonymous_528)
FNDA:0,(anonymous_529)
FNDA:228,(anonymous_530)
FNDA:228,(anonymous_531)
FNDA:292,(anonymous_532)
FNDA:94,(anonymous_533)
FNDA:168,(anonymous_534)
FNDA:145,(anonymous_535)
FNDA:145,(anonymous_536)
FNDA:228,(anonymous_537)
FNDA:228,(anonymous_538)
FNDA:228,(anonymous_539)
FNDA:228,(anonymous_540)
FNDA:228,(anonymous_541)
FNDA:0,(anonymous_542)
FNDA:25,(anonymous_543)
FNDA:131,(anonymous_544)
FNDA:131,(anonymous_545)
FNDA:131,(anonymous_546)
FNDA:131,(anonymous_547)
FNDA:2,(anonymous_548)
FNDA:2,(anonymous_549)
FNDA:2,(anonymous_550)
FNDA:3,(anonymous_551)
FNDA:3,(anonymous_552)
FNDA:3,(anonymous_553)
FNDA:3,(anonymous_554)
FNDA:6,(anonymous_555)
FNDA:6,(anonymous_556)
FNDA:6,(anonymous_557)
FNDA:6,(anonymous_558)
FNDA:129,(anonymous_559)
FNDA:129,(anonymous_560)
FNDA:129,(anonymous_561)
FNDA:129,(anonymous_562)
FNDA:129,(anonymous_563)
FNDA:0,(anonymous_564)
FNDA:0,(anonymous_565)
FNDA:0,(anonymous_566)
FNDA:0,(anonymous_567)
FNDA:0,(anonymous_568)
FNDA:0,(anonymous_569)
FNDA:0,(anonymous_570)
FNDA:0,(anonymous_571)
FNDA:0,(anonymous_572)
FNDA:0,(anonymous_573)
FNDA:0,(anonymous_574)
FNDA:0,(anonymous_575)
FNDA:0,(anonymous_576)
FNDA:0,(anonymous_577)
FNDA:129,(anonymous_578)
FNDA:129,(anonymous_579)
FNDA:129,(anonymous_580)
FNDA:114,(anonymous_581)
FNDA:114,(anonymous_582)
FNDA:114,(anonymous_583)
FNDA:7,(anonymous_584)
FNDA:7,(anonymous_585)
FNDA:7,(anonymous_586)
FNDA:15,(anonymous_587)
FNDA:15,(anonymous_588)
FNDA:15,(anonymous_589)
FNDA:15,(anonymous_590)
FNDA:12,(anonymous_591)
FNDA:12,(anonymous_592)
FNDA:9,(anonymous_593)
FNDA:9,(anonymous_594)
FNDA:3,(anonymous_595)
FNDA:3,(anonymous_596)
FNDA:3,(anonymous_597)
FNDA:3,(anonymous_598)
FNDA:1,(anonymous_599)
FNDA:1,(anonymous_600)
FNDA:228,(anonymous_601)
FNDA:228,(anonymous_602)
FNDA:228,(anonymous_603)
FNDA:114,(anonymous_604)
FNDA:114,(anonymous_605)
FNDA:114,(anonymous_606)
FNDA:228,(anonymous_607)
FNDA:144,(anonymous_608)
FNDA:13,(anonymous_609)
FNDA:1,(anonymous_610)
FNDA:1,(anonymous_611)
FNDA:109,(anonymous_612)
FNDA:109,(anonymous_613)
FNDA:109,(anonymous_614)
FNDA:107,(anonymous_615)
FNDA:107,(anonymous_616)
FNDA:107,(anonymous_617)
FNDA:0,(anonymous_618)
FNDA:107,(anonymous_619)
FNDA:107,(anonymous_620)
FNDA:107,(anonymous_621)
FNDA:0,(anonymous_622)
FNDA:65,(anonymous_623)
FNDA:65,(anonymous_624)
FNDA:65,(anonymous_625)
FNDA:12,(anonymous_626)
FNDA:12,(anonymous_627)
FNDA:12,(anonymous_628)
FNDA:271,(anonymous_629)
FNDA:271,(anonymous_630)
FNDA:271,(anonymous_631)
FNDA:272,(anonymous_632)
FNDA:272,(anonymous_633)
FNDA:272,(anonymous_634)
FNDA:18,(anonymous_635)
FNDA:0,(anonymous_636)
FNDA:257,(anonymous_637)
FNDA:257,(anonymous_638)
FNDA:1,(anonymous_639)
FNDA:0,(anonymous_640)
FNDA:255,(anonymous_641)
FNDA:255,(anonymous_642)
FNDA:255,(anonymous_643)
FNDA:254,(anonymous_644)
FNDA:254,(anonymous_645)
FNDA:12,(anonymous_646)
FNDA:12,(anonymous_647)
FNDA:12,(anonymous_648)
FNDA:12,(anonymous_649)
FNDA:12,(anonymous_650)
FNDA:11,(anonymous_651)
FNDA:11,(anonymous_652)
FNDA:11,(anonymous_653)
FNDA:244,(anonymous_654)
FNDA:244,(anonymous_655)
FNDA:244,(anonymous_656)
FNDA:244,(anonymous_657)
FNDA:244,(anonymous_658)
FNDA:244,(anonymous_659)
FNDA:240,(anonymous_660)
FNDA:240,(anonymous_661)
FNDA:240,(anonymous_662)
FNDA:0,(anonymous_663)
FNDA:240,(anonymous_664)
FNDA:240,(anonymous_665)
FNDA:1,(anonymous_666)
FNDA:239,(anonymous_667)
FNDA:239,(anonymous_668)
FNDA:0,(anonymous_669)
FNDA:239,(anonymous_670)
FNDA:239,(anonymous_671)
FNDA:0,(anonymous_672)
FNDA:1,(anonymous_673)
FNDA:1,(anonymous_674)
FNDA:1,(anonymous_675)
FNDA:239,(anonymous_676)
FNDA:231,(anonymous_677)
FNDA:9,(anonymous_678)
FNDA:240,(anonymous_679)
FNDA:240,(anonymous_680)
FNDA:230,(anonymous_681)
FNDA:230,(anonymous_682)
FNDA:230,(anonymous_683)
FNDA:229,(anonymous_684)
FNDA:229,(anonymous_685)
FNDA:3,(anonymous_686)
FNDA:3,(anonymous_687)
FNDA:3,(anonymous_688)
FNDA:2,(anonymous_689)
FNDA:2,(anonymous_690)
FNDA:2,(anonymous_691)
FNDA:2,(anonymous_692)
FNDA:2,(anonymous_693)
FNDA:228,(anonymous_694)
FNDA:228,(anonymous_695)
FNDA:228,(anonymous_696)
FNDA:226,(anonymous_697)
FNDA:226,(anonymous_698)
FNDA:226,(anonymous_699)
FNDA:13,(anonymous_700)
FNDA:3,(anonymous_701)
FNDA:3,(anonymous_702)
FNDA:3,(anonymous_703)
FNDA:13,(anonymous_704)
FNDA:13,(anonymous_705)
FNDA:13,(anonymous_706)
FNDA:10,(anonymous_707)
FNDA:10,(anonymous_708)
FNDA:10,(anonymous_709)
FNDA:0,(anonymous_710)
FNDA:10,(anonymous_711)
FNDA:10,(anonymous_712)
FNDA:11,(anonymous_713)
FNDA:11,(anonymous_714)
FNDA:11,(anonymous_715)
FNDA:11,(anonymous_716)
FNDA:11,(anonymous_717)
FNDA:11,(anonymous_718)
FNDA:14,(anonymous_719)
FNDA:14,(anonymous_720)
FNDA:14,(anonymous_721)
FNDA:1,(anonymous_722)
FNDA:1,(anonymous_723)
FNDA:1,(anonymous_724)
FNDA:15,(anonymous_725)
FNDA:15,(anonymous_726)
FNDA:15,(anonymous_727)
FNDA:15,(anonymous_728)
FNDA:15,(anonymous_729)
FNDA:15,(anonymous_730)
FNDA:15,(anonymous_731)
FNDA:21,(anonymous_732)
FNDA:21,(anonymous_733)
FNDA:21,(anonymous_734)
FNDA:14,(anonymous_735)
FNDA:8,(anonymous_736)
FNDA:7,(anonymous_737)
FNDA:7,(anonymous_738)
FNDA:7,(anonymous_739)
FNDA:7,(anonymous_740)
FNDA:7,(anonymous_741)
FNDA:7,(anonymous_742)
FNDA:7,(anonymous_743)
FNDA:7,(anonymous_744)
FNDA:7,(anonymous_745)
FNDA:6,(anonymous_746)
FNDA:6,(anonymous_747)
FNDA:6,(anonymous_748)
FNDA:0,(anonymous_749)
FNDA:0,(anonymous_750)
FNDA:6,(anonymous_751)
FNDA:6,(anonymous_752)
FNDA:6,(anonymous_753)
FNDA:6,(anonymous_754)
FNDA:6,(anonymous_755)
FNDA:6,(anonymous_756)
FNDA:6,(anonymous_757)
FNDA:6,(anonymous_758)
FNDA:0,(anonymous_759)
FNDA:0,(anonymous_760)
FNDA:0,(anonymous_761)
FNDA:0,(anonymous_762)
FNDA:0,(anonymous_763)
FNDA:0,(anonymous_764)
FNDA:0,(anonymous_765)
FNDA:0,(anonymous_766)
FNDA:0,(anonymous_767)
FNDA:0,(anonymous_768)
FNDA:6,(anonymous_769)
FNDA:0,(anonymous_770)
FNDA:6,(anonymous_771)
FNDA:6,(anonymous_772)
FNDA:2,(anonymous_773)
FNDA:2,(anonymous_774)
FNDA:0,(anonymous_775)
FNDA:0,(anonymous_776)
FNDA:0,(anonymous_777)
FNDA:0,(anonymous_778)
FNDA:2,(anonymous_779)
FNDA:2,(anonymous_780)
FNDA:2,(anonymous_781)
FNDA:4,(anonymous_782)
FNDA:0,(anonymous_783)
FNDA:0,(anonymous_784)
FNDA:0,(anonymous_785)
FNDA:0,(anonymous_786)
FNDA:0,(anonymous_787)
FNDA:0,(anonymous_788)
FNDA:0,(anonymous_789)
FNDA:271,(anonymous_790)
FNDA:110,(anonymous_791)
FNDA:271,(anonymous_792)
FNDA:46,(anonymous_793)
FNDA:46,n
FNDA:46,(anonymous_795)
FNDA:35,(anonymous_796)
FNDA:46,(anonymous_797)
FNDA:46,(anonymous_798)
FNDA:54,e
FNDA:54,(anonymous_800)
FNDA:260,(anonymous_801)
FNDA:457,(anonymous_802)
FNDA:46,(anonymous_803)
FNDA:85,(anonymous_804)
FNDA:0,(anonymous_805)
FNDA:0,(anonymous_806)
FNDA:46,(anonymous_807)
FNDA:46,e
FNDA:0,(anonymous_809)
FNDA:46,(anonymous_810)
FNDA:426,(anonymous_811)
FNDA:46,(anonymous_812)
FNDA:46,(anonymous_813)
FNDA:8288,e
FNDA:0,(anonymous_815)
FNDA:46,(anonymous_816)
FNDA:77,t
FNDA:46,(anonymous_818)
FNDA:25,t
FNDA:46,(anonymous_820)
FNDA:46,t
FNDA:46,(anonymous_822)
FNDA:190,t
FNDA:46,(anonymous_824)
FNDA:53,t
FNDA:46,(anonymous_826)
FNDA:2,t
FNDA:46,(anonymous_828)
FNDA:6,t
FNDA:46,(anonymous_830)
FNDA:0,t
FNDA:46,(anonymous_832)
FNDA:5397,t
FNDA:46,(anonymous_834)
FNDA:2488,t
FNDA:0,(anonymous_836)
FNDA:0,(anonymous_837)
FNDA:46,(anonymous_838)
FNDA:4,n
FNDA:0,(anonymous_840)
FNDA:0,(anonymous_841)
FNDA:2576,Ma
FNDA:46,(anonymous_843)
FNDA:46,e
FNDA:46,(anonymous_845)
FNDA:5198,(anonymous_846)
FNDA:113,(anonymous_847)
FNDA:3,(anonymous_848)
FNDA:13,(anonymous_849)
FNDA:46,(anonymous_850)
FNDA:3128,e
FNDA:18,(anonymous_852)
FNDA:46,(anonymous_853)
FNDA:46,t
FNDA:35,(anonymous_855)
FNDA:88,(anonymous_856)
FNDA:46,(anonymous_857)
FNDA:46,t
FNDA:19,(anonymous_859)
FNDA:46,(anonymous_860)
FNDA:46,t
FNDA:132,(anonymous_862)
FNDA:46,(anonymous_863)
FNDA:46,t
FNDA:167,(anonymous_865)
FNDA:46,(anonymous_866)
FNDA:46,t
FNDA:9,(anonymous_868)
FNDA:43,(anonymous_869)
FNDA:46,(anonymous_870)
FNDA:46,t
FNDA:0,(anonymous_872)
FNDA:0,(anonymous_873)
FNDA:46,(anonymous_874)
FNDA:46,t
FNDA:7,(anonymous_876)
FNDA:9,(anonymous_877)
FNDA:9,(anonymous_878)
FNDA:46,(anonymous_879)
FNDA:46,t
FNDA:0,(anonymous_881)
FNDA:46,(anonymous_882)
FNDA:46,t
FNDA:0,(anonymous_884)
FNDA:0,(anonymous_885)
FNDA:46,(anonymous_886)
FNDA:46,t
FNDA:0,(anonymous_888)
FNDA:0,(anonymous_889)
FNDA:46,(anonymous_890)
FNDA:46,t
FNDA:8,(anonymous_892)
FNDA:16,(anonymous_893)
FNDA:46,(anonymous_894)
FNDA:46,t
FNDA:1,(anonymous_896)
FNDA:46,(anonymous_897)
FNDA:46,t
FNDA:55,(anonymous_899)
FNDA:55,(anonymous_900)
FNDA:46,(anonymous_901)
FNDA:46,t
FNDA:0,(anonymous_903)
FNDA:46,(anonymous_904)
FNDA:46,t
FNDA:2,(anonymous_906)
FNDA:46,(anonymous_907)
FNDA:46,t
FNDA:15,(anonymous_909)
FNDA:15,(anonymous_910)
FNDA:46,(anonymous_911)
FNDA:46,t
FNDA:11,(anonymous_913)
FNDA:46,(anonymous_914)
FNDA:46,t
FNDA:1,(anonymous_916)
FNDA:46,(anonymous_917)
FNDA:46,t
FNDA:1,(anonymous_919)
FNDA:2,(anonymous_920)
FNDA:46,(anonymous_921)
FNDA:46,t
FNDA:17,(anonymous_923)
FNDA:46,(anonymous_924)
FNDA:46,t
FNDA:3,(anonymous_926)
FNDA:46,(anonymous_927)
FNDA:46,t
FNDA:26,(anonymous_929)
FNDA:0,(anonymous_930)
FNDA:46,(anonymous_931)
FNDA:46,t
FNDA:0,(anonymous_933)
FNDA:46,(anonymous_934)
FNDA:46,t
FNDA:0,(anonymous_936)
FNDA:0,(anonymous_937)
FNDA:0,(anonymous_938)
FNDA:0,(anonymous_939)
FNDA:46,(anonymous_940)
FNDA:46,n
FNDA:16,(anonymous_942)
FNDA:46,(anonymous_943)
FNDA:46,t
FNDA:4,(anonymous_945)
FNDA:6,(anonymous_946)
FNDA:46,(anonymous_947)
FNDA:46,t
FNDA:0,(anonymous_949)
FNDA:46,(anonymous_950)
FNDA:46,t
FNDA:0,(anonymous_952)
FNDA:0,(anonymous_953)
FNDA:46,(anonymous_954)
FNDA:46,t
FNDA:0,(anonymous_956)
FNDA:0,(anonymous_957)
FNDA:46,(anonymous_958)
FNDA:46,t
FNDA:12,(anonymous_960)
FNDA:13,(anonymous_961)
FNDA:3,(anonymous_962)
FNDA:46,(anonymous_963)
FNDA:46,t
FNDA:0,(anonymous_965)
FNDA:46,(anonymous_966)
FNDA:46,t
FNDA:8,(anonymous_968)
FNDA:8,(anonymous_969)
FNDA:2,(anonymous_970)
FNDA:46,(anonymous_971)
FNDA:46,t
FNDA:1,(anonymous_973)
FNDA:1,(anonymous_974)
FNDA:0,(anonymous_975)
FNDA:46,(anonymous_976)
FNDA:46,t
FNDA:2,(anonymous_978)
FNDA:4,(anonymous_979)
FNDA:0,(anonymous_980)
FNDA:46,(anonymous_981)
FNDA:46,t
FNDA:11,(anonymous_983)
FNDA:46,(anonymous_984)
FNDA:46,t
FNDA:0,(anonymous_986)
FNDA:46,(anonymous_987)
FNDA:46,t
FNDA:1,(anonymous_989)
FNDA:46,(anonymous_990)
FNDA:46,t
FNDA:1,(anonymous_992)
FNDA:46,(anonymous_993)
FNDA:46,t
FNDA:0,(anonymous_995)
FNDA:46,(anonymous_996)
FNDA:46,t
FNDA:2,(anonymous_998)
FNDA:3,(anonymous_999)
FNDA:46,(anonymous_1000)
FNDA:46,t
FNDA:0,(anonymous_1002)
FNDA:0,(anonymous_1003)
FNDA:46,(anonymous_1004)
FNDA:46,t
FNDA:3,(anonymous_1006)
FNDA:46,(anonymous_1007)
FNDA:46,t
FNDA:1,(anonymous_1009)
FNDA:0,(anonymous_1010)
FNDA:46,(anonymous_1011)
FNDA:46,t
FNDA:1,(anonymous_1013)
FNDA:1,(anonymous_1014)
FNDA:46,(anonymous_1015)
FNDA:46,n
FNDA:15,(anonymous_1017)
FNDA:0,(anonymous_1018)
FNDA:13,(anonymous_1019)
FNDA:0,(anonymous_1020)
FNDA:16,(anonymous_1021)
FNDA:0,(anonymous_1022)
FNDA:2,(anonymous_1023)
FNDA:0,(anonymous_1024)
FNDA:3,(anonymous_1025)
FNDA:46,(anonymous_1026)
FNDA:46,t
FNDA:1,(anonymous_1028)
FNDA:1,(anonymous_1029)
FNDA:46,(anonymous_1030)
FNDA:46,t
FNDA:4,(anonymous_1032)
FNDA:3,(anonymous_1033)
FNDA:4,(anonymous_1034)
FNDA:5,(anonymous_1035)
FNDA:4,(anonymous_1036)
FNDA:5,(anonymous_1037)
FNDA:46,(anonymous_1038)
FNDA:46,t
FNDA:1,(anonymous_1040)
FNDA:1,(anonymous_1041)
FNDA:1,(anonymous_1042)
FNDA:46,(anonymous_1043)
FNDA:46,t
FNDA:1,(anonymous_1045)
FNDA:46,(anonymous_1046)
FNDA:46,t
FNDA:0,(anonymous_1048)
FNDA:0,(anonymous_1049)
FNDA:0,(anonymous_1050)
FNDA:46,(anonymous_1051)
FNDA:46,t
FNDA:2,(anonymous_1053)
FNDA:2,(anonymous_1054)
FNDA:1,(anonymous_1055)
FNDA:0,(anonymous_1056)
FNDA:1,(anonymous_1057)
FNDA:46,(anonymous_1058)
FNDA:46,t
FNDA:1,(anonymous_1060)
FNDA:1,(anonymous_1061)
FNDA:46,(anonymous_1062)
FNDA:46,t
FNDA:2,(anonymous_1064)
FNDA:46,(anonymous_1065)
FNDA:46,t
FNDA:0,(anonymous_1067)
FNDA:46,(anonymous_1068)
FNDA:46,t
FNDA:3,(anonymous_1070)
FNDA:10,(anonymous_1071)
FNDA:46,(anonymous_1072)
FNDA:46,t
FNDA:10,(anonymous_1074)
FNDA:10,(anonymous_1075)
FNDA:46,(anonymous_1076)
FNDA:46,t
FNDA:7,(anonymous_1078)
FNDA:46,(anonymous_1079)
FNDA:46,t
FNDA:7,(anonymous_1081)
FNDA:46,(anonymous_1082)
FNDA:46,t
FNDA:1,(anonymous_1084)
FNDA:1,(anonymous_1085)
FNDA:46,(anonymous_1086)
FNDA:46,t
FNDA:0,(anonymous_1088)
FNDA:46,(anonymous_1089)
FNDA:46,t
FNDA:5,(anonymous_1091)
FNDA:11,(anonymous_1092)
FNDA:46,(anonymous_1093)
FNDA:46,t
FNDA:0,(anonymous_1095)
FNDA:46,(anonymous_1096)
FNDA:46,t
FNDA:0,(anonymous_1098)
FNDA:0,(anonymous_1099)
FNDA:0,(anonymous_1100)
FNDA:46,(anonymous_1101)
FNDA:46,t
FNDA:6,(anonymous_1103)
FNDA:4,(anonymous_1104)
FNDA:0,(anonymous_1105)
FNDA:46,(anonymous_1106)
FNDA:46,t
FNDA:0,(anonymous_1108)
FNDA:671,(anonymous_1109)
FNDA:207,(anonymous_1110)
FNDA:46,(anonymous_1111)
FNDA:46,e
FNDA:0,(anonymous_1113)
FNDA:35,(anonymous_1114)
FNDA:46,(anonymous_1115)
FNDA:46,e
FNDA:0,(anonymous_1117)
FNDA:46,(anonymous_1118)
FNDA:0,(anonymous_1119)
FNDA:46,(anonymous_1120)
FNDA:0,(anonymous_1121)
FNDA:0,(anonymous_1122)
DA:1,126157
LF:1
LH:1
BRDA:1,0,0,0
BRDA:1,0,1,116812
BRDA:1,1,0,116812
BRDA:1,1,1,114115
BRDA:1,2,0,0
BRDA:1,2,1,2232
BRDA:1,3,0,46
BRDA:1,3,1,46
BRDA:1,4,0,7686
BRDA:1,4,1,4274
BRDA:1,4,2,6447
BRDA:1,4,3,2720
BRDA:1,4,4,3958
BRDA:1,5,0,3733
BRDA:1,5,1,1441
BRDA:1,6,0,2760
BRDA:1,6,1,2714
BRDA:1,7,0,3373
BRDA:1,7,1,3299
BRDA:1,8,0,4309
BRDA:1,8,1,4023
BRDA:1,9,0,286
BRDA:1,9,1,4023
BRDA:1,10,0,46
BRDA:1,10,1,46
BRDA:1,11,0,29
BRDA:1,11,1,29
BRDA:1,12,0,29
BRDA:1,12,1,23
BRDA:1,13,0,0
BRDA:1,13,1,0
BRDA:1,14,0,0
BRDA:1,14,1,0
BRDA:1,15,0,0
BRDA:1,15,1,0
BRDA:1,16,0,0
BRDA:1,16,1,0
BRDA:1,17,0,1
BRDA:1,17,1,0
BRDA:1,18,0,1
BRDA:1,18,1,0
BRDA:1,19,0,46
BRDA:1,19,1,35
BRDA:1,19,2,35
BRDA:1,19,3,34
BRDA:1,20,0,0
BRDA:1,20,1,0
BRDA:1,20,2,0
BRDA:1,20,3,0
BRDA:1,21,0,1798
BRDA:1,21,1,449
BRDA:1,21,2,71
BRDA:1,22,0,127
BRDA:1,22,1,304
BRDA:1,23,0,2
BRDA:1,23,1,112
BRDA:1,24,0,114
BRDA:1,24,1,22
BRDA:1,25,0,2
BRDA:1,25,1,0
BRDA:1,26,0,0
BRDA:1,26,1,2
BRDA:1,27,0,278
BRDA:1,27,1,0
BRDA:1,28,0,278
BRDA:1,28,1,0
BRDA:1,28,2,0
BRDA:1,29,0,164
BRDA:1,29,1,114
BRDA:1,30,0,112
BRDA:1,30,1,2
BRDA:1,31,0,114
BRDA:1,31,1,114
BRDA:1,31,2,112
BRDA:1,32,0,112
BRDA:1,32,1,0
BRDA:1,33,0,112
BRDA:1,33,1,112
BRDA:1,33,2,112
BRDA:1,34,0,0
BRDA:1,34,1,112
BRDA:1,35,0,112
BRDA:1,35,1,110
BRDA:1,35,2,110
BRDA:1,35,3,19
BRDA:1,35,4,0
BRDA:1,36,0,0
BRDA:1,36,1,112
BRDA:1,37,0,55
BRDA:1,37,1,3
BRDA:1,37,2,3
BRDA:1,38,0,57
BRDA:1,38,1,590
BRDA:1,39,0,50
BRDA:1,39,1,7
BRDA:1,40,0,3
BRDA:1,40,1,4
BRDA:1,41,0,7
BRDA:1,41,1,3
BRDA:1,42,0,4
BRDA:1,42,1,586
BRDA:1,43,0,2
BRDA:1,43,1,2
BRDA:1,44,0,4
BRDA:1,44,1,0
BRDA:1,44,2,0
BRDA:1,45,0,4
BRDA:1,45,1,2
BRDA:1,45,2,2
BRDA:1,46,0,2
BRDA:1,46,1,0
BRDA:1,47,0,1
BRDA:1,47,1,1
BRDA:1,48,0,2
BRDA:1,48,1,2
BRDA:1,49,0,1
BRDA:1,49,1,0
BRDA:1,50,0,1
BRDA:1,50,1,0
BRDA:1,51,0,0
BRDA:1,51,1,0
BRDA:1,52,0,0
BRDA:1,52,1,0
BRDA:1,53,0,0
BRDA:1,53,1,0
BRDA:1,54,0,0
BRDA:1,54,1,0
BRDA:1,55,0,0
BRDA:1,55,1,0
BRDA:1,55,2,0
BRDA:1,56,0,0
BRDA:1,56,1,0
BRDA:1,57,0,0
BRDA:1,57,1,0
BRDA:1,58,0,1
BRDA:1,58,1,585
BRDA:1,59,0,1
BRDA:1,59,1,584
BRDA:1,60,0,585
BRDA:1,60,1,14
BRDA:1,61,0,0
BRDA:1,61,1,0
BRDA:1,61,2,0
BRDA:1,61,3,2
BRDA:1,61,4,0
BRDA:1,61,5,0
BRDA:1,61,6,0
BRDA:1,61,7,1
BRDA:1,62,0,117
BRDA:1,62,1,117
BRDA:1,63,0,1
BRDA:1,63,1,1
BRDA:1,64,0,1
BRDA:1,64,1,0
BRDA:1,64,2,0
BRDA:1,65,0,1
BRDA:1,65,1,4
BRDA:1,66,0,286
BRDA:1,66,1,750
BRDA:1,67,0,1036
BRDA:1,67,1,1036
BRDA:1,68,0,0
BRDA:1,68,1,750
BRDA:1,69,0,286
BRDA:1,69,1,123
BRDA:1,70,0,285
BRDA:1,70,1,0
BRDA:1,70,2,0
BRDA:1,71,0,1
BRDA:1,71,1,372
BRDA:1,72,0,24346
BRDA:1,72,1,23828
BRDA:1,72,2,240
BRDA:1,73,0,204
BRDA:1,73,1,314
BRDA:1,74,0,6
BRDA:1,74,1,198
BRDA:1,75,0,204
BRDA:1,75,1,204
BRDA:1,76,0,0
BRDA:1,76,1,6
BRDA:1,77,0,6
BRDA:1,77,1,6
BRDA:1,78,0,46
BRDA:1,78,1,46
BRDA:1,79,0,25922
BRDA:1,79,1,0
BRDA:1,80,0,0
BRDA:1,80,1,0
BRDA:1,81,0,0
BRDA:1,81,1,0
BRDA:1,82,0,0
BRDA:1,82,1,0
BRDA:1,83,0,68
BRDA:1,83,1,1933
BRDA:1,84,0,0
BRDA:1,84,1,46
BRDA:1,85,0,123
BRDA:1,85,1,1461
BRDA:1,86,0,1584
BRDA:1,86,1,1538
BRDA:1,87,0,123
BRDA:1,87,1,110
BRDA:1,87,2,110
BRDA:1,88,0,285
BRDA:1,88,1,1176
BRDA:1,89,0,285
BRDA:1,89,1,265
BRDA:1,89,2,225
BRDA:1,90,0,46
BRDA:1,90,1,1130
BRDA:1,91,0,2
BRDA:1,91,1,44
BRDA:1,92,0,46
BRDA:1,92,1,45
BRDA:1,93,0,110
BRDA:1,93,1,1403
BRDA:1,94,0,2
BRDA:1,94,1,108
BRDA:1,95,0,78
BRDA:1,95,1,30
BRDA:1,96,0,0
BRDA:1,96,1,78
BRDA:1,97,0,30
BRDA:1,97,1,17
BRDA:1,98,0,227
BRDA:1,98,1,1176
BRDA:1,99,0,46
BRDA:1,99,1,1130
BRDA:1,100,0,1086
BRDA:1,100,1,44
BRDA:1,101,0,1130
BRDA:1,101,1,1086
BRDA:1,101,2,73
BRDA:1,102,0,522
BRDA:1,102,1,78
BRDA:1,102,2,156
BRDA:1,102,3,383
BRDA:1,103,0,11
BRDA:1,103,1,11
BRDA:1,103,2,31
BRDA:1,103,3,30
BRDA:1,103,4,70
BRDA:1,103,5,70
BRDA:1,104,0,10
BRDA:1,104,1,1
BRDA:1,105,0,29
BRDA:1,105,1,1
BRDA:1,106,0,69
BRDA:1,106,1,1
BRDA:1,107,0,53
BRDA:1,107,1,330
BRDA:1,108,0,383
BRDA:1,108,1,357
BRDA:1,108,2,338
BRDA:1,109,0,1
BRDA:1,109,1,45
BRDA:1,110,0,2
BRDA:1,110,1,44
BRDA:1,111,0,1
BRDA:1,111,1,45
BRDA:1,112,0,80
BRDA:1,112,1,61
BRDA:1,113,0,136
BRDA:1,113,1,78
BRDA:1,114,0,2438
BRDA:1,114,1,3450
BRDA:1,115,0,460
BRDA:1,115,1,2990
BRDA:1,116,0,92
BRDA:1,116,1,2898
BRDA:1,117,0,2990
BRDA:1,117,1,2944
BRDA:1,118,0,46
BRDA:1,118,1,2852
BRDA:1,119,0,46
BRDA:1,119,1,2806
BRDA:1,120,0,46
BRDA:1,120,1,2760
BRDA:1,121,0,92
BRDA:1,121,1,2668
BRDA:1,122,0,92
BRDA:1,122,1,2576
BRDA:1,123,0,1058
BRDA:1,123,1,1518
BRDA:1,124,0,0
BRDA:1,124,1,46
BRDA:1,125,0,1795
BRDA:1,125,1,4
BRDA:1,126,0,46
BRDA:1,126,1,0
BRDA:1,126,2,0
BRDA:1,126,3,0
BRDA:1,127,0,0
BRDA:1,127,1,0
BRDA:1,128,0,0
BRDA:1,128,1,3588
BRDA:1,129,0,3588
BRDA:1,129,1,0
BRDA:1,130,0,0
BRDA:1,130,1,3588
BRDA:1,131,0,0
BRDA:1,131,1,7614
BRDA:1,132,0,7614
BRDA:1,132,1,7614
BRDA:1,133,0,0
BRDA:1,133,1,0
BRDA:1,133,2,0
BRDA:1,134,0,0
BRDA:1,134,1,0
BRDA:1,135,0,7614
BRDA:1,135,1,7614
BRDA:1,136,0,46
BRDA:1,136,1,46
BRDA:1,137,0,0
BRDA:1,137,1,1414
BRDA:1,138,0,2926
BRDA:1,138,1,2926
BRDA:1,139,0,22058
BRDA:1,139,1,8951
BRDA:1,140,0,21126
BRDA:1,140,1,1141
BRDA:1,141,0,46598
BRDA:1,141,1,3037
BRDA:1,142,0,4590
BRDA:1,142,1,10519
BRDA:1,143,0,4590
BRDA:1,143,1,10519
BRDA:1,144,0,2842
BRDA:1,144,1,0
BRDA:1,145,0,46
BRDA:1,145,1,46
BRDA:1,146,0,3649
BRDA:1,146,1,251
BRDA:1,147,0,3649
BRDA:1,147,1,3539
BRDA:1,148,0,143
BRDA:1,148,1,108
BRDA:1,149,0,251
BRDA:1,149,1,0
BRDA:1,150,0,6134
BRDA:1,150,1,15109
BRDA:1,151,0,4590
BRDA:1,151,1,10519
BRDA:1,152,0,20926
BRDA:1,152,1,3566
BRDA:1,153,0,3566
BRDA:1,153,1,2200
BRDA:1,154,0,1014
BRDA:1,154,1,250
BRDA:1,155,0,1014
BRDA:1,155,1,979
BRDA:1,156,0,250
BRDA:1,156,1,89
BRDA:1,157,0,339
BRDA:1,157,1,335
BRDA:1,157,2,331
BRDA:1,158,0,7
BRDA:1,158,1,243
BRDA:1,159,0,15082
BRDA:1,159,1,7572
BRDA:1,159,2,1262
BRDA:1,160,0,8115
BRDA:1,160,1,1321
BRDA:1,160,2,213
BRDA:1,161,0,238
BRDA:1,161,1,238
BRDA:1,162,0,1037
BRDA:1,162,1,388
BRDA:1,163,0,1258
BRDA:1,163,1,1037
BRDA:1,164,0,53
BRDA:1,164,1,0
BRDA:1,165,0,0
BRDA:1,165,1,0
BRDA:1,166,0,0
BRDA:1,166,1,0
BRDA:1,167,0,77
BRDA:1,167,1,125
BRDA:1,168,0,836
BRDA:1,168,1,108
BRDA:1,169,0,271
BRDA:1,169,1,266
BRDA:1,170,0,60
BRDA:1,170,1,131
BRDA:1,171,0,2
BRDA:1,171,1,74
BRDA:1,172,0,0
BRDA:1,172,1,74
BRDA:1,173,0,74
BRDA:1,173,1,0
BRDA:1,174,0,74
BRDA:1,174,1,4
BRDA:1,174,2,4
BRDA:1,174,3,4
BRDA:1,175,0,363
BRDA:1,175,1,357
BRDA:1,176,0,15
BRDA:1,176,1,12
BRDA:1,177,0,6
BRDA:1,177,1,3
BRDA:1,178,0,0
BRDA:1,178,1,159
BRDA:1,179,0,0
BRDA:1,179,1,0
BRDA:1,180,0,159
BRDA:1,180,1,0
BRDA:1,181,0,0
BRDA:1,181,1,0
BRDA:1,182,0,0
BRDA:1,182,1,0
BRDA:1,183,0,0
BRDA:1,183,1,0
BRDA:1,184,0,0
BRDA:1,184,1,0
BRDA:1,185,0,0
BRDA:1,185,1,0
BRDA:1,186,0,0
BRDA:1,186,1,0
BRDA:1,187,0,0
BRDA:1,187,1,0
BRDA:1,188,0,0
BRDA:1,188,1,0
BRDA:1,189,0,0
BRDA:1,189,1,0
BRDA:1,190,0,0
BRDA:1,190,1,0
BRDA:1,191,0,0
BRDA:1,191,1,0
BRDA:1,192,0,0
BRDA:1,192,1,0
BRDA:1,193,0,0
BRDA:1,193,1,0
BRDA:1,194,0,0
BRDA:1,194,1,0
BRDA:1,195,0,0
BRDA:1,195,1,0
BRDA:1,196,0,0
BRDA:1,196,1,0
BRDA:1,197,0,0
BRDA:1,197,1,0
BRDA:1,198,0,0
BRDA:1,198,1,0
BRDA:1,199,0,0
BRDA:1,199,1,0
BRDA:1,200,0,0
BRDA:1,200,1,0
BRDA:1,201,0,0
BRDA:1,201,1,0
BRDA:1,202,0,0
BRDA:1,202,1,0
BRDA:1,203,0,0
BRDA:1,203,1,0
BRDA:1,204,0,0
BRDA:1,204,1,0
BRDA:1,205,0,0
BRDA:1,205,1,0
BRDA:1,206,0,0
BRDA:1,206,1,0
BRDA:1,207,0,0
BRDA:1,207,1,0
BRDA:1,208,0,0
BRDA:1,208,1,0
BRDA:1,209,0,0
BRDA:1,209,1,0
BRDA:1,210,0,0
BRDA:1,210,1,0
BRDA:1,211,0,0
BRDA:1,211,1,0
BRDA:1,212,0,0
BRDA:1,212,1,0
BRDA:1,213,0,0
BRDA:1,213,1,0
BRDA:1,213,2,0
BRDA:1,214,0,0
BRDA:1,214,1,0
BRDA:1,214,2,0
BRDA:1,215,0,0
BRDA:1,215,1,0
BRDA:1,216,0,0
BRDA:1,216,1,0
BRDA:1,217,0,0
BRDA:1,217,1,0
BRDA:1,218,0,0
BRDA:1,218,1,0
BRDA:1,219,0,0
BRDA:1,219,1,0
BRDA:1,220,0,0
BRDA:1,220,1,0
BRDA:1,221,0,0
BRDA:1,221,1,0
BRDA:1,222,0,0
BRDA:1,222,1,0
BRDA:1,223,0,0
BRDA:1,223,1,0
BRDA:1,223,2,0
BRDA:1,224,0,0
BRDA:1,224,1,0
BRDA:1,225,0,0
BRDA:1,225,1,0
BRDA:1,226,0,0
BRDA:1,226,1,0
BRDA:1,227,0,0
BRDA:1,227,1,0
BRDA:1,228,0,0
BRDA:1,228,1,0
BRDA:1,229,0,0
BRDA:1,229,1,0
BRDA:1,230,0,0
BRDA:1,230,1,0
BRDA:1,231,0,0
BRDA:1,231,1,0
BRDA:1,232,0,0
BRDA:1,232,1,0
BRDA:1,233,0,0
BRDA:1,233,1,152
BRDA:1,234,0,152
BRDA:1,234,1,78
BRDA:1,235,0,0
BRDA:1,235,1,0
BRDA:1,236,0,84
BRDA:1,236,1,4
BRDA:1,237,0,88
BRDA:1,237,1,84
BRDA:1,238,0,34
BRDA:1,238,1,2
BRDA:1,239,0,0
BRDA:1,239,1,11
BRDA:1,240,0,0
BRDA:1,240,1,0
BRDA:1,241,0,0
BRDA:1,241,1,2
BRDA:1,242,0,36
BRDA:1,242,1,34
BRDA:1,243,0,0
BRDA:1,243,1,47
BRDA:1,244,0,45
BRDA:1,244,1,2
BRDA:1,245,0,45
BRDA:1,245,1,45
BRDA:1,246,0,47
BRDA:1,246,1,47
BRDA:1,246,2,45
BRDA:1,246,3,45
BRDA:1,247,0,47
BRDA:1,247,1,45
BRDA:1,248,0,0
BRDA:1,248,1,2
BRDA:1,249,0,0
BRDA:1,249,1,0
BRDA:1,250,0,0
BRDA:1,250,1,0
BRDA:1,251,0,0
BRDA:1,251,1,2
BRDA:1,252,0,0
BRDA:1,252,1,0
BRDA:1,253,0,0
BRDA:1,253,1,2
BRDA:1,254,0,0
BRDA:1,254,1,0
BRDA:1,255,0,2
BRDA:1,255,1,0
BRDA:1,256,0,2
BRDA:1,256,1,0
BRDA:1,257,0,0
BRDA:1,257,1,2
BRDA:1,258,0,0
BRDA:1,258,1,2
BRDA:1,259,0,2
BRDA:1,259,1,0
BRDA:1,259,2,0
BRDA:1,260,0,0
BRDA:1,260,1,47
BRDA:1,261,0,47
BRDA:1,261,1,0
BRDA:1,262,0,0
BRDA:1,262,1,2
BRDA:1,263,0,0
BRDA:1,263,1,2
BRDA:1,264,0,2
BRDA:1,264,1,0
BRDA:1,264,2,0
BRDA:1,265,0,2
BRDA:1,265,1,0
BRDA:1,266,0,16
BRDA:1,266,1,1
BRDA:1,267,0,1
BRDA:1,267,1,56
BRDA:1,268,0,15
BRDA:1,268,1,41
BRDA:1,269,0,0
BRDA:1,269,1,70
BRDA:1,270,0,67
BRDA:1,270,1,3
BRDA:1,271,0,70
BRDA:1,271,1,0
BRDA:1,272,0,0
BRDA:1,272,1,105
BRDA:1,273,0,102
BRDA:1,273,1,3
BRDA:1,274,0,105
BRDA:1,274,1,102
BRDA:1,275,0,1
BRDA:1,275,1,109
BRDA:1,276,0,1
BRDA:1,276,1,178
BRDA:1,277,0,1
BRDA:1,277,1,177
BRDA:1,278,0,179
BRDA:1,278,1,2
BRDA:1,278,2,1
BRDA:1,279,0,0
BRDA:1,279,1,0
BRDA:1,280,0,0
BRDA:1,280,1,0
BRDA:1,280,2,0
BRDA:1,281,0,0
BRDA:1,281,1,0
BRDA:1,282,0,0
BRDA:1,282,1,0
BRDA:1,283,0,0
BRDA:1,283,1,0
BRDA:1,284,0,0
BRDA:1,284,1,0
BRDA:1,285,0,0
BRDA:1,285,1,0
BRDA:1,286,0,0
BRDA:1,286,1,10
BRDA:1,287,0,10
BRDA:1,287,1,0
BRDA:1,288,0,7
BRDA:1,288,1,14
BRDA:1,289,0,0
BRDA:1,289,1,14
BRDA:1,290,0,14
BRDA:1,290,1,0
BRDA:1,291,0,0
BRDA:1,291,1,14
BRDA:1,292,0,0
BRDA:1,292,1,14
BRDA:1,293,0,14
BRDA:1,293,1,0
BRDA:1,293,2,0
BRDA:1,294,0,14
BRDA:1,294,1,0
BRDA:1,294,2,0
BRDA:1,295,0,0
BRDA:1,295,1,14
BRDA:1,296,0,0
BRDA:1,296,1,14
BRDA:1,297,0,14
BRDA:1,297,1,0
BRDA:1,298,0,0
BRDA:1,298,1,14
BRDA:1,299,0,0
BRDA:1,299,1,0
BRDA:1,300,0,0
BRDA:1,300,1,14
BRDA:1,301,0,0
BRDA:1,301,1,7
BRDA:1,302,0,7
BRDA:1,302,1,6
BRDA:1,302,2,0
BRDA:1,303,0,0
BRDA:1,303,1,13
BRDA:1,304,0,12
BRDA:1,304,1,1
BRDA:1,305,0,59
BRDA:1,305,1,0
BRDA:1,306,0,0
BRDA:1,306,1,0
BRDA:1,307,0,0
BRDA:1,307,1,0
BRDA:1,308,0,0
BRDA:1,308,1,0
BRDA:1,309,0,59
BRDA:1,309,1,59
BRDA:1,310,0,1
BRDA:1,310,1,16
BRDA:1,311,0,0
BRDA:1,311,1,1
BRDA:1,312,0,16
BRDA:1,312,1,0
BRDA:1,313,0,274
BRDA:1,313,1,234
BRDA:1,313,2,210
BRDA:1,314,0,0
BRDA:1,314,1,373
BRDA:1,315,0,0
BRDA:1,315,1,373
BRDA:1,316,0,0
BRDA:1,316,1,373
BRDA:1,317,0,0
BRDA:1,317,1,373
BRDA:1,318,0,70
BRDA:1,318,1,303
BRDA:1,319,0,373
BRDA:1,319,1,35
BRDA:1,319,2,3
BRDA:1,319,3,3
BRDA:1,320,0,373
BRDA:1,320,1,35
BRDA:1,320,2,12
BRDA:1,320,3,12
BRDA:1,320,4,12
BRDA:1,321,0,373
BRDA:1,321,1,35
BRDA:1,321,2,0
BRDA:1,322,0,373
BRDA:1,322,1,35
BRDA:1,322,2,20
BRDA:1,323,0,20
BRDA:1,323,1,20
BRDA:1,324,0,373
BRDA:1,324,1,222
BRDA:1,325,0,100
BRDA:1,325,1,202
BRDA:1,326,0,4
BRDA:1,326,1,198
BRDA:1,327,0,0
BRDA:1,327,1,4
BRDA:1,328,0,302
BRDA:1,328,1,104
BRDA:1,329,0,202
BRDA:1,329,1,4
BRDA:1,330,0,0
BRDA:1,330,1,323
BRDA:1,331,0,116
BRDA:1,331,1,207
BRDA:1,332,0,323
BRDA:1,332,1,0
BRDA:1,332,2,0
BRDA:1,333,0,0
BRDA:1,333,1,323
BRDA:1,334,0,9
BRDA:1,334,1,314
BRDA:1,335,0,107
BRDA:1,335,1,207
BRDA:1,336,0,323
BRDA:1,336,1,29
BRDA:1,336,2,0
BRDA:1,336,3,0
BRDA:1,337,0,323
BRDA:1,337,1,29
BRDA:1,337,2,9
BRDA:1,337,3,9
BRDA:1,337,4,9
BRDA:1,338,0,103
BRDA:1,338,1,211
BRDA:1,339,0,0
BRDA:1,339,1,211
BRDA:1,340,0,3
BRDA:1,340,1,208
BRDA:1,341,0,3
BRDA:1,341,1,2
BRDA:1,342,0,1
BRDA:1,342,1,207
BRDA:1,343,0,1
BRDA:1,343,1,0
BRDA:1,344,0,211
BRDA:1,344,1,6
BRDA:1,344,2,4
BRDA:1,345,0,211
BRDA:1,345,1,6
BRDA:1,346,0,208
BRDA:1,346,1,7
BRDA:1,347,0,5
BRDA:1,347,1,4
BRDA:1,348,0,0
BRDA:1,348,1,7
BRDA:1,349,0,0
BRDA:1,349,1,4
BRDA:1,350,0,9
BRDA:1,350,1,6
BRDA:1,350,2,5
BRDA:1,351,0,4
BRDA:1,351,1,1
BRDA:1,352,0,0
BRDA:1,352,1,8
BRDA:1,353,0,0
BRDA:1,353,1,0
BRDA:1,354,0,0
BRDA:1,354,1,0
BRDA:1,355,0,1
BRDA:1,355,1,35
BRDA:1,356,0,1
BRDA:1,356,1,1
BRDA:1,357,0,1
BRDA:1,357,1,36
BRDA:1,358,0,37
BRDA:1,358,1,36
BRDA:1,359,0,36
BRDA:1,359,1,0
BRDA:1,360,0,0
BRDA:1,360,1,1
BRDA:1,361,0,1
BRDA:1,361,1,0
BRDA:1,362,0,0
BRDA:1,362,1,0
BRDA:1,363,0,1
BRDA:1,363,1,0
BRDA:1,364,0,37
BRDA:1,364,1,1
BRDA:1,364,2,1
BRDA:1,365,0,213
BRDA:1,365,1,337
BRDA:1,366,0,45
BRDA:1,366,1,292
BRDA:1,367,0,1
BRDA:1,367,1,44
BRDA:1,368,0,0
BRDA:1,368,1,44
BRDA:1,369,0,2
BRDA:1,369,1,42
BRDA:1,370,0,47
BRDA:1,370,1,287
BRDA:1,371,0,102
BRDA:1,371,1,185
BRDA:1,372,0,6
BRDA:1,372,1,179
BRDA:1,373,0,1
BRDA:1,373,1,178
BRDA:1,374,0,1
BRDA:1,374,1,177
BRDA:1,375,0,9
BRDA:1,375,1,168
BRDA:1,376,0,0
BRDA:1,376,1,168
BRDA:1,377,0,7
BRDA:1,377,1,161
BRDA:1,378,0,0
BRDA:1,378,1,161
BRDA:1,379,0,0
BRDA:1,379,1,161
BRDA:1,380,0,0
BRDA:1,380,1,161
BRDA:1,381,0,6
BRDA:1,381,1,179
BRDA:1,382,0,5
BRDA:1,382,1,1
BRDA:1,383,0,5
BRDA:1,383,1,5
BRDA:1,384,0,9
BRDA:1,384,1,176
BRDA:1,385,0,8
BRDA:1,385,1,1
BRDA:1,386,0,5
BRDA:1,386,1,3
BRDA:1,387,0,8
BRDA:1,387,1,6
BRDA:1,388,0,1
BRDA:1,388,1,0
BRDA:1,389,0,1
BRDA:1,389,1,178
BRDA:1,390,0,1
BRDA:1,390,1,1
BRDA:1,391,0,179
BRDA:1,391,1,3
BRDA:1,391,2,3
BRDA:1,391,3,3
BRDA:1,392,0,1
BRDA:1,392,1,538
BRDA:1,393,0,1
BRDA:1,393,1,1
BRDA:1,394,0,539
BRDA:1,394,1,34
BRDA:1,394,2,34
BRDA:1,394,3,33
BRDA:1,394,4,33
BRDA:1,394,5,1
BRDA:1,395,0,9
BRDA:1,395,1,168
BRDA:1,396,0,9
BRDA:1,396,1,8
BRDA:1,397,0,177
BRDA:1,397,1,10
BRDA:1,398,0,0
BRDA:1,398,1,168
BRDA:1,399,0,168
BRDA:1,399,1,1
BRDA:1,399,2,1
BRDA:1,399,3,0
BRDA:1,400,0,7
BRDA:1,400,1,161
BRDA:1,401,0,7
BRDA:1,401,1,6
BRDA:1,402,0,168
BRDA:1,402,1,8
BRDA:1,403,0,0
BRDA:1,403,1,161
BRDA:1,404,0,161
BRDA:1,404,1,1
BRDA:1,404,2,1
BRDA:1,405,0,0
BRDA:1,405,1,161
BRDA:1,406,0,161
BRDA:1,406,1,1
BRDA:1,406,2,1
BRDA:1,406,3,0
BRDA:1,407,0,0
BRDA:1,407,1,161
BRDA:1,408,0,161
BRDA:1,408,1,1
BRDA:1,408,2,1
BRDA:1,408,3,0
BRDA:1,409,0,7
BRDA:1,409,1,1
BRDA:1,410,0,0
BRDA:1,410,1,3
BRDA:1,411,0,0
BRDA:1,411,1,11
BRDA:1,412,0,11
BRDA:1,412,1,0
BRDA:1,413,0,10
BRDA:1,413,1,1
BRDA:1,414,0,10
BRDA:1,414,1,1
BRDA:1,415,0,11
BRDA:1,415,1,10
BRDA:1,415,2,10
BRDA:1,416,0,16
BRDA:1,416,1,423
BRDA:1,417,0,16
BRDA:1,417,1,16
BRDA:1,418,0,264
BRDA:1,418,1,159
BRDA:1,419,0,439
BRDA:1,419,1,280
BRDA:1,420,0,6
BRDA:1,420,1,306
BRDA:1,421,0,312
BRDA:1,421,1,6
BRDA:1,422,0,0
BRDA:1,422,1,306
BRDA:1,423,0,306
BRDA:1,423,1,0
BRDA:1,424,0,0
BRDA:1,424,1,306
BRDA:1,425,0,306
BRDA:1,425,1,0
BRDA:1,426,0,2
BRDA:1,426,1,304
BRDA:1,427,0,306
BRDA:1,427,1,2
BRDA:1,428,0,0
BRDA:1,428,1,304
BRDA:1,429,0,304
BRDA:1,429,1,0
BRDA:1,430,0,24
BRDA:1,430,1,280
BRDA:1,431,0,304
BRDA:1,431,1,24
BRDA:1,432,0,0
BRDA:1,432,1,280
BRDA:1,433,0,280
BRDA:1,433,1,0
BRDA:1,433,2,0
BRDA:1,434,0,0
BRDA:1,434,1,280
BRDA:1,435,0,280
BRDA:1,435,1,0
BRDA:1,436,0,0
BRDA:1,436,1,280
BRDA:1,437,0,280
BRDA:1,437,1,0
BRDA:1,437,2,0
BRDA:1,438,0,0
BRDA:1,438,1,280
BRDA:1,439,0,280
BRDA:1,439,1,0
BRDA:1,440,0,0
BRDA:1,440,1,751
BRDA:1,441,0,592
BRDA:1,441,1,159
BRDA:1,442,0,751
BRDA:1,442,1,296
BRDA:1,442,2,0
BRDA:1,443,0,0
BRDA:1,443,1,751
BRDA:1,444,0,592
BRDA:1,444,1,159
BRDA:1,445,0,751
BRDA:1,445,1,296
BRDA:1,445,2,0
BRDA:1,446,0,0
BRDA:1,446,1,751
BRDA:1,447,0,592
BRDA:1,447,1,159
BRDA:1,448,0,751
BRDA:1,448,1,296
BRDA:1,448,2,0
BRDA:1,449,0,0
BRDA:1,449,1,751
BRDA:1,450,0,0
BRDA:1,450,1,751
BRDA:1,451,0,592
BRDA:1,451,1,159
BRDA:1,452,0,751
BRDA:1,452,1,296
BRDA:1,452,2,0
BRDA:1,453,0,751
BRDA:1,453,1,296
BRDA:1,453,2,0
BRDA:1,454,0,9
BRDA:1,454,1,753
BRDA:1,455,0,2
BRDA:1,455,1,751
BRDA:1,456,0,592
BRDA:1,456,1,159
BRDA:1,457,0,762
BRDA:1,457,1,307
BRDA:1,457,2,10
BRDA:1,458,0,753
BRDA:1,458,1,298
BRDA:1,458,2,2
BRDA:1,459,0,0
BRDA:1,459,1,776
BRDA:1,460,0,2
BRDA:1,460,1,774
BRDA:1,461,0,0
BRDA:1,461,1,774
BRDA:1,462,0,0
BRDA:1,462,1,774
BRDA:1,463,0,0
BRDA:1,463,1,774
BRDA:1,464,0,614
BRDA:1,464,1,160
BRDA:1,465,0,776
BRDA:1,465,1,309
BRDA:1,465,2,0
BRDA:1,466,0,776
BRDA:1,466,1,309
BRDA:1,466,2,2
BRDA:1,467,0,774
BRDA:1,467,1,307
BRDA:1,467,2,0
BRDA:1,468,0,774
BRDA:1,468,1,307
BRDA:1,468,2,0
BRDA:1,469,0,774
BRDA:1,469,1,307
BRDA:1,469,2,0
BRDA:1,470,0,0
BRDA:1,470,1,469
BRDA:1,471,0,469
BRDA:1,471,1,0
BRDA:1,472,0,0
BRDA:1,472,1,469
BRDA:1,473,0,469
BRDA:1,473,1,0
BRDA:1,474,0,0
BRDA:1,474,1,469
BRDA:1,475,0,469
BRDA:1,475,1,0
BRDA:1,476,0,309
BRDA:1,476,1,160
BRDA:1,477,0,0
BRDA:1,477,1,469
BRDA:1,478,0,309
BRDA:1,478,1,160
BRDA:1,479,0,469
BRDA:1,479,1,309
BRDA:1,479,2,0
BRDA:1,480,0,0
BRDA:1,480,1,778
BRDA:1,481,0,618
BRDA:1,481,1,160
BRDA:1,482,0,778
BRDA:1,482,1,0
BRDA:1,483,0,3
BRDA:1,483,1,822
BRDA:1,484,0,0
BRDA:1,484,1,822
BRDA:1,485,0,32
BRDA:1,485,1,790
BRDA:1,486,0,12
BRDA:1,486,1,778
BRDA:1,487,0,618
BRDA:1,487,1,160
BRDA:1,488,0,825
BRDA:1,488,1,356
BRDA:1,488,2,3
BRDA:1,489,0,822
BRDA:1,489,1,353
BRDA:1,490,0,822
BRDA:1,490,1,353
BRDA:1,490,2,32
BRDA:1,491,0,790
BRDA:1,491,1,321
BRDA:1,491,2,12
BRDA:1,491,3,12
BRDA:1,492,0,0
BRDA:1,492,1,438
BRDA:1,493,0,0
BRDA:1,493,1,0
BRDA:1,494,0,0
BRDA:1,494,1,0
BRDA:1,495,0,0
BRDA:1,495,1,0
BRDA:1,496,0,279
BRDA:1,496,1,159
BRDA:1,497,0,438
BRDA:1,497,1,279
BRDA:1,498,0,1
BRDA:1,498,1,437
BRDA:1,499,0,1
BRDA:1,499,1,1
BRDA:1,500,0,1
BRDA:1,500,1,1
BRDA:1,501,0,1
BRDA:1,501,1,1
BRDA:1,502,0,278
BRDA:1,502,1,159
BRDA:1,503,0,438
BRDA:1,503,1,279
BRDA:1,504,0,1
BRDA:1,504,1,439
BRDA:1,505,0,280
BRDA:1,505,1,159
BRDA:1,506,0,440
BRDA:1,506,1,1
BRDA:1,507,0,2
BRDA:1,507,1,252
BRDA:1,508,0,2
BRDA:1,508,1,2
BRDA:1,509,0,2
BRDA:1,509,1,0
BRDA:1,510,0,0
BRDA:1,510,1,252
BRDA:1,511,0,102
BRDA:1,511,1,150
BRDA:1,512,0,254
BRDA:1,512,1,104
BRDA:1,513,0,252
BRDA:1,513,1,102
BRDA:1,514,0,0
BRDA:1,514,1,362
BRDA:1,515,0,212
BRDA:1,515,1,150
BRDA:1,516,0,362
BRDA:1,516,1,0
BRDA:1,517,0,0
BRDA:1,517,1,437
BRDA:1,518,0,278
BRDA:1,518,1,159
BRDA:1,519,0,0
BRDA:1,519,1,159
BRDA:1,520,0,437
BRDA:1,520,1,278
BRDA:1,520,2,0
BRDA:1,520,3,0
BRDA:1,520,4,0
BRDA:1,521,0,3
BRDA:1,521,1,268
BRDA:1,522,0,4
BRDA:1,522,1,4
BRDA:1,523,0,278
BRDA:1,523,1,7
BRDA:1,523,2,7
BRDA:1,524,0,14
BRDA:1,524,1,5
BRDA:1,525,0,0
BRDA:1,525,1,19
BRDA:1,526,0,0
BRDA:1,526,1,0
BRDA:1,527,0,0
BRDA:1,527,1,0
BRDA:1,528,0,0
BRDA:1,528,1,0
BRDA:1,529,0,0
BRDA:1,529,1,19
BRDA:1,530,0,0
BRDA:1,530,1,0
BRDA:1,531,0,0
BRDA:1,531,1,0
BRDA:1,532,0,0
BRDA:1,532,1,0
BRDA:1,533,0,13
BRDA:1,533,1,6
BRDA:1,534,0,13
BRDA:1,534,1,25
BRDA:1,535,0,13
BRDA:1,535,1,2
BRDA:1,536,0,13
BRDA:1,536,1,0
BRDA:1,537,0,0
BRDA:1,537,1,6
BRDA:1,538,0,0
BRDA:1,538,1,0
BRDA:1,539,0,0
BRDA:1,539,1,0
BRDA:1,540,0,1
BRDA:1,540,1,5
BRDA:1,541,0,0
BRDA:1,541,1,19
BRDA:1,542,0,0
BRDA:1,542,1,19
BRDA:1,543,0,0
BRDA:1,543,1,19
BRDA:1,544,0,0
BRDA:1,544,1,0
BRDA:1,545,0,0
BRDA:1,545,1,19
BRDA:1,546,0,0
BRDA:1,546,1,0
BRDA:1,547,0,19
BRDA:1,547,1,13
BRDA:1,547,2,0
BRDA:1,548,0,19
BRDA:1,548,1,13
BRDA:1,548,2,0
BRDA:1,549,0,0
BRDA:1,549,1,0
BRDA:1,550,0,0
BRDA:1,550,1,0
BRDA:1,551,0,0
BRDA:1,551,1,0
BRDA:1,552,0,0
BRDA:1,552,1,0
BRDA:1,553,0,0
BRDA:1,553,1,0
BRDA:1,554,0,0
BRDA:1,554,1,0
BRDA:1,555,0,0
BRDA:1,555,1,0
BRDA:1,555,2,0
BRDA:1,556,0,0
BRDA:1,556,1,0
BRDA:1,556,2,0
BRDA:1,557,0,15
BRDA:1,557,1,31
BRDA:1,558,0,12
BRDA:1,558,1,19
BRDA:1,559,0,46
BRDA:1,559,1,29
BRDA:1,560,0,31
BRDA:1,560,1,14
BRDA:1,561,0,29
BRDA:1,561,1,20
BRDA:1,562,0,29
BRDA:1,562,1,0
BRDA:1,563,0,0
BRDA:1,563,1,29
BRDA:1,564,0,29
BRDA:1,564,1,0
BRDA:1,565,0,0
BRDA:1,565,1,21
BRDA:1,566,0,2
BRDA:1,566,1,19
BRDA:1,567,0,21
BRDA:1,567,1,2
BRDA:1,567,2,2
BRDA:1,568,0,21
BRDA:1,568,1,2
BRDA:1,568,2,2
BRDA:1,569,0,2
BRDA:1,569,1,0
BRDA:1,570,0,2
BRDA:1,570,1,2
BRDA:1,571,0,1
BRDA:1,571,1,18
BRDA:1,572,0,1
BRDA:1,572,1,0
BRDA:1,573,0,1
BRDA:1,573,1,1
BRDA:1,574,0,0
BRDA:1,574,1,18
BRDA:1,575,0,0
BRDA:1,575,1,0
BRDA:1,576,0,0
BRDA:1,576,1,0
BRDA:1,577,0,0
BRDA:1,577,1,18
BRDA:1,578,0,19
BRDA:1,578,1,1
BRDA:1,579,0,18
BRDA:1,579,1,0
BRDA:1,579,2,0
BRDA:1,580,0,0
BRDA:1,580,1,1
BRDA:1,581,0,0
BRDA:1,581,1,1
BRDA:1,582,0,1
BRDA:1,582,1,0
BRDA:1,583,0,1
BRDA:1,583,1,0
BRDA:1,584,0,1
BRDA:1,584,1,18
BRDA:1,585,0,19
BRDA:1,585,1,1
BRDA:1,586,0,0
BRDA:1,586,1,228
BRDA:1,587,0,0
BRDA:1,587,1,0
BRDA:1,588,0,0
BRDA:1,588,1,228
BRDA:1,589,0,0
BRDA:1,589,1,0
BRDA:1,590,0,0
BRDA:1,590,1,0
BRDA:1,591,0,60
BRDA:1,591,1,168
BRDA:1,592,0,1
BRDA:1,592,1,59
BRDA:1,593,0,59
BRDA:1,593,1,59
BRDA:1,594,0,2
BRDA:1,594,1,166
BRDA:1,595,0,168
BRDA:1,595,1,23
BRDA:1,596,0,0
BRDA:1,596,1,2
BRDA:1,597,0,2
BRDA:1,597,1,0
BRDA:1,598,0,228
BRDA:1,598,1,0
BRDA:1,599,0,228
BRDA:1,599,1,90
BRDA:1,599,2,0
BRDA:1,600,0,228
BRDA:1,600,1,0
BRDA:1,601,0,228
BRDA:1,601,1,228
BRDA:1,601,2,0
BRDA:1,601,3,0
BRDA:1,602,0,228
BRDA:1,602,1,0
BRDA:1,602,2,0
BRDA:1,603,0,228
BRDA:1,603,1,64
BRDA:1,603,2,63
BRDA:1,603,3,60
BRDA:1,604,0,0
BRDA:1,604,1,168
BRDA:1,605,0,23
BRDA:1,605,1,145
BRDA:1,606,0,0
BRDA:1,606,1,145
BRDA:1,607,0,145
BRDA:1,607,1,0
BRDA:1,607,2,0
BRDA:1,608,0,0
BRDA:1,608,1,228
BRDA:1,609,0,228
BRDA:1,609,1,0
BRDA:1,610,0,228
BRDA:1,610,1,19
BRDA:1,610,2,0
BRDA:1,611,0,228
BRDA:1,611,1,19
BRDA:1,611,2,2
BRDA:1,611,3,2
BRDA:1,611,4,2
BRDA:1,612,0,0
BRDA:1,612,1,0
BRDA:1,613,0,0
BRDA:1,613,1,0
BRDA:1,614,0,25
BRDA:1,614,1,4
BRDA:1,615,0,25
BRDA:1,615,1,21
BRDA:1,616,0,2
BRDA:1,616,1,129
BRDA:1,617,0,0
BRDA:1,617,1,129
BRDA:1,618,0,2
BRDA:1,618,1,129
BRDA:1,619,0,131
BRDA:1,619,1,2
BRDA:1,620,0,2
BRDA:1,620,1,0
BRDA:1,621,0,2
BRDA:1,621,1,1
BRDA:1,622,0,3
BRDA:1,622,1,0
BRDA:1,623,0,3
BRDA:1,623,1,0
BRDA:1,624,0,3
BRDA:1,624,1,3
BRDA:1,624,2,0
BRDA:1,625,0,0
BRDA:1,625,1,6
BRDA:1,626,0,6
BRDA:1,626,1,0
BRDA:1,627,0,6
BRDA:1,627,1,3
BRDA:1,627,2,0
BRDA:1,628,0,0
BRDA:1,628,1,129
BRDA:1,629,0,0
BRDA:1,629,1,129
BRDA:1,630,0,0
BRDA:1,630,1,129
BRDA:1,631,0,0
BRDA:1,631,1,0
BRDA:1,632,0,0
BRDA:1,632,1,0
BRDA:1,632,2,0
BRDA:1,633,0,129
BRDA:1,633,1,0
BRDA:1,633,2,0
BRDA:1,633,3,0
BRDA:1,634,0,0
BRDA:1,634,1,0
BRDA:1,635,0,0
BRDA:1,635,1,0
BRDA:1,636,0,0
BRDA:1,636,1,0
BRDA:1,637,0,0
BRDA:1,637,1,0
BRDA:1,638,0,0
BRDA:1,638,1,0
BRDA:1,639,0,0
BRDA:1,639,1,0
BRDA:1,640,0,0
BRDA:1,640,1,0
BRDA:1,641,0,0
BRDA:1,641,1,0
BRDA:1,642,0,0
BRDA:1,642,1,0
BRDA:1,643,0,0
BRDA:1,643,1,0
BRDA:1,644,0,0
BRDA:1,644,1,0
BRDA:1,645,0,0
BRDA:1,645,1,0
BRDA:1,646,0,1
BRDA:1,646,1,128
BRDA:1,647,0,1
BRDA:1,647,1,0
BRDA:1,648,0,1
BRDA:1,648,1,127
BRDA:1,649,0,129
BRDA:1,649,1,1
BRDA:1,649,2,0
BRDA:1,650,0,129
BRDA:1,650,1,2
BRDA:1,651,0,4
BRDA:1,651,1,110
BRDA:1,652,0,114
BRDA:1,652,1,4
BRDA:1,652,2,4
BRDA:1,652,3,4
BRDA:1,653,0,7
BRDA:1,653,1,0
BRDA:1,654,0,8
BRDA:1,654,1,8
BRDA:1,655,0,3
BRDA:1,655,1,12
BRDA:1,656,0,3
BRDA:1,656,1,9
BRDA:1,657,0,9
BRDA:1,657,1,0
BRDA:1,658,0,15
BRDA:1,658,1,6
BRDA:1,658,2,3
BRDA:1,658,3,3
BRDA:1,659,0,12
BRDA:1,659,1,3
BRDA:1,659,2,3
BRDA:1,659,3,3
BRDA:1,659,4,3
BRDA:1,660,0,6
BRDA:1,660,1,3
BRDA:1,661,0,0
BRDA:1,661,1,3
BRDA:1,662,0,2
BRDA:1,662,1,1
BRDA:1,663,0,2
BRDA:1,663,1,2
BRDA:1,664,0,1
BRDA:1,664,1,0
BRDA:1,665,0,1
BRDA:1,665,1,1
BRDA:1,666,0,3
BRDA:1,666,1,2
BRDA:1,666,2,2
BRDA:1,667,0,3
BRDA:1,667,1,2
BRDA:1,668,0,1
BRDA:1,668,1,1
BRDA:1,669,0,114
BRDA:1,669,1,114
BRDA:1,670,0,0
BRDA:1,670,1,114
BRDA:1,671,0,0
BRDA:1,671,1,0
BRDA:1,672,0,228
BRDA:1,672,1,121
BRDA:1,672,2,121
BRDA:1,673,0,114
BRDA:1,673,1,7
BRDA:1,674,0,62
BRDA:1,674,1,166
BRDA:1,675,0,22
BRDA:1,675,1,144
BRDA:1,676,0,13
BRDA:1,676,1,131
BRDA:1,677,0,2
BRDA:1,677,1,129
BRDA:1,678,0,2
BRDA:1,678,1,127
BRDA:1,679,0,13
BRDA:1,679,1,114
BRDA:1,680,0,4
BRDA:1,680,1,110
BRDA:1,681,0,1
BRDA:1,681,1,109
BRDA:1,682,0,0
BRDA:1,682,1,109
BRDA:1,683,0,1
BRDA:1,683,1,108
BRDA:1,684,0,1
BRDA:1,684,1,107
BRDA:1,685,0,0
BRDA:1,685,1,107
BRDA:1,686,0,0
BRDA:1,686,1,107
BRDA:1,687,0,13
BRDA:1,687,1,131
BRDA:1,688,0,0
BRDA:1,688,1,109
BRDA:1,689,0,0
BRDA:1,689,1,0
BRDA:1,690,0,109
BRDA:1,690,1,0
BRDA:1,690,2,0
BRDA:1,691,0,109
BRDA:1,691,1,0
BRDA:1,692,0,0
BRDA:1,692,1,107
BRDA:1,693,0,107
BRDA:1,693,1,0
BRDA:1,694,0,0
BRDA:1,694,1,107
BRDA:1,695,0,107
BRDA:1,695,1,0
BRDA:1,696,0,60
BRDA:1,696,1,5
BRDA:1,697,0,1
BRDA:1,697,1,4
BRDA:1,698,0,64
BRDA:1,698,1,1
BRDA:1,699,0,64
BRDA:1,699,1,64
BRDA:1,699,2,60
BRDA:1,700,0,1
BRDA:1,700,1,11
BRDA:1,701,0,12
BRDA:1,701,1,1
BRDA:1,701,2,1
BRDA:1,702,0,2
BRDA:1,702,1,269
BRDA:1,703,0,14
BRDA:1,703,1,255
BRDA:1,704,0,271
BRDA:1,704,1,3
BRDA:1,705,0,15
BRDA:1,705,1,257
BRDA:1,706,0,15
BRDA:1,706,1,0
BRDA:1,707,0,1
BRDA:1,707,1,256
BRDA:1,708,0,1
BRDA:1,708,1,0
BRDA:1,709,0,272
BRDA:1,709,1,18
BRDA:1,709,2,18
BRDA:1,709,3,18
BRDA:1,710,0,18
BRDA:1,710,1,18
BRDA:1,710,2,18
BRDA:1,710,3,18
BRDA:1,711,0,257
BRDA:1,711,1,2
BRDA:1,711,2,1
BRDA:1,711,3,1
BRDA:1,711,4,1
BRDA:1,712,0,1
BRDA:1,712,1,1
BRDA:1,712,2,1
BRDA:1,712,3,1
BRDA:1,713,0,1
BRDA:1,713,1,254
BRDA:1,714,0,10
BRDA:1,714,1,244
BRDA:1,715,0,10
BRDA:1,715,1,1
BRDA:1,716,0,255
BRDA:1,716,1,12
BRDA:1,716,2,12
BRDA:1,716,3,12
BRDA:1,716,4,11
BRDA:1,717,0,254
BRDA:1,717,1,11
BRDA:1,717,2,11
BRDA:1,717,3,11
BRDA:1,718,0,0
BRDA:1,718,1,12
BRDA:1,719,0,1
BRDA:1,719,1,11
BRDA:1,720,0,1
BRDA:1,720,1,1
BRDA:1,721,0,12
BRDA:1,721,1,1
BRDA:1,721,2,1
BRDA:1,721,3,1
BRDA:1,721,4,1
BRDA:1,722,0,12
BRDA:1,722,1,1
BRDA:1,722,2,1
BRDA:1,722,3,1
BRDA:1,723,0,2
BRDA:1,723,1,9
BRDA:1,724,0,11
BRDA:1,724,1,2
BRDA:1,724,2,2
BRDA:1,725,0,1
BRDA:1,725,1,243
BRDA:1,726,0,3
BRDA:1,726,1,240
BRDA:1,727,0,244
BRDA:1,727,1,1
BRDA:1,728,0,4
BRDA:1,728,1,240
BRDA:1,729,0,4
BRDA:1,729,1,0
BRDA:1,730,0,4
BRDA:1,730,1,3
BRDA:1,731,0,4
BRDA:1,731,1,240
BRDA:1,732,0,244
BRDA:1,732,1,4
BRDA:1,733,0,0
BRDA:1,733,1,4
BRDA:1,734,0,4
BRDA:1,734,1,4
BRDA:1,735,0,4
BRDA:1,735,1,0
BRDA:1,736,0,4
BRDA:1,736,1,4
BRDA:1,737,0,0
BRDA:1,737,1,240
BRDA:1,738,0,0
BRDA:1,738,1,0
BRDA:1,739,0,1
BRDA:1,739,1,239
BRDA:1,740,0,0
BRDA:1,740,1,239
BRDA:1,741,0,0
BRDA:1,741,1,0
BRDA:1,742,0,0
BRDA:1,742,1,239
BRDA:1,743,0,240
BRDA:1,743,1,1
BRDA:1,743,2,0
BRDA:1,743,3,0
BRDA:1,744,0,0
BRDA:1,744,1,0
BRDA:1,744,2,0
BRDA:1,745,0,240
BRDA:1,745,1,1
BRDA:1,745,2,1
BRDA:1,745,3,1
BRDA:1,746,0,239
BRDA:1,746,1,1
BRDA:1,746,2,0
BRDA:1,746,3,0
BRDA:1,746,4,0
BRDA:1,747,0,0
BRDA:1,747,1,0
BRDA:1,747,2,0
BRDA:1,748,0,239
BRDA:1,748,1,1
BRDA:1,748,2,0
BRDA:1,748,3,0
BRDA:1,748,4,0
BRDA:1,749,0,0
BRDA:1,749,1,1
BRDA:1,750,0,1
BRDA:1,750,1,0
BRDA:1,751,0,1
BRDA:1,751,1,1
BRDA:1,751,2,0
BRDA:1,751,3,0
BRDA:1,751,4,0
BRDA:1,751,5,0
BRDA:1,752,0,9
BRDA:1,752,1,230
BRDA:1,753,0,239
BRDA:1,753,1,231
BRDA:1,753,2,9
BRDA:1,754,0,231
BRDA:1,754,1,1
BRDA:1,755,0,1
BRDA:1,755,1,8
BRDA:1,756,0,9
BRDA:1,756,1,0
BRDA:1,757,0,9
BRDA:1,757,1,9
BRDA:1,757,2,9
BRDA:1,758,0,9
BRDA:1,758,1,1
BRDA:1,759,0,240
BRDA:1,759,1,9
BRDA:1,759,2,9
BRDA:1,760,0,1
BRDA:1,760,1,229
BRDA:1,761,0,1
BRDA:1,761,1,228
BRDA:1,762,0,1
BRDA:1,762,1,1
BRDA:1,763,0,1
BRDA:1,763,1,0
BRDA:1,764,0,1
BRDA:1,764,1,0
BRDA:1,765,0,230
BRDA:1,765,1,2
BRDA:1,765,2,2
BRDA:1,765,3,2
BRDA:1,766,0,229
BRDA:1,766,1,1
BRDA:1,766,2,1
BRDA:1,766,3,1
BRDA:1,767,0,1
BRDA:1,767,1,2
BRDA:1,768,0,3
BRDA:1,768,1,1
BRDA:1,768,2,1
BRDA:1,769,0,0
BRDA:1,769,1,2
BRDA:1,770,0,0
BRDA:1,770,1,0
BRDA:1,771,0,1
BRDA:1,771,1,1
BRDA:1,772,0,0
BRDA:1,772,1,2
BRDA:1,773,0,2
BRDA:1,773,1,1
BRDA:1,774,0,0
BRDA:1,774,1,0
BRDA:1,775,0,0
BRDA:1,775,1,0
BRDA:1,776,0,0
BRDA:1,776,1,0
BRDA:1,777,0,0
BRDA:1,777,1,0
BRDA:1,778,0,2
BRDA:1,778,1,1
BRDA:1,778,2,1
BRDA:1,779,0,2
BRDA:1,779,1,226
BRDA:1,780,0,2
BRDA:1,780,1,0
BRDA:1,781,0,228
BRDA:1,781,1,2
BRDA:1,781,2,2
BRDA:1,781,3,2
BRDA:1,782,0,3
BRDA:1,782,1,223
BRDA:1,783,0,3
BRDA:1,783,1,10
BRDA:1,784,0,226
BRDA:1,784,1,3
BRDA:1,785,0,226
BRDA:1,785,1,3
BRDA:1,785,2,3
BRDA:1,785,3,3
BRDA:1,786,0,3
BRDA:1,786,1,3
BRDA:1,786,2,3
BRDA:1,787,0,0
BRDA:1,787,1,3
BRDA:1,788,0,0
BRDA:1,788,1,0
BRDA:1,789,0,3
BRDA:1,789,1,0
BRDA:1,790,0,3
BRDA:1,790,1,3
BRDA:1,791,0,10
BRDA:1,791,1,3
BRDA:1,792,0,10
BRDA:1,792,1,0
BRDA:1,793,0,13
BRDA:1,793,1,10
BRDA:1,793,2,10
BRDA:1,794,0,10
BRDA:1,794,1,10
BRDA:1,795,0,0
BRDA:1,795,1,10
BRDA:1,796,0,10
BRDA:1,796,1,0
BRDA:1,797,0,0
BRDA:1,797,1,10
BRDA:1,798,0,10
BRDA:1,798,1,10
BRDA:1,799,0,0
BRDA:1,799,1,11
BRDA:1,800,0,11
BRDA:1,800,1,0
BRDA:1,801,0,11
BRDA:1,801,1,11
BRDA:1,802,0,11
BRDA:1,802,1,0
BRDA:1,803,0,11
BRDA:1,803,1,0
BRDA:1,804,0,6
BRDA:1,804,1,8
BRDA:1,805,0,14
BRDA:1,805,1,13
BRDA:1,805,2,12
BRDA:1,805,3,12
BRDA:1,805,4,6
BRDA:1,806,0,1
BRDA:1,806,1,0
BRDA:1,807,0,0
BRDA:1,807,1,0
BRDA:1,808,0,0
BRDA:1,808,1,15
BRDA:1,809,0,15
BRDA:1,809,1,0
BRDA:1,810,0,0
BRDA:1,810,1,15
BRDA:1,811,0,15
BRDA:1,811,1,15
BRDA:1,811,2,0
BRDA:1,812,0,15
BRDA:1,812,1,0
BRDA:1,813,0,15
BRDA:1,813,1,6
BRDA:1,814,0,21
BRDA:1,814,1,21
BRDA:1,815,0,10
BRDA:1,815,1,5
BRDA:1,816,0,15
BRDA:1,816,1,0
BRDA:1,817,0,0
BRDA:1,817,1,6
BRDA:1,818,0,7
BRDA:1,818,1,14
BRDA:1,819,0,6
BRDA:1,819,1,8
BRDA:1,820,0,1
BRDA:1,820,1,7
BRDA:1,821,0,0
BRDA:1,821,1,7
BRDA:1,822,0,0
BRDA:1,822,1,7
BRDA:1,823,0,1
BRDA:1,823,1,6
BRDA:1,824,0,0
BRDA:1,824,1,6
BRDA:1,825,0,6
BRDA:1,825,1,0
BRDA:1,826,0,7
BRDA:1,826,1,14
BRDA:1,827,0,21
BRDA:1,827,1,7
BRDA:1,827,2,7
BRDA:1,828,0,0
BRDA:1,828,1,14
BRDA:1,829,0,0
BRDA:1,829,1,14
BRDA:1,830,0,0
BRDA:1,830,1,14
BRDA:1,831,0,0
BRDA:1,831,1,14
BRDA:1,832,0,0
BRDA:1,832,1,14
BRDA:1,833,0,6
BRDA:1,833,1,8
BRDA:1,834,0,1
BRDA:1,834,1,7
BRDA:1,835,0,0
BRDA:1,835,1,7
BRDA:1,836,0,7
BRDA:1,836,1,0
BRDA:1,836,2,0
BRDA:1,836,3,0
BRDA:1,837,0,0
BRDA:1,837,1,7
BRDA:1,838,0,7
BRDA:1,838,1,0
BRDA:1,838,2,0
BRDA:1,839,0,1
BRDA:1,839,1,6
BRDA:1,840,0,1
BRDA:1,840,1,1
BRDA:1,841,0,0
BRDA:1,841,1,6
BRDA:1,842,0,0
BRDA:1,842,1,0
BRDA:1,843,0,7
BRDA:1,843,1,1
BRDA:1,844,0,6
BRDA:1,844,1,0
BRDA:1,845,0,0
BRDA:1,845,1,6
BRDA:1,846,0,0
BRDA:1,846,1,6
BRDA:1,847,0,0
BRDA:1,847,1,6
BRDA:1,848,0,0
BRDA:1,848,1,6
BRDA:1,849,0,6
BRDA:1,849,1,0
BRDA:1,850,0,6
BRDA:1,850,1,0
BRDA:1,850,2,0
BRDA:1,851,0,6
BRDA:1,851,1,0
BRDA:1,851,2,0
BRDA:1,851,3,0
BRDA:1,851,4,0
BRDA:1,852,0,6
BRDA:1,852,1,0
BRDA:1,852,2,0
BRDA:1,853,0,0
BRDA:1,853,1,0
BRDA:1,854,0,0
BRDA:1,854,1,0
BRDA:1,855,0,0
BRDA:1,855,1,0
BRDA:1,856,0,0
BRDA:1,856,1,0
BRDA:1,857,0,0
BRDA:1,857,1,0
BRDA:1,858,0,0
BRDA:1,858,1,0
BRDA:1,858,2,0
BRDA:1,859,0,4
BRDA:1,859,1,2
BRDA:1,860,0,2
BRDA:1,860,1,0
BRDA:1,861,0,0
BRDA:1,861,1,0
BRDA:1,862,0,0
BRDA:1,862,1,0
BRDA:1,863,0,6
BRDA:1,863,1,6
BRDA:1,863,2,6
BRDA:1,864,0,2
BRDA:1,864,1,2
BRDA:1,864,2,2
BRDA:1,864,3,2
BRDA:1,865,0,0
BRDA:1,865,1,0
BRDA:1,865,2,0
BRDA:1,865,3,0
BRDA:1,866,0,0
BRDA:1,866,1,0
BRDA:1,866,2,0
BRDA:1,866,3,0
BRDA:1,866,4,0
BRDA:1,866,5,0
BRDA:1,867,0,2
BRDA:1,867,1,0
BRDA:1,868,0,0
BRDA:1,868,1,0
BRDA:1,869,0,0
BRDA:1,869,1,0
BRDA:1,870,0,0
BRDA:1,870,1,0
BRDA:1,870,2,0
BRDA:1,871,0,16
BRDA:1,871,1,255
BRDA:1,872,0,11
BRDA:1,872,1,244
BRDA:1,873,0,4
BRDA:1,873,1,240
BRDA:1,874,0,1
BRDA:1,874,1,239
BRDA:1,875,0,9
BRDA:1,875,1,230
BRDA:1,876,0,2
BRDA:1,876,1,228
BRDA:1,877,0,2
BRDA:1,877,1,226
BRDA:1,878,0,3
BRDA:1,878,1,223
BRDA:1,879,0,97
BRDA:1,879,1,13
BRDA:1,880,0,97
BRDA:1,880,1,161
BRDA:1,881,0,113
BRDA:1,881,1,48
BRDA:1,882,0,48
BRDA:1,882,1,223
BRDA:1,883,0,113
BRDA:1,883,1,110
BRDA:1,884,0,46
BRDA:1,884,1,46
BRDA:1,884,2,0
BRDA:1,885,0,0
BRDA:1,885,1,46
BRDA:1,886,0,35
BRDA:1,886,1,11
BRDA:1,887,0,35
BRDA:1,887,1,0
BRDA:1,888,0,35
BRDA:1,888,1,1
BRDA:1,889,0,35
BRDA:1,889,1,34
BRDA:1,889,2,34
BRDA:1,890,0,46
BRDA:1,890,1,46
BRDA:1,891,0,54
BRDA:1,891,1,0
BRDA:1,892,0,54
BRDA:1,892,1,19
BRDA:1,893,0,260
BRDA:1,893,1,207
BRDA:1,894,0,260
BRDA:1,894,1,165
BRDA:1,895,0,38
BRDA:1,895,1,127
BRDA:1,896,0,165
BRDA:1,896,1,151
BRDA:1,897,0,46
BRDA:1,897,1,46
BRDA:1,898,0,46
BRDA:1,898,1,0
BRDA:1,899,0,0
BRDA:1,899,1,0
BRDA:1,900,0,0
BRDA:1,900,1,0
BRDA:1,901,0,0
BRDA:1,901,1,0
BRDA:1,902,0,0
BRDA:1,902,1,0
BRDA:1,903,0,0
BRDA:1,903,1,0
BRDA:1,904,0,0
BRDA:1,904,1,0
BRDA:1,905,0,0
BRDA:1,905,1,0
BRDA:1,906,0,0
BRDA:1,906,1,0
BRDA:1,906,2,0
BRDA:1,906,3,0
BRDA:1,907,0,46
BRDA:1,907,1,46
BRDA:1,908,0,46
BRDA:1,908,1,46
BRDA:1,909,0,77
BRDA:1,909,1,77
BRDA:1,910,0,25
BRDA:1,910,1,25
BRDA:1,911,0,46
BRDA:1,911,1,46
BRDA:1,912,0,190
BRDA:1,912,1,190
BRDA:1,913,0,53
BRDA:1,913,1,53
BRDA:1,914,0,2
BRDA:1,914,1,2
BRDA:1,915,0,6
BRDA:1,915,1,6
BRDA:1,916,0,0
BRDA:1,916,1,0
BRDA:1,917,0,5397
BRDA:1,917,1,5397
BRDA:1,918,0,2488
BRDA:1,918,1,2488
BRDA:1,919,0,0
BRDA:1,919,1,0
BRDA:1,920,0,0
BRDA:1,920,1,0
BRDA:1,921,0,0
BRDA:1,921,1,0
BRDA:1,922,0,0
BRDA:1,922,1,0
BRDA:1,923,0,4
BRDA:1,923,1,4
BRDA:1,924,0,0
BRDA:1,924,1,0
BRDA:1,925,0,0
BRDA:1,925,1,0
BRDA:1,926,0,0
BRDA:1,926,1,0
BRDA:1,927,0,0
BRDA:1,927,1,0
BRDA:1,928,0,113
BRDA:1,928,1,63
BRDA:1,929,0,11
BRDA:1,929,1,2
BRDA:1,930,0,11
BRDA:1,930,1,0
BRDA:1,931,0,11
BRDA:1,931,1,8
BRDA:1,931,2,8
BRDA:1,931,3,11
BRDA:1,931,4,2
BRDA:1,931,5,2
BRDA:1,932,0,8
BRDA:1,932,1,3
BRDA:1,933,0,11
BRDA:1,933,1,3
BRDA:1,934,0,0
BRDA:1,934,1,0
BRDA:1,935,0,0
BRDA:1,935,1,0
BRDA:1,935,2,0
BRDA:1,935,3,0
BRDA:1,936,0,0
BRDA:1,936,1,0
BRDA:1,937,0,0
BRDA:1,937,1,0
BRDA:1,938,0,2
BRDA:1,938,1,0
BRDA:1,939,0,2
BRDA:1,939,1,0
BRDA:1,939,2,2
BRDA:1,939,3,0
BRDA:1,940,0,0
BRDA:1,940,1,2
BRDA:1,941,0,2
BRDA:1,941,1,2
BRDA:1,942,0,46
BRDA:1,942,1,46
BRDA:1,942,2,46
BRDA:1,943,0,46
BRDA:1,943,1,46
BRDA:1,943,2,46
BRDA:1,944,0,46
BRDA:1,944,1,46
BRDA:1,944,2,46
BRDA:1,945,0,31
BRDA:1,945,1,101
BRDA:1,946,0,99
BRDA:1,946,1,2
BRDA:1,947,0,2
BRDA:1,947,1,1
BRDA:1,948,0,46
BRDA:1,948,1,46
BRDA:1,948,2,46
BRDA:1,949,0,65
BRDA:1,949,1,102
BRDA:1,950,0,3
BRDA:1,950,1,62
BRDA:1,951,0,96
BRDA:1,951,1,6
BRDA:1,952,0,95
BRDA:1,952,1,1
BRDA:1,953,0,6
BRDA:1,953,1,0
BRDA:1,954,0,46
BRDA:1,954,1,46
BRDA:1,954,2,46
BRDA:1,955,0,9
BRDA:1,955,1,8
BRDA:1,956,0,46
BRDA:1,956,1,46
BRDA:1,956,2,46
BRDA:1,957,0,46
BRDA:1,957,1,46
BRDA:1,957,2,46
BRDA:1,958,0,46
BRDA:1,958,1,46
BRDA:1,958,2,46
BRDA:1,959,0,46
BRDA:1,959,1,46
BRDA:1,959,2,46
BRDA:1,960,0,46
BRDA:1,960,1,46
BRDA:1,960,2,46
BRDA:1,961,0,46
BRDA:1,961,1,46
BRDA:1,961,2,46
BRDA:1,962,0,8
BRDA:1,962,1,4
BRDA:1,963,0,46
BRDA:1,963,1,46
BRDA:1,963,2,46
BRDA:1,964,0,46
BRDA:1,964,1,46
BRDA:1,964,2,46
BRDA:1,965,0,53
BRDA:1,965,1,2
BRDA:1,966,0,52
BRDA:1,966,1,1
BRDA:1,967,0,3
BRDA:1,967,1,25
BRDA:1,967,2,0
BRDA:1,967,3,6
BRDA:1,967,4,7
BRDA:1,967,5,2
BRDA:1,967,6,6
BRDA:1,967,7,0
BRDA:1,967,8,0
BRDA:1,967,9,0
BRDA:1,967,10,0
BRDA:1,968,0,52
BRDA:1,968,1,46
BRDA:1,969,0,46
BRDA:1,969,1,46
BRDA:1,969,2,46
BRDA:1,970,0,46
BRDA:1,970,1,46
BRDA:1,970,2,46
BRDA:1,971,0,46
BRDA:1,971,1,46
BRDA:1,971,2,46
BRDA:1,972,0,46
BRDA:1,972,1,46
BRDA:1,972,2,46
BRDA:1,973,0,46
BRDA:1,973,1,46
BRDA:1,973,2,46
BRDA:1,974,0,1
BRDA:1,974,1,0
BRDA:1,975,0,46
BRDA:1,975,1,46
BRDA:1,975,2,46
BRDA:1,976,0,46
BRDA:1,976,1,46
BRDA:1,976,2,46
BRDA:1,977,0,46
BRDA:1,977,1,46
BRDA:1,977,2,46
BRDA:1,978,0,0
BRDA:1,978,1,3
BRDA:1,979,0,3
BRDA:1,979,1,3
BRDA:1,979,2,3
BRDA:1,979,3,0
BRDA:1,980,0,0
BRDA:1,980,1,3
BRDA:1,981,0,3
BRDA:1,981,1,0
BRDA:1,981,2,0
BRDA:1,982,0,0
BRDA:1,982,1,0
BRDA:1,983,0,46
BRDA:1,983,1,46
BRDA:1,983,2,46
BRDA:1,984,0,26
BRDA:1,984,1,0
BRDA:1,985,0,25
BRDA:1,985,1,1
BRDA:1,986,0,0
BRDA:1,986,1,25
BRDA:1,987,0,24
BRDA:1,987,1,1
BRDA:1,988,0,11
BRDA:1,988,1,24
BRDA:1,989,0,0
BRDA:1,989,1,11
BRDA:1,990,0,3
BRDA:1,990,1,22
BRDA:1,991,0,3
BRDA:1,991,1,0
BRDA:1,992,0,2
BRDA:1,992,1,1
BRDA:1,993,0,3
BRDA:1,993,1,2
BRDA:1,994,0,0
BRDA:1,994,1,2
BRDA:1,995,0,0
BRDA:1,995,1,2
BRDA:1,996,0,0
BRDA:1,996,1,2
BRDA:1,997,0,1
BRDA:1,997,1,0
BRDA:1,998,0,46
BRDA:1,998,1,46
BRDA:1,998,2,46
BRDA:1,999,0,46
BRDA:1,999,1,46
BRDA:1,999,2,46
BRDA:1,1000,0,0
BRDA:1,1000,1,0
BRDA:1,1000,2,0
BRDA:1,1001,0,46
BRDA:1,1001,1,46
BRDA:1,1001,2,46
BRDA:1,1002,0,1
BRDA:1,1002,1,15
BRDA:1,1003,0,46
BRDA:1,1003,1,46
BRDA:1,1003,2,46
BRDA:1,1004,0,46
BRDA:1,1004,1,46
BRDA:1,1004,2,46
BRDA:1,1005,0,46
BRDA:1,1005,1,46
BRDA:1,1005,2,46
BRDA:1,1006,0,0
BRDA:1,1006,1,0
BRDA:1,1007,0,46
BRDA:1,1007,1,46
BRDA:1,1007,2,46
BRDA:1,1008,0,0
BRDA:1,1008,1,0
BRDA:1,1009,0,46
BRDA:1,1009,1,46
BRDA:1,1009,2,46
BRDA:1,1010,0,46
BRDA:1,1010,1,46
BRDA:1,1010,2,46
BRDA:1,1011,0,46
BRDA:1,1011,1,46
BRDA:1,1011,2,46
BRDA:1,1012,0,46
BRDA:1,1012,1,46
BRDA:1,1012,2,46
BRDA:1,1013,0,46
BRDA:1,1013,1,46
BRDA:1,1013,2,46
BRDA:1,1014,0,46
BRDA:1,1014,1,46
BRDA:1,1014,2,46
BRDA:1,1015,0,11
BRDA:1,1015,1,0
BRDA:1,1016,0,46
BRDA:1,1016,1,46
BRDA:1,1016,2,46
BRDA:1,1017,0,46
BRDA:1,1017,1,46
BRDA:1,1017,2,46
BRDA:1,1018,0,46
BRDA:1,1018,1,46
BRDA:1,1018,2,46
BRDA:1,1019,0,46
BRDA:1,1019,1,46
BRDA:1,1019,2,46
BRDA:1,1020,0,46
BRDA:1,1020,1,46
BRDA:1,1020,2,46
BRDA:1,1021,0,46
BRDA:1,1021,1,46
BRDA:1,1021,2,46
BRDA:1,1022,0,46
BRDA:1,1022,1,46
BRDA:1,1022,2,46
BRDA:1,1023,0,3
BRDA:1,1023,1,0
BRDA:1,1024,0,46
BRDA:1,1024,1,46
BRDA:1,1024,2,46
BRDA:1,1025,0,46
BRDA:1,1025,1,46
BRDA:1,1025,2,46
BRDA:1,1026,0,46
BRDA:1,1026,1,46
BRDA:1,1026,2,46
BRDA:1,1027,0,13
BRDA:1,1027,1,2
BRDA:1,1028,0,0
BRDA:1,1028,1,13
BRDA:1,1029,0,0
BRDA:1,1029,1,13
BRDA:1,1030,0,13
BRDA:1,1030,1,9
BRDA:1,1031,0,9
BRDA:1,1031,1,1
BRDA:1,1032,0,13
BRDA:1,1032,1,7
BRDA:1,1033,0,1
BRDA:1,1033,1,1
BRDA:1,1034,0,0
BRDA:1,1034,1,1
BRDA:1,1035,0,1
BRDA:1,1035,1,0
BRDA:1,1036,0,1
BRDA:1,1036,1,0
BRDA:1,1037,0,1
BRDA:1,1037,1,1
BRDA:1,1038,0,1
BRDA:1,1038,1,0
BRDA:1,1039,0,1
BRDA:1,1039,1,0
BRDA:1,1040,0,46
BRDA:1,1040,1,46
BRDA:1,1040,2,46
BRDA:1,1041,0,46
BRDA:1,1041,1,46
BRDA:1,1041,2,46
BRDA:1,1042,0,3
BRDA:1,1042,1,0
BRDA:1,1043,0,3
BRDA:1,1043,1,0
BRDA:1,1044,0,5
BRDA:1,1044,1,1
BRDA:1,1045,0,5
BRDA:1,1045,1,1
BRDA:1,1046,0,46
BRDA:1,1046,1,46
BRDA:1,1046,2,46
BRDA:1,1047,0,46
BRDA:1,1047,1,46
BRDA:1,1047,2,46
BRDA:1,1048,0,46
BRDA:1,1048,1,46
BRDA:1,1048,2,46
BRDA:1,1049,0,46
BRDA:1,1049,1,46
BRDA:1,1049,2,46
BRDA:1,1050,0,46
BRDA:1,1050,1,46
BRDA:1,1050,2,46
BRDA:1,1051,0,46
BRDA:1,1051,1,46
BRDA:1,1051,2,46
BRDA:1,1052,0,46
BRDA:1,1052,1,46
BRDA:1,1052,2,46
BRDA:1,1053,0,46
BRDA:1,1053,1,46
BRDA:1,1053,2,46
BRDA:1,1054,0,46
BRDA:1,1054,1,46
BRDA:1,1054,2,46
BRDA:1,1055,0,46
BRDA:1,1055,1,46
BRDA:1,1055,2,46
BRDA:1,1056,0,46
BRDA:1,1056,1,46
BRDA:1,1056,2,46
BRDA:1,1057,0,46
BRDA:1,1057,1,46
BRDA:1,1057,2,46
BRDA:1,1058,0,46
BRDA:1,1058,1,46
BRDA:1,1058,2,46
BRDA:1,1059,0,46
BRDA:1,1059,1,46
BRDA:1,1059,2,46
BRDA:1,1060,0,46
BRDA:1,1060,1,46
BRDA:1,1060,2,46
BRDA:1,1061,0,46
BRDA:1,1061,1,46
BRDA:1,1061,2,46
BRDA:1,1062,0,46
BRDA:1,1062,1,46
BRDA:1,1062,2,46
BRDA:1,1063,0,46
BRDA:1,1063,1,46
BRDA:1,1063,2,46
BRDA:1,1064,0,656
BRDA:1,1064,1,15
BRDA:1,1065,0,656
BRDA:1,1065,1,0
BRDA:1,1066,0,656
BRDA:1,1066,1,264
BRDA:1,1067,0,207
BRDA:1,1067,1,113
BRDA:1,1068,0,46
BRDA:1,1068,1,35
BRF:2450
BRH:1669
end_of_record
